<?xml version="1.0" encoding="UTF-8"?>
<coverage generated="1784833049580" clover="3.2.0">
  <project timestamp="1784833049580" name="All files">
    <metrics statements="497" coveredstatements="433" conditionals="386" coveredconditionals="262" methods="84" coveredmethods="69" elements="967" coveredelements="764" complexity="0" loc="497" ncloc="497" packages="4" files="12" classes="12"/>
    <package name="controllers">
      <metrics statements="60" coveredstatements="57" conditionals="27" coveredconditionals="19" methods="4" coveredmethods="3"/>
      <file name="gdprController.js" path="C:\Users\MSI\OneDrive\Bureau\PFE\blancbleu\server\controllers\gdprController.js">
        <metrics statements="60" coveredstatements="57" conditionals="27" coveredconditionals="19" methods="4" coveredmethods="3"/>
        <line num="1" count="13" type="stmt"/>
        <line num="2" count="13" type="stmt"/>
        <line num="3" count="13" type="stmt"/>
        <line num="4" count="13" type="stmt"/>
        <line num="5" count="13" type="stmt"/>
        <line num="6" count="13" type="stmt"/>
        <line num="7" count="13" type="stmt"/>
        <line num="9" count="13" type="stmt"/>
        <line num="10" count="0" type="cond" truecount="0" falsecount="4"/>
        <line num="19" count="13" type="stmt"/>
        <line num="20" count="3" type="stmt"/>
        <line num="21" count="3" type="stmt"/>
        <line num="23" count="3" type="stmt"/>
        <line num="43" count="3" type="cond" truecount="2" falsecount="0"/>
        <line num="44" count="2" type="stmt"/>
        <line num="46" count="2" type="cond" truecount="2" falsecount="0"/>
        <line num="47" count="1" type="stmt"/>
        <line num="62" count="1" type="stmt"/>
        <line num="76" count="1" type="stmt"/>
        <line num="77" count="1" type="stmt"/>
        <line num="78" count="1" type="stmt"/>
        <line num="82" count="3" type="stmt"/>
        <line num="83" count="3" type="stmt"/>
        <line num="87" count="3" type="stmt"/>
        <line num="89" count="0" type="stmt"/>
        <line num="100" count="13" type="stmt"/>
        <line num="101" count="4" type="stmt"/>
        <line num="102" count="4" type="stmt"/>
        <line num="104" count="4" type="cond" truecount="2" falsecount="0"/>
        <line num="105" count="1" type="stmt"/>
        <line num="108" count="3" type="stmt"/>
        <line num="109" count="3" type="stmt"/>
        <line num="110" count="3" type="cond" truecount="2" falsecount="0"/>
        <line num="111" count="1" type="stmt"/>
        <line num="114" count="2" type="stmt"/>
        <line num="116" count="2" type="cond" truecount="2" falsecount="0"/>
        <line num="117" count="1" type="stmt"/>
        <line num="119" count="1" type="cond" truecount="1" falsecount="1"/>
        <line num="121" count="1" type="stmt"/>
        <line num="134" count="1" type="stmt"/>
        <line num="146" count="1" type="stmt"/>
        <line num="156" count="1" type="stmt"/>
        <line num="161" count="2" type="stmt"/>
        <line num="172" count="2" type="stmt"/>
        <line num="175" count="2" type="stmt"/>
        <line num="178" count="2" type="stmt"/>
        <line num="179" count="2" type="stmt"/>
        <line num="181" count="2" type="stmt"/>
        <line num="185" count="0" type="stmt"/>
        <line num="196" count="13" type="stmt"/>
        <line num="197" count="6" type="stmt"/>
        <line num="198" count="6" type="cond" truecount="1" falsecount="1"/>
        <line num="200" count="6" type="cond" truecount="5" falsecount="0"/>
        <line num="201" count="2" type="stmt"/>
        <line num="207" count="4" type="stmt"/>
        <line num="208" count="4" type="stmt"/>
        <line num="215" count="2" type="stmt"/>
        <line num="223" count="2" type="cond" truecount="1" falsecount="1"/>
        <line num="224" count="2" type="stmt"/>
        <line num="231" count="13" type="stmt"/>
      </file>
    </package>
    <package name="middleware">
      <metrics statements="108" coveredstatements="101" conditionals="87" coveredconditionals="67" methods="23" coveredmethods="20"/>
      <file name="auditMiddleware.js" path="C:\Users\MSI\OneDrive\Bureau\PFE\blancbleu\server\middleware\auditMiddleware.js">
        <metrics statements="29" coveredstatements="29" conditionals="50" coveredconditionals="36" methods="7" coveredmethods="7"/>
        <line num="5" count="13" type="stmt"/>
        <line num="8" count="13" type="stmt"/>
        <line num="30" count="145" type="stmt"/>
        <line num="31" count="1287" type="stmt"/>
        <line num="32" count="145" type="cond" truecount="2" falsecount="0"/>
        <line num="39" count="145" type="stmt"/>
        <line num="40" count="145" type="cond" truecount="2" falsecount="0"/>
        <line num="42" count="18" type="stmt"/>
        <line num="43" count="18" type="stmt"/>
        <line num="46" count="18" type="stmt"/>
        <line num="47" count="18" type="stmt"/>
        <line num="48" count="18" type="stmt"/>
        <line num="49" count="18" type="stmt"/>
        <line num="52" count="18" type="stmt"/>
        <line num="53" count="18" type="stmt"/>
        <line num="83" count="18" type="stmt"/>
        <line num="86" count="18" type="stmt"/>
        <line num="90" count="18" type="cond" truecount="1" falsecount="1"/>
        <line num="91" count="18" type="cond" truecount="1" falsecount="1"/>
        <line num="92" count="18" type="cond" truecount="1" falsecount="1"/>
        <line num="93" count="18" type="stmt"/>
        <line num="97" count="18" type="cond" truecount="1" falsecount="1"/>
        <line num="98" count="18" type="cond" truecount="1" falsecount="1"/>
        <line num="99" count="18" type="cond" truecount="1" falsecount="1"/>
        <line num="100" count="18" type="cond" truecount="1" falsecount="1"/>
        <line num="101" count="18" type="cond" truecount="1" falsecount="1"/>
        <line num="102" count="18" type="cond" truecount="1" falsecount="1"/>
        <line num="103" count="18" type="stmt"/>
        <line num="106" count="13" type="stmt"/>
      </file>
      <file name="auth.js" path="C:\Users\MSI\OneDrive\Bureau\PFE\blancbleu\server\middleware\auth.js">
        <metrics statements="26" coveredstatements="24" conditionals="16" coveredconditionals="14" methods="3" coveredmethods="3"/>
        <line num="1" count="14" type="stmt"/>
        <line num="2" count="14" type="stmt"/>
        <line num="3" count="14" type="stmt"/>
        <line num="6" count="14" type="stmt"/>
        <line num="9" count="69" type="cond" truecount="2" falsecount="0"/>
        <line num="10" count="59" type="stmt"/>
        <line num="11" count="10" type="cond" truecount="1" falsecount="1"/>
        <line num="12" count="0" type="stmt"/>
        <line num="15" count="69" type="cond" truecount="2" falsecount="0"/>
        <line num="16" count="10" type="stmt"/>
        <line num="19" count="59" type="stmt"/>
        <line num="20" count="59" type="stmt"/>
        <line num="22" count="58" type="cond" truecount="2" falsecount="0"/>
        <line num="23" count="16" type="stmt"/>
        <line num="24" count="16" type="cond" truecount="2" falsecount="0"/>
        <line num="27" count="57" type="stmt"/>
        <line num="29" count="57" type="cond" truecount="3" falsecount="1"/>
        <line num="30" count="0" type="stmt"/>
        <line num="33" count="57" type="stmt"/>
        <line num="35" count="1" type="stmt"/>
        <line num="40" count="14" type="stmt"/>
        <line num="41" count="950" type="stmt"/>
        <line num="42" count="20" type="cond" truecount="2" falsecount="0"/>
        <line num="43" count="6" type="stmt"/>
        <line num="47" count="14" type="stmt"/>
        <line num="51" count="14" type="stmt"/>
      </file>
      <file name="httpLogger.js" path="C:\Users\MSI\OneDrive\Bureau\PFE\blancbleu\server\middleware\httpLogger.js">
        <metrics statements="9" coveredstatements="9" conditionals="2" coveredconditionals="2" methods="3" coveredmethods="3"/>
        <line num="7" count="13" type="stmt"/>
        <line num="10" count="13" type="stmt"/>
        <line num="13" count="289" type="cond" truecount="2" falsecount="0"/>
        <line num="15" count="144" type="stmt"/>
        <line num="18" count="144" type="stmt"/>
        <line num="19" count="144" type="stmt"/>
        <line num="20" count="144" type="stmt"/>
        <line num="23" count="144" type="stmt"/>
        <line num="26" count="13" type="stmt"/>
      </file>
      <file name="rateLimiter.js" path="C:\Users\MSI\OneDrive\Bureau\PFE\blancbleu\server\middleware\rateLimiter.js">
        <metrics statements="16" coveredstatements="12" conditionals="4" coveredconditionals="1" methods="4" coveredmethods="2"/>
        <line num="1" count="13" type="stmt"/>
        <line num="2" count="13" type="stmt"/>
        <line num="3" count="13" type="stmt"/>
        <line num="6" count="13" type="stmt"/>
        <line num="7" count="0" type="stmt"/>
        <line num="18" count="65" type="cond" truecount="1" falsecount="1"/>
        <line num="19" count="0" type="cond" truecount="0" falsecount="2"/>
        <line num="20" count="0" type="stmt"/>
        <line num="21" count="0" type="stmt"/>
        <line num="28" count="13" type="stmt"/>
        <line num="40" count="13" type="stmt"/>
        <line num="51" count="13" type="stmt"/>
        <line num="62" count="13" type="stmt"/>
        <line num="68" count="145" type="stmt"/>
        <line num="74" count="13" type="stmt"/>
        <line num="84" count="13" type="stmt"/>
      </file>
      <file name="sanitize.js" path="C:\Users\MSI\OneDrive\Bureau\PFE\blancbleu\server\middleware\sanitize.js">
        <metrics statements="18" coveredstatements="17" conditionals="12" coveredconditionals="11" methods="3" coveredmethods="2"/>
        <line num="1" count="13" type="stmt"/>
        <line num="2" count="13" type="stmt"/>
        <line num="3" count="13" type="stmt"/>
        <line num="6" count="13" type="stmt"/>
        <line num="9" count="0" type="stmt"/>
        <line num="18" count="13" type="stmt"/>
        <line num="19" count="145" type="cond" truecount="3" falsecount="1"/>
        <line num="20" count="145" type="stmt"/>
        <line num="22" count="145" type="stmt"/>
        <line num="26" count="381" type="cond" truecount="2" falsecount="0"/>
        <line num="27" count="182" type="cond" truecount="2" falsecount="0"/>
        <line num="28" count="179" type="cond" truecount="4" falsecount="0"/>
        <line num="29" count="158" type="stmt"/>
        <line num="30" count="158" type="stmt"/>
        <line num="31" count="233" type="stmt"/>
        <line num="33" count="158" type="stmt"/>
        <line num="35" count="21" type="stmt"/>
        <line num="38" count="13" type="stmt"/>
      </file>
      <file name="validate.js" path="C:\Users\MSI\OneDrive\Bureau\PFE\blancbleu\server\middleware\validate.js">
        <metrics statements="10" coveredstatements="10" conditionals="3" coveredconditionals="3" methods="3" coveredmethods="3"/>
        <line num="1" count="13" type="stmt"/>
        <line num="10" count="13" type="cond" truecount="1" falsecount="0"/>
        <line num="11" count="52" type="stmt"/>
        <line num="12" count="5" type="stmt"/>
        <line num="18" count="5" type="cond" truecount="2" falsecount="0"/>
        <line num="19" count="8" type="stmt"/>
        <line num="20" count="3" type="stmt"/>
        <line num="27" count="2" type="stmt"/>
        <line num="28" count="2" type="stmt"/>
        <line num="32" count="13" type="stmt"/>
      </file>
    </package>
    <package name="services">
      <metrics statements="206" coveredstatements="178" conditionals="172" coveredconditionals="121" methods="36" coveredmethods="27"/>
      <file name="predictionService.js" path="C:\Users\MSI\OneDrive\Bureau\PFE\blancbleu\server\services\predictionService.js">
        <metrics statements="44" coveredstatements="40" conditionals="17" coveredconditionals="6" methods="3" coveredmethods="3"/>
        <line num="13" count="14" type="stmt"/>
        <line num="14" count="14" type="stmt"/>
        <line num="16" count="14" type="stmt"/>
        <line num="17" count="14" type="stmt"/>
        <line num="18" count="14" type="stmt"/>
        <line num="20" count="14" type="stmt"/>
        <line num="32" count="7" type="cond" truecount="1" falsecount="1"/>
        <line num="33" count="7" type="cond" truecount="1" falsecount="1"/>
        <line num="34" count="7" type="stmt"/>
        <line num="38" count="7" type="cond" truecount="2" falsecount="0"/>
        <line num="47" count="1" type="stmt"/>
        <line num="48" count="1" type="stmt"/>
        <line num="53" count="1" type="stmt"/>
        <line num="85" count="1" type="stmt"/>
        <line num="86" count="1" type="stmt"/>
        <line num="87" count="7" type="stmt"/>
        <line num="88" count="21" type="stmt"/>
        <line num="91" count="1" type="stmt"/>
        <line num="92" count="0" type="stmt"/>
        <line num="93" count="0" type="cond" truecount="0" falsecount="4"/>
        <line num="94" count="0" type="stmt"/>
        <line num="100" count="1" type="stmt"/>
        <line num="105" count="1" type="stmt"/>
        <line num="106" count="1" type="stmt"/>
        <line num="107" count="0" type="cond" truecount="0" falsecount="2"/>
        <line num="111" count="1" type="stmt"/>
        <line num="112" count="1" type="stmt"/>
        <line num="113" count="1" type="stmt"/>
        <line num="115" count="1" type="stmt"/>
        <line num="116" count="7" type="stmt"/>
        <line num="117" count="7" type="stmt"/>
        <line num="119" count="7" type="stmt"/>
        <line num="120" count="7" type="stmt"/>
        <line num="122" count="7" type="stmt"/>
        <line num="123" count="7" type="stmt"/>
        <line num="125" count="7" type="stmt"/>
        <line num="126" count="21" type="stmt"/>
        <line num="127" count="21" type="stmt"/>
        <line num="129" count="21" type="cond" truecount="1" falsecount="1"/>
        <line num="134" count="21" type="stmt"/>
        <line num="135" count="21" type="stmt"/>
        <line num="138" count="7" type="stmt"/>
        <line num="148" count="1" type="stmt"/>
        <line num="155" count="14" type="stmt"/>
      </file>
      <file name="tarifService.js" path="C:\Users\MSI\OneDrive\Bureau\PFE\blancbleu\server\services\tarifService.js">
        <metrics statements="62" coveredstatements="55" conditionals="45" coveredconditionals="36" methods="6" coveredmethods="6"/>
        <line num="18" count="16" type="stmt"/>
        <line num="22" count="16" type="stmt"/>
        <line num="41" count="16" type="stmt"/>
        <line num="44" count="16" type="stmt"/>
        <line num="79" count="186" type="stmt"/>
        <line num="89" count="8" type="stmt"/>
        <line num="90" count="8" type="cond" truecount="2" falsecount="0"/>
        <line num="99" count="7" type="cond" truecount="2" falsecount="0"/>
        <line num="101" count="6" type="stmt"/>
        <line num="102" count="6" type="stmt"/>
        <line num="113" count="3" type="stmt"/>
        <line num="114" count="3" type="cond" truecount="4" falsecount="0"/>
        <line num="115" count="2" type="stmt"/>
        <line num="116" count="2" type="stmt"/>
        <line num="118" count="3" type="stmt"/>
        <line num="160" count="10" type="stmt"/>
        <line num="162" count="10" type="stmt"/>
        <line num="163" count="10" type="cond" truecount="2" falsecount="0"/>
        <line num="164" count="1" type="stmt"/>
        <line num="170" count="9" type="stmt"/>
        <line num="171" count="9" type="stmt"/>
        <line num="172" count="9" type="stmt"/>
        <line num="173" count="9" type="stmt"/>
        <line num="175" count="9" type="cond" truecount="1" falsecount="1"/>
        <line num="181" count="9" type="stmt"/>
        <line num="187" count="9" type="stmt"/>
        <line num="188" count="9" type="stmt"/>
        <line num="192" count="9" type="cond" truecount="1" falsecount="1"/>
        <line num="197" count="9" type="stmt"/>
        <line num="198" count="9" type="stmt"/>
        <line num="205" count="9" type="stmt"/>
        <line num="206" count="9" type="cond" truecount="2" falsecount="2"/>
        <line num="207" count="0" type="stmt"/>
        <line num="209" count="0" type="cond" truecount="0" falsecount="2"/>
        <line num="210" count="0" type="stmt"/>
        <line num="211" count="0" type="stmt"/>
        <line num="215" count="0" type="cond" truecount="0" falsecount="2"/>
        <line num="216" count="0" type="stmt"/>
        <line num="217" count="0" type="stmt"/>
        <line num="224" count="9" type="stmt"/>
        <line num="225" count="9" type="stmt"/>
        <line num="226" count="9" type="stmt"/>
        <line num="227" count="9" type="stmt"/>
        <line num="229" count="9" type="stmt"/>
        <line num="231" count="9" type="stmt"/>
        <line num="276" count="23" type="stmt"/>
        <line num="278" count="23" type="stmt"/>
        <line num="279" count="23" type="cond" truecount="2" falsecount="0"/>
        <line num="280" count="3" type="stmt"/>
        <line num="285" count="20" type="cond" truecount="2" falsecount="0"/>
        <line num="286" count="20" type="stmt"/>
        <line num="290" count="20" type="stmt"/>
        <line num="291" count="20" type="cond" truecount="2" falsecount="0"/>
        <line num="292" count="8" type="cond" truecount="2" falsecount="0"/>
        <line num="293" count="8" type="cond" truecount="2" falsecount="0"/>
        <line num="294" count="8" type="stmt"/>
        <line num="297" count="20" type="stmt"/>
        <line num="298" count="20" type="stmt"/>
        <line num="299" count="20" type="stmt"/>
        <line num="300" count="20" type="stmt"/>
        <line num="302" count="20" type="stmt"/>
        <line num="314" count="16" type="stmt"/>
      </file>
      <file name="transportStateMachine.js" path="C:\Users\MSI\OneDrive\Bureau\PFE\blancbleu\server\services\transportStateMachine.js">
        <metrics statements="100" coveredstatements="83" conditionals="110" coveredconditionals="79" methods="27" coveredmethods="18"/>
        <line num="1" count="23" type="stmt"/>
        <line num="35" count="23" type="stmt"/>
        <line num="65" count="23" type="stmt"/>
        <line num="113" count="23" type="stmt"/>
        <line num="153" count="23" type="stmt"/>
        <line num="160" count="23" type="stmt"/>
        <line num="165" count="23" type="stmt"/>
        <line num="191" count="23" type="stmt"/>
        <line num="216" count="23" type="stmt"/>
        <line num="219" count="12" type="stmt"/>
        <line num="220" count="12" type="cond" truecount="2" falsecount="0"/>
        <line num="221" count="12" type="cond" truecount="2" falsecount="0"/>
        <line num="222" count="12" type="cond" truecount="4" falsecount="0"/>
        <line num="223" count="1" type="stmt"/>
        <line num="224" count="12" type="cond" truecount="4" falsecount="0"/>
        <line num="225" count="1" type="stmt"/>
        <line num="226" count="12" type="stmt"/>
        <line num="232" count="5" type="stmt"/>
        <line num="233" count="5" type="stmt"/>
        <line num="235" count="5" type="cond" truecount="3" falsecount="0"/>
        <line num="239" count="5" type="cond" truecount="4" falsecount="0"/>
        <line num="240" count="2" type="stmt"/>
        <line num="242" count="5" type="stmt"/>
        <line num="247" count="6" type="stmt"/>
        <line num="248" count="6" type="cond" truecount="2" falsecount="0"/>
        <line num="249" count="6" type="stmt"/>
        <line num="254" count="7" type="stmt"/>
        <line num="255" count="7" type="cond" truecount="2" falsecount="0"/>
        <line num="256" count="1" type="stmt"/>
        <line num="257" count="7" type="stmt"/>
        <line num="261" count="0" type="stmt"/>
        <line num="262" count="1" type="stmt"/>
        <line num="263" count="3" type="stmt"/>
        <line num="264" count="2" type="stmt"/>
        <line num="267" count="0" type="stmt"/>
        <line num="268" count="0" type="stmt"/>
        <line num="269" count="0" type="stmt"/>
        <line num="270" count="0" type="stmt"/>
        <line num="273" count="1" type="stmt"/>
        <line num="277" count="0" type="stmt"/>
        <line num="278" count="0" type="cond" truecount="0" falsecount="4"/>
        <line num="279" count="0" type="stmt"/>
        <line num="281" count="0" type="stmt"/>
        <line num="285" count="4" type="stmt"/>
        <line num="288" count="5" type="stmt"/>
        <line num="296" count="134" type="cond" truecount="2" falsecount="0"/>
        <line num="297" count="134" type="stmt"/>
        <line num="301" count="53" type="stmt"/>
        <line num="302" count="53" type="cond" truecount="2" falsecount="0"/>
        <line num="303" count="53" type="cond" truecount="2" falsecount="0"/>
        <line num="304" count="46" type="stmt"/>
        <line num="323" count="42" type="stmt"/>
        <line num="329" count="42" type="cond" truecount="2" falsecount="0"/>
        <line num="330" count="42" type="cond" truecount="2" falsecount="0"/>
        <line num="334" count="10" type="cond" truecount="2" falsecount="0"/>
        <line num="335" count="4" type="stmt"/>
        <line num="340" count="6" type="stmt"/>
        <line num="347" count="32" type="cond" truecount="1" falsecount="1"/>
        <line num="348" count="32" type="cond" truecount="2" falsecount="0"/>
        <line num="351" count="32" type="stmt"/>
        <line num="352" count="32" type="cond" truecount="2" falsecount="0"/>
        <line num="353" count="1" type="stmt"/>
        <line num="357" count="31" type="stmt"/>
        <line num="358" count="31" type="stmt"/>
        <line num="364" count="31" type="cond" truecount="6" falsecount="1"/>
        <line num="367" count="3" type="cond" truecount="2" falsecount="0"/>
        <line num="368" count="1" type="stmt"/>
        <line num="370" count="3" type="stmt"/>
        <line num="373" count="5" type="cond" truecount="2" falsecount="0"/>
        <line num="374" count="1" type="stmt"/>
        <line num="378" count="5" type="stmt"/>
        <line num="382" count="2" type="cond" truecount="2" falsecount="0"/>
        <line num="383" count="2" type="stmt"/>
        <line num="386" count="3" type="cond" truecount="3" falsecount="0"/>
        <line num="387" count="3" type="stmt"/>
        <line num="389" count="4" type="cond" truecount="2" falsecount="1"/>
        <line num="390" count="4" type="stmt"/>
        <line num="392" count="0" type="cond" truecount="0" falsecount="3"/>
        <line num="393" count="0" type="cond" truecount="0" falsecount="2"/>
        <line num="394" count="0" type="stmt"/>
        <line num="396" count="1" type="cond" truecount="1" falsecount="3"/>
        <line num="397" count="1" type="stmt"/>
        <line num="401" count="31" type="stmt"/>
        <line num="409" count="31" type="stmt"/>
        <line num="434" count="73" type="cond" truecount="2" falsecount="0"/>
        <line num="438" count="67" type="cond" truecount="2" falsecount="0"/>
        <line num="440" count="67" type="cond" truecount="1" falsecount="1"/>
        <line num="444" count="67" type="cond" truecount="2" falsecount="0"/>
        <line num="449" count="67" type="cond" truecount="2" falsecount="0"/>
        <line num="450" count="65" type="stmt"/>
        <line num="454" count="0" type="cond" truecount="0" falsecount="2"/>
        <line num="455" count="0" type="cond" truecount="0" falsecount="2"/>
        <line num="456" count="0" type="stmt"/>
        <line num="461" count="0" type="stmt"/>
        <line num="468" count="0" type="cond" truecount="0" falsecount="2"/>
        <line num="477" count="16" type="cond" truecount="1" falsecount="1"/>
        <line num="488" count="43" type="stmt"/>
        <line num="505" count="43" type="cond" truecount="2" falsecount="0"/>
        <line num="509" count="39" type="stmt"/>
        <line num="513" count="23" type="stmt"/>
      </file>
    </package>
    <package name="utils">
      <metrics statements="123" coveredstatements="97" conditionals="100" coveredconditionals="55" methods="21" coveredmethods="19"/>
      <file name="geoUtils.js" path="C:\Users\MSI\OneDrive\Bureau\PFE\blancbleu\server\utils\geoUtils.js">
        <metrics statements="73" coveredstatements="64" conditionals="51" coveredconditionals="41" methods="15" coveredmethods="14"/>
        <line num="19" count="18" type="stmt"/>
        <line num="20" count="18" type="stmt"/>
        <line num="23" count="18" type="cond" truecount="2" falsecount="0"/>
        <line num="24" count="18" type="stmt"/>
        <line num="27" count="18" type="stmt"/>
        <line num="28" count="18" type="stmt"/>
        <line num="31" count="19" type="stmt"/>
        <line num="35" count="19" type="stmt"/>
        <line num="36" count="19" type="cond" truecount="2" falsecount="0"/>
        <line num="37" count="8" type="cond" truecount="1" falsecount="1"/>
        <line num="38" count="0" type="stmt"/>
        <line num="39" count="0" type="stmt"/>
        <line num="41" count="8" type="stmt"/>
        <line num="45" count="7" type="stmt"/>
        <line num="46" count="7" type="cond" truecount="1" falsecount="1"/>
        <line num="47" count="0" type="stmt"/>
        <line num="48" count="0" type="stmt"/>
        <line num="56" count="41" type="stmt"/>
        <line num="57" count="41" type="stmt"/>
        <line num="58" count="41" type="stmt"/>
        <line num="60" count="41" type="stmt"/>
        <line num="64" count="41" type="stmt"/>
        <line num="76" count="19" type="stmt"/>
        <line num="77" count="19" type="stmt"/>
        <line num="78" count="19" type="cond" truecount="2" falsecount="0"/>
        <line num="80" count="11" type="stmt"/>
        <line num="81" count="11" type="stmt"/>
        <line num="82" count="11" type="stmt"/>
        <line num="84" count="8" type="cond" truecount="4" falsecount="0"/>
        <line num="85" count="1" type="stmt"/>
        <line num="88" count="7" type="stmt"/>
        <line num="89" count="7" type="stmt"/>
        <line num="94" count="7" type="stmt"/>
        <line num="95" count="7" type="stmt"/>
        <line num="97" count="4" type="stmt"/>
        <line num="98" count="4" type="stmt"/>
        <line num="100" count="4" type="stmt"/>
        <line num="120" count="18" type="stmt"/>
        <line num="123" count="18" type="stmt"/>
        <line num="124" count="18" type="stmt"/>
        <line num="125" count="18" type="cond" truecount="5" falsecount="1"/>
        <line num="126" count="0" type="stmt"/>
        <line num="127" count="18" type="cond" truecount="3" falsecount="1"/>
        <line num="128" count="0" type="stmt"/>
        <line num="132" count="18" type="stmt"/>
        <line num="134" count="18" type="stmt"/>
        <line num="138" count="18" type="stmt"/>
        <line num="158" count="4" type="stmt"/>
        <line num="162" count="4" type="cond" truecount="2" falsecount="0"/>
        <line num="164" count="3" type="stmt"/>
        <line num="165" count="3" type="stmt"/>
        <line num="168" count="1" type="stmt"/>
        <line num="169" count="1" type="stmt"/>
        <line num="172" count="4" type="stmt"/>
        <line num="189" count="0" type="cond" truecount="0" falsecount="2"/>
        <line num="190" count="0" type="cond" truecount="0" falsecount="2"/>
        <line num="191" count="0" type="stmt"/>
        <line num="198" count="5" type="cond" truecount="2" falsecount="0"/>
        <line num="199" count="5" type="cond" truecount="2" falsecount="0"/>
        <line num="200" count="5" type="stmt"/>
        <line num="201" count="5" type="stmt"/>
        <line num="214" count="6" type="stmt"/>
        <line num="215" count="6" type="cond" truecount="2" falsecount="0"/>
        <line num="218" count="6" type="cond" truecount="2" falsecount="0"/>
        <line num="222" count="6" type="stmt"/>
        <line num="238" count="4" type="stmt"/>
        <line num="239" count="12" type="cond" truecount="2" falsecount="0"/>
        <line num="241" count="9" type="stmt"/>
        <line num="242" count="9" type="stmt"/>
        <line num="243" count="9" type="stmt"/>
        <line num="253" count="12" type="stmt"/>
        <line num="260" count="6" type="cond" truecount="4" falsecount="0"/>
        <line num="263" count="18" type="stmt"/>
      </file>
      <file name="healthCheck.js" path="C:\Users\MSI\OneDrive\Bureau\PFE\blancbleu\server\utils\healthCheck.js">
        <metrics statements="50" coveredstatements="33" conditionals="49" coveredconditionals="14" methods="6" coveredmethods="5"/>
        <line num="7" count="13" type="stmt"/>
        <line num="8" count="13" type="stmt"/>
        <line num="9" count="13" type="stmt"/>
        <line num="11" count="13" type="cond" truecount="1" falsecount="1"/>
        <line num="12" count="13" type="stmt"/>
        <line num="15" count="13" type="cond" truecount="2" falsecount="1"/>
        <line num="16" count="13" type="stmt"/>
        <line num="17" count="13" type="cond" truecount="1" falsecount="3"/>
        <line num="26" count="1" type="stmt"/>
        <line num="27" count="1" type="stmt"/>
        <line num="34" count="1" type="cond" truecount="1" falsecount="1"/>
        <line num="35" count="0" type="cond" truecount="0" falsecount="2"/>
        <line num="38" count="1" type="stmt"/>
        <line num="40" count="1" type="stmt"/>
        <line num="41" count="1" type="stmt"/>
        <line num="42" count="1" type="stmt"/>
        <line num="48" count="0" type="stmt"/>
        <line num="56" count="1" type="stmt"/>
        <line num="57" count="1" type="stmt"/>
        <line num="58" count="1" type="stmt"/>
        <line num="61" count="1" type="stmt"/>
        <line num="68" count="0" type="stmt"/>
        <line num="81" count="1" type="stmt"/>
        <line num="83" count="1" type="stmt"/>
        <line num="84" count="1" type="cond" truecount="1" falsecount="1"/>
        <line num="85" count="1" type="stmt"/>
        <line num="87" count="0" type="stmt"/>
        <line num="88" count="0" type="stmt"/>
        <line num="89" count="0" type="stmt"/>
        <line num="94" count="0" type="stmt"/>
        <line num="102" count="1" type="stmt"/>
        <line num="103" count="1" type="stmt"/>
        <line num="115" count="1" type="stmt"/>
        <line num="117" count="1" type="stmt"/>
        <line num="118" count="1" type="stmt"/>
        <line num="119" count="1" type="stmt"/>
        <line num="123" count="1" type="cond" truecount="1" falsecount="1"/>
        <line num="129" count="1" type="cond" truecount="1" falsecount="3"/>
        <line num="131" count="1" type="stmt"/>
        <line num="151" count="0" type="stmt"/>
        <line num="152" count="0" type="stmt"/>
        <line num="165" count="0" type="stmt"/>
        <line num="166" count="0" type="stmt"/>
        <line num="167" count="0" type="stmt"/>
        <line num="168" count="0" type="stmt"/>
        <line num="171" count="0" type="cond" truecount="0" falsecount="2"/>
        <line num="177" count="0" type="cond" truecount="0" falsecount="2"/>
        <line num="199" count="0" type="stmt"/>
        <line num="200" count="0" type="stmt"/>
        <line num="204" count="13" type="stmt"/>
      </file>
    </package>
  </project>
</coverage>
