<?xml version="1.0" encoding="UTF-8"?>
<coverage generated="1778344074982" clover="3.2.0">
  <project timestamp="1778344074983" name="All files">
    <metrics statements="430" coveredstatements="368" conditionals="307" coveredconditionals="211" methods="67" coveredmethods="61" elements="804" coveredelements="640" complexity="0" loc="430" ncloc="430" packages="4" files="12" classes="12"/>
    <package name="controllers">
      <metrics statements="50" coveredstatements="47" conditionals="14" coveredconditionals="11" methods="3" coveredmethods="2"/>
      <file name="gdprController.js" path="C:\Users\MSI\OneDrive\Bureau\PFE\blancbleu\server\controllers\gdprController.js">
        <metrics statements="50" coveredstatements="47" conditionals="14" coveredconditionals="11" methods="3" coveredmethods="2"/>
        <line num="1" count="5" type="stmt"/>
        <line num="2" count="5" type="stmt"/>
        <line num="3" count="5" type="stmt"/>
        <line num="4" count="5" type="stmt"/>
        <line num="5" count="5" type="stmt"/>
        <line num="6" count="5" type="stmt"/>
        <line num="7" count="5" type="stmt"/>
        <line num="9" count="5" type="stmt"/>
        <line num="10" count="0" type="cond" truecount="0" falsecount="2"/>
        <line num="17" count="5" type="stmt"/>
        <line num="18" count="3" type="stmt"/>
        <line num="19" count="3" type="stmt"/>
        <line num="21" count="3" type="stmt"/>
        <line num="41" count="3" type="cond" truecount="2" falsecount="0"/>
        <line num="42" count="2" type="stmt"/>
        <line num="44" count="2" type="cond" truecount="2" falsecount="0"/>
        <line num="45" count="1" type="stmt"/>
        <line num="60" count="1" type="stmt"/>
        <line num="72" count="1" type="stmt"/>
        <line num="73" count="1" type="stmt"/>
        <line num="74" count="1" type="stmt"/>
        <line num="78" count="3" type="stmt"/>
        <line num="79" count="3" type="stmt"/>
        <line num="83" count="3" type="stmt"/>
        <line num="85" count="0" type="stmt"/>
        <line num="96" count="5" type="stmt"/>
        <line num="97" count="4" type="stmt"/>
        <line num="98" count="4" type="stmt"/>
        <line num="100" count="4" type="cond" truecount="2" falsecount="0"/>
        <line num="101" count="1" type="stmt"/>
        <line num="104" count="3" type="stmt"/>
        <line num="105" count="3" type="stmt"/>
        <line num="106" count="3" type="cond" truecount="2" falsecount="0"/>
        <line num="107" count="1" type="stmt"/>
        <line num="110" count="2" type="stmt"/>
        <line num="112" count="2" type="cond" truecount="2" falsecount="0"/>
        <line num="113" count="1" type="stmt"/>
        <line num="115" count="1" type="cond" truecount="1" falsecount="1"/>
        <line num="117" count="1" type="stmt"/>
        <line num="130" count="1" type="stmt"/>
        <line num="142" count="1" type="stmt"/>
        <line num="152" count="1" type="stmt"/>
        <line num="157" count="2" type="stmt"/>
        <line num="168" count="2" type="stmt"/>
        <line num="171" count="2" type="stmt"/>
        <line num="174" count="2" type="stmt"/>
        <line num="175" count="2" type="stmt"/>
        <line num="177" count="2" type="stmt"/>
        <line num="181" count="0" type="stmt"/>
        <line num="185" count="5" type="stmt"/>
      </file>
    </package>
    <package name="middleware">
      <metrics statements="96" coveredstatements="92" conditionals="79" coveredconditionals="61" methods="21" coveredmethods="19"/>
      <file name="auditMiddleware.js" path="C:\Users\MSI\OneDrive\Bureau\PFE\blancbleu\server\middleware\auditMiddleware.js">
        <metrics statements="29" coveredstatements="29" conditionals="50" coveredconditionals="36" methods="7" coveredmethods="7"/>
        <line num="5" count="5" type="stmt"/>
        <line num="8" count="5" type="stmt"/>
        <line num="30" count="55" type="stmt"/>
        <line num="31" count="486" type="stmt"/>
        <line num="32" count="55" type="cond" truecount="2" falsecount="0"/>
        <line num="39" count="55" type="stmt"/>
        <line num="40" count="55" type="cond" truecount="2" falsecount="0"/>
        <line num="42" count="9" type="stmt"/>
        <line num="43" count="9" type="stmt"/>
        <line num="46" count="9" type="stmt"/>
        <line num="47" count="9" type="stmt"/>
        <line num="48" count="9" type="stmt"/>
        <line num="49" count="9" type="stmt"/>
        <line num="52" count="9" type="stmt"/>
        <line num="53" count="9" type="stmt"/>
        <line num="83" count="9" type="stmt"/>
        <line num="86" count="9" type="stmt"/>
        <line num="90" count="9" type="cond" truecount="1" falsecount="1"/>
        <line num="91" count="9" type="cond" truecount="1" falsecount="1"/>
        <line num="92" count="9" type="cond" truecount="1" falsecount="1"/>
        <line num="93" count="9" type="stmt"/>
        <line num="97" count="9" type="cond" truecount="1" falsecount="1"/>
        <line num="98" count="9" type="cond" truecount="1" falsecount="1"/>
        <line num="99" count="9" type="cond" truecount="1" falsecount="1"/>
        <line num="100" count="9" type="cond" truecount="1" falsecount="1"/>
        <line num="101" count="9" type="cond" truecount="1" falsecount="1"/>
        <line num="102" count="9" type="cond" truecount="1" falsecount="1"/>
        <line num="103" count="9" type="stmt"/>
        <line num="106" count="5" type="stmt"/>
      </file>
      <file name="auth.js" path="C:\Users\MSI\OneDrive\Bureau\PFE\blancbleu\server\middleware\auth.js">
        <metrics statements="22" coveredstatements="20" conditionals="12" coveredconditionals="10" methods="3" coveredmethods="3"/>
        <line num="1" count="5" type="stmt"/>
        <line num="2" count="5" type="stmt"/>
        <line num="5" count="5" type="stmt"/>
        <line num="8" count="45" type="cond" truecount="2" falsecount="0"/>
        <line num="9" count="37" type="stmt"/>
        <line num="10" count="8" type="cond" truecount="1" falsecount="1"/>
        <line num="11" count="0" type="stmt"/>
        <line num="14" count="45" type="cond" truecount="2" falsecount="0"/>
        <line num="15" count="8" type="stmt"/>
        <line num="18" count="37" type="stmt"/>
        <line num="19" count="37" type="stmt"/>
        <line num="20" count="36" type="stmt"/>
        <line num="22" count="36" type="cond" truecount="3" falsecount="1"/>
        <line num="23" count="0" type="stmt"/>
        <line num="26" count="36" type="stmt"/>
        <line num="28" count="1" type="stmt"/>
        <line num="33" count="5" type="stmt"/>
        <line num="34" count="145" type="stmt"/>
        <line num="35" count="11" type="cond" truecount="2" falsecount="0"/>
        <line num="36" count="4" type="stmt"/>
        <line num="40" count="7" type="stmt"/>
        <line num="44" count="5" type="stmt"/>
      </file>
      <file name="httpLogger.js" path="C:\Users\MSI\OneDrive\Bureau\PFE\blancbleu\server\middleware\httpLogger.js">
        <metrics statements="9" coveredstatements="9" conditionals="2" coveredconditionals="2" methods="3" coveredmethods="3"/>
        <line num="7" count="5" type="stmt"/>
        <line num="10" count="5" type="stmt"/>
        <line num="13" count="109" type="cond" truecount="2" falsecount="0"/>
        <line num="15" count="54" type="stmt"/>
        <line num="18" count="54" type="stmt"/>
        <line num="19" count="54" type="stmt"/>
        <line num="20" count="54" type="stmt"/>
        <line num="23" count="54" type="stmt"/>
        <line num="26" count="5" type="stmt"/>
      </file>
      <file name="rateLimiter.js" path="C:\Users\MSI\OneDrive\Bureau\PFE\blancbleu\server\middleware\rateLimiter.js">
        <metrics statements="9" coveredstatements="8" conditionals="0" coveredconditionals="0" methods="2" coveredmethods="1"/>
        <line num="1" count="5" type="stmt"/>
        <line num="4" count="5" type="stmt"/>
        <line num="5" count="0" type="stmt"/>
        <line num="13" count="5" type="stmt"/>
        <line num="24" count="5" type="stmt"/>
        <line num="34" count="5" type="stmt"/>
        <line num="44" count="5" type="stmt"/>
        <line num="50" count="55" type="stmt"/>
        <line num="53" count="5" type="stmt"/>
      </file>
      <file name="sanitize.js" path="C:\Users\MSI\OneDrive\Bureau\PFE\blancbleu\server\middleware\sanitize.js">
        <metrics statements="17" coveredstatements="16" conditionals="12" coveredconditionals="10" methods="3" coveredmethods="2"/>
        <line num="1" count="5" type="stmt"/>
        <line num="2" count="5" type="stmt"/>
        <line num="5" count="5" type="stmt"/>
        <line num="8" count="0" type="stmt"/>
        <line num="17" count="5" type="stmt"/>
        <line num="18" count="55" type="cond" truecount="3" falsecount="1"/>
        <line num="19" count="55" type="stmt"/>
        <line num="21" count="55" type="stmt"/>
        <line num="25" count="163" type="cond" truecount="2" falsecount="0"/>
        <line num="26" count="73" type="cond" truecount="1" falsecount="1"/>
        <line num="27" count="73" type="cond" truecount="4" falsecount="0"/>
        <line num="28" count="65" type="stmt"/>
        <line num="29" count="65" type="stmt"/>
        <line num="30" count="108" type="stmt"/>
        <line num="32" count="65" type="stmt"/>
        <line num="34" count="8" type="stmt"/>
        <line num="37" count="5" type="stmt"/>
      </file>
      <file name="validate.js" path="C:\Users\MSI\OneDrive\Bureau\PFE\blancbleu\server\middleware\validate.js">
        <metrics statements="10" coveredstatements="10" conditionals="3" coveredconditionals="3" methods="3" coveredmethods="3"/>
        <line num="1" count="5" type="stmt"/>
        <line num="10" count="5" type="cond" truecount="1" falsecount="0"/>
        <line num="11" count="20" type="stmt"/>
        <line num="12" count="5" type="stmt"/>
        <line num="18" count="5" type="cond" truecount="2" falsecount="0"/>
        <line num="19" count="8" type="stmt"/>
        <line num="20" count="3" type="stmt"/>
        <line num="27" count="2" type="stmt"/>
        <line num="28" count="2" type="stmt"/>
        <line num="32" count="5" type="stmt"/>
      </file>
    </package>
    <package name="services">
      <metrics statements="180" coveredstatements="139" conditionals="139" coveredconditionals="90" methods="24" coveredmethods="22"/>
      <file name="predictionService.js" path="C:\Users\MSI\OneDrive\Bureau\PFE\blancbleu\server\services\predictionService.js">
        <metrics statements="44" coveredstatements="40" conditionals="17" coveredconditionals="6" methods="3" coveredmethods="3"/>
        <line num="13" count="5" type="stmt"/>
        <line num="14" count="5" type="stmt"/>
        <line num="16" count="5" type="stmt"/>
        <line num="17" count="5" type="stmt"/>
        <line num="18" count="5" type="stmt"/>
        <line num="20" count="5" type="stmt"/>
        <line num="32" count="7" type="cond" truecount="1" falsecount="1"/>
        <line num="33" count="7" type="cond" truecount="1" falsecount="1"/>
        <line num="34" count="7" type="stmt"/>
        <line num="38" count="7" type="cond" truecount="2" falsecount="0"/>
        <line num="47" count="1" type="stmt"/>
        <line num="48" count="1" type="stmt"/>
        <line num="53" count="1" type="stmt"/>
        <line num="85" count="1" type="stmt"/>
        <line num="86" count="1" type="stmt"/>
        <line num="87" count="7" type="stmt"/>
        <line num="88" count="21" type="stmt"/>
        <line num="91" count="1" type="stmt"/>
        <line num="92" count="0" type="stmt"/>
        <line num="93" count="0" type="cond" truecount="0" falsecount="4"/>
        <line num="94" count="0" type="stmt"/>
        <line num="100" count="1" type="stmt"/>
        <line num="105" count="1" type="stmt"/>
        <line num="106" count="1" type="stmt"/>
        <line num="107" count="0" type="cond" truecount="0" falsecount="2"/>
        <line num="111" count="1" type="stmt"/>
        <line num="112" count="1" type="stmt"/>
        <line num="113" count="1" type="stmt"/>
        <line num="115" count="1" type="stmt"/>
        <line num="116" count="7" type="stmt"/>
        <line num="117" count="7" type="stmt"/>
        <line num="119" count="7" type="stmt"/>
        <line num="120" count="7" type="stmt"/>
        <line num="122" count="7" type="stmt"/>
        <line num="123" count="7" type="stmt"/>
        <line num="125" count="7" type="stmt"/>
        <line num="126" count="21" type="stmt"/>
        <line num="127" count="21" type="stmt"/>
        <line num="129" count="21" type="cond" truecount="1" falsecount="1"/>
        <line num="134" count="21" type="stmt"/>
        <line num="135" count="21" type="stmt"/>
        <line num="138" count="7" type="stmt"/>
        <line num="148" count="1" type="stmt"/>
        <line num="155" count="5" type="stmt"/>
      </file>
      <file name="tarifService.js" path="C:\Users\MSI\OneDrive\Bureau\PFE\blancbleu\server\services\tarifService.js">
        <metrics statements="62" coveredstatements="32" conditionals="45" coveredconditionals="23" methods="6" coveredmethods="5"/>
        <line num="18" count="6" type="stmt"/>
        <line num="22" count="6" type="stmt"/>
        <line num="41" count="6" type="stmt"/>
        <line num="44" count="6" type="stmt"/>
        <line num="79" count="132" type="stmt"/>
        <line num="89" count="8" type="stmt"/>
        <line num="90" count="8" type="cond" truecount="2" falsecount="0"/>
        <line num="99" count="7" type="cond" truecount="2" falsecount="0"/>
        <line num="101" count="6" type="stmt"/>
        <line num="102" count="6" type="stmt"/>
        <line num="113" count="3" type="stmt"/>
        <line num="114" count="3" type="cond" truecount="4" falsecount="0"/>
        <line num="115" count="2" type="stmt"/>
        <line num="116" count="2" type="stmt"/>
        <line num="118" count="3" type="stmt"/>
        <line num="160" count="0" type="stmt"/>
        <line num="162" count="0" type="stmt"/>
        <line num="163" count="0" type="cond" truecount="0" falsecount="2"/>
        <line num="164" count="0" type="stmt"/>
        <line num="170" count="0" type="stmt"/>
        <line num="171" count="0" type="stmt"/>
        <line num="172" count="0" type="stmt"/>
        <line num="173" count="0" type="stmt"/>
        <line num="175" count="0" type="cond" truecount="0" falsecount="2"/>
        <line num="181" count="0" type="stmt"/>
        <line num="187" count="0" type="stmt"/>
        <line num="188" count="0" type="stmt"/>
        <line num="192" count="0" type="cond" truecount="0" falsecount="2"/>
        <line num="197" count="0" type="stmt"/>
        <line num="198" count="0" type="stmt"/>
        <line num="205" count="0" type="stmt"/>
        <line num="206" count="0" type="cond" truecount="0" falsecount="4"/>
        <line num="207" count="0" type="stmt"/>
        <line num="209" count="0" type="cond" truecount="0" falsecount="2"/>
        <line num="210" count="0" type="stmt"/>
        <line num="211" count="0" type="stmt"/>
        <line num="215" count="0" type="cond" truecount="0" falsecount="2"/>
        <line num="216" count="0" type="stmt"/>
        <line num="217" count="0" type="stmt"/>
        <line num="224" count="0" type="stmt"/>
        <line num="225" count="0" type="stmt"/>
        <line num="226" count="0" type="stmt"/>
        <line num="227" count="0" type="stmt"/>
        <line num="229" count="0" type="stmt"/>
        <line num="231" count="0" type="stmt"/>
        <line num="276" count="23" type="stmt"/>
        <line num="278" count="23" type="stmt"/>
        <line num="279" count="23" type="cond" truecount="2" falsecount="0"/>
        <line num="280" count="3" type="stmt"/>
        <line num="285" count="20" type="cond" truecount="2" falsecount="0"/>
        <line num="286" count="20" type="stmt"/>
        <line num="290" count="20" type="stmt"/>
        <line num="291" count="20" type="cond" truecount="2" falsecount="0"/>
        <line num="292" count="8" type="cond" truecount="2" falsecount="0"/>
        <line num="293" count="8" type="cond" truecount="2" falsecount="0"/>
        <line num="294" count="8" type="stmt"/>
        <line num="297" count="20" type="stmt"/>
        <line num="298" count="20" type="stmt"/>
        <line num="299" count="20" type="stmt"/>
        <line num="300" count="20" type="stmt"/>
        <line num="302" count="20" type="stmt"/>
        <line num="314" count="6" type="stmt"/>
      </file>
      <file name="transportStateMachine.js" path="C:\Users\MSI\OneDrive\Bureau\PFE\blancbleu\server\services\transportStateMachine.js">
        <metrics statements="74" coveredstatements="67" conditionals="77" coveredconditionals="61" methods="15" coveredmethods="14"/>
        <line num="27" count="6" type="stmt"/>
        <line num="50" count="6" type="stmt"/>
        <line num="74" count="6" type="stmt"/>
        <line num="115" count="6" type="stmt"/>
        <line num="135" count="6" type="stmt"/>
        <line num="138" count="9" type="stmt"/>
        <line num="139" count="9" type="cond" truecount="2" falsecount="0"/>
        <line num="140" count="9" type="cond" truecount="2" falsecount="0"/>
        <line num="141" count="9" type="cond" truecount="4" falsecount="0"/>
        <line num="142" count="1" type="stmt"/>
        <line num="143" count="9" type="cond" truecount="4" falsecount="0"/>
        <line num="144" count="1" type="stmt"/>
        <line num="145" count="9" type="stmt"/>
        <line num="151" count="5" type="stmt"/>
        <line num="152" count="5" type="stmt"/>
        <line num="154" count="5" type="cond" truecount="3" falsecount="0"/>
        <line num="158" count="5" type="cond" truecount="4" falsecount="0"/>
        <line num="159" count="2" type="stmt"/>
        <line num="161" count="5" type="stmt"/>
        <line num="166" count="5" type="stmt"/>
        <line num="167" count="5" type="cond" truecount="2" falsecount="0"/>
        <line num="168" count="5" type="stmt"/>
        <line num="173" count="3" type="stmt"/>
        <line num="174" count="3" type="cond" truecount="2" falsecount="0"/>
        <line num="175" count="1" type="stmt"/>
        <line num="176" count="3" type="stmt"/>
        <line num="181" count="5" type="stmt"/>
        <line num="185" count="0" type="stmt"/>
        <line num="186" count="0" type="cond" truecount="0" falsecount="4"/>
        <line num="187" count="0" type="stmt"/>
        <line num="189" count="0" type="stmt"/>
        <line num="193" count="4" type="stmt"/>
        <line num="196" count="3" type="stmt"/>
        <line num="204" count="62" type="cond" truecount="2" falsecount="0"/>
        <line num="205" count="62" type="stmt"/>
        <line num="209" count="41" type="stmt"/>
        <line num="210" count="41" type="cond" truecount="2" falsecount="0"/>
        <line num="211" count="41" type="cond" truecount="2" falsecount="0"/>
        <line num="212" count="34" type="stmt"/>
        <line num="225" count="22" type="stmt"/>
        <line num="228" count="22" type="cond" truecount="2" falsecount="0"/>
        <line num="229" count="2" type="stmt"/>
        <line num="236" count="20" type="cond" truecount="1" falsecount="1"/>
        <line num="237" count="20" type="cond" truecount="2" falsecount="0"/>
        <line num="240" count="20" type="stmt"/>
        <line num="241" count="20" type="cond" truecount="2" falsecount="0"/>
        <line num="242" count="1" type="stmt"/>
        <line num="246" count="19" type="stmt"/>
        <line num="247" count="19" type="stmt"/>
        <line num="253" count="19" type="cond" truecount="5" falsecount="1"/>
        <line num="256" count="3" type="cond" truecount="2" falsecount="0"/>
        <line num="257" count="1" type="stmt"/>
        <line num="259" count="3" type="stmt"/>
        <line num="262" count="1" type="cond" truecount="1" falsecount="1"/>
        <line num="263" count="1" type="stmt"/>
        <line num="267" count="1" type="stmt"/>
        <line num="271" count="2" type="cond" truecount="2" falsecount="0"/>
        <line num="272" count="2" type="stmt"/>
        <line num="275" count="3" type="stmt"/>
        <line num="277" count="3" type="stmt"/>
        <line num="279" count="2" type="stmt"/>
        <line num="281" count="2" type="stmt"/>
        <line num="283" count="0" type="cond" truecount="0" falsecount="3"/>
        <line num="284" count="0" type="cond" truecount="0" falsecount="2"/>
        <line num="285" count="0" type="stmt"/>
        <line num="289" count="19" type="stmt"/>
        <line num="297" count="19" type="stmt"/>
        <line num="301" count="9" type="cond" truecount="1" falsecount="1"/>
        <line num="313" count="23" type="stmt"/>
        <line num="327" count="23" type="stmt"/>
        <line num="328" count="23" type="cond" truecount="2" falsecount="0"/>
        <line num="329" count="19" type="stmt"/>
        <line num="335" count="21" type="stmt"/>
        <line num="339" count="6" type="stmt"/>
      </file>
    </package>
    <package name="utils">
      <metrics statements="104" coveredstatements="90" conditionals="75" coveredconditionals="49" methods="19" coveredmethods="18"/>
      <file name="geoUtils.js" path="C:\Users\MSI\OneDrive\Bureau\PFE\blancbleu\server\utils\geoUtils.js">
        <metrics statements="73" coveredstatements="64" conditionals="51" coveredconditionals="38" methods="15" coveredmethods="14"/>
        <line num="19" count="8" type="stmt"/>
        <line num="20" count="8" type="stmt"/>
        <line num="23" count="8" type="cond" truecount="2" falsecount="0"/>
        <line num="24" count="8" type="stmt"/>
        <line num="27" count="8" type="stmt"/>
        <line num="28" count="8" type="stmt"/>
        <line num="31" count="10" type="stmt"/>
        <line num="35" count="10" type="stmt"/>
        <line num="36" count="10" type="cond" truecount="2" falsecount="0"/>
        <line num="37" count="1" type="cond" truecount="1" falsecount="1"/>
        <line num="38" count="0" type="stmt"/>
        <line num="39" count="0" type="stmt"/>
        <line num="41" count="1" type="stmt"/>
        <line num="45" count="5" type="stmt"/>
        <line num="46" count="5" type="cond" truecount="1" falsecount="1"/>
        <line num="47" count="0" type="stmt"/>
        <line num="48" count="0" type="stmt"/>
        <line num="56" count="37" type="stmt"/>
        <line num="57" count="37" type="stmt"/>
        <line num="58" count="37" type="stmt"/>
        <line num="60" count="37" type="stmt"/>
        <line num="64" count="37" type="stmt"/>
        <line num="76" count="10" type="stmt"/>
        <line num="77" count="10" type="stmt"/>
        <line num="78" count="10" type="cond" truecount="2" falsecount="0"/>
        <line num="80" count="9" type="stmt"/>
        <line num="81" count="9" type="stmt"/>
        <line num="82" count="9" type="stmt"/>
        <line num="84" count="6" type="cond" truecount="4" falsecount="0"/>
        <line num="85" count="1" type="stmt"/>
        <line num="88" count="5" type="stmt"/>
        <line num="89" count="5" type="stmt"/>
        <line num="94" count="5" type="stmt"/>
        <line num="95" count="5" type="stmt"/>
        <line num="97" count="4" type="stmt"/>
        <line num="98" count="4" type="stmt"/>
        <line num="100" count="4" type="stmt"/>
        <line num="120" count="18" type="stmt"/>
        <line num="123" count="18" type="stmt"/>
        <line num="124" count="18" type="stmt"/>
        <line num="125" count="18" type="cond" truecount="5" falsecount="1"/>
        <line num="126" count="18" type="stmt"/>
        <line num="127" count="0" type="cond" truecount="0" falsecount="4"/>
        <line num="128" count="0" type="stmt"/>
        <line num="132" count="18" type="stmt"/>
        <line num="134" count="18" type="stmt"/>
        <line num="138" count="18" type="stmt"/>
        <line num="158" count="4" type="stmt"/>
        <line num="162" count="4" type="cond" truecount="2" falsecount="0"/>
        <line num="164" count="3" type="stmt"/>
        <line num="165" count="3" type="stmt"/>
        <line num="168" count="1" type="stmt"/>
        <line num="169" count="1" type="stmt"/>
        <line num="172" count="4" type="stmt"/>
        <line num="189" count="0" type="cond" truecount="0" falsecount="2"/>
        <line num="190" count="0" type="cond" truecount="0" falsecount="2"/>
        <line num="191" count="0" type="stmt"/>
        <line num="198" count="5" type="cond" truecount="2" falsecount="0"/>
        <line num="199" count="5" type="cond" truecount="2" falsecount="0"/>
        <line num="200" count="5" type="stmt"/>
        <line num="201" count="5" type="stmt"/>
        <line num="214" count="6" type="stmt"/>
        <line num="215" count="6" type="cond" truecount="2" falsecount="0"/>
        <line num="218" count="6" type="cond" truecount="2" falsecount="0"/>
        <line num="222" count="6" type="stmt"/>
        <line num="238" count="4" type="stmt"/>
        <line num="239" count="12" type="cond" truecount="2" falsecount="0"/>
        <line num="241" count="9" type="stmt"/>
        <line num="242" count="9" type="stmt"/>
        <line num="243" count="9" type="stmt"/>
        <line num="253" count="12" type="stmt"/>
        <line num="260" count="6" type="cond" truecount="4" falsecount="0"/>
        <line num="263" count="8" type="stmt"/>
      </file>
      <file name="healthCheck.js" path="C:\Users\MSI\OneDrive\Bureau\PFE\blancbleu\server\utils\healthCheck.js">
        <metrics statements="31" coveredstatements="26" conditionals="24" coveredconditionals="11" methods="4" coveredmethods="4"/>
        <line num="7" count="5" type="stmt"/>
        <line num="8" count="5" type="stmt"/>
        <line num="9" count="5" type="stmt"/>
        <line num="11" count="5" type="cond" truecount="1" falsecount="1"/>
        <line num="12" count="5" type="stmt"/>
        <line num="18" count="1" type="stmt"/>
        <line num="19" count="1" type="stmt"/>
        <line num="26" count="1" type="cond" truecount="1" falsecount="1"/>
        <line num="27" count="0" type="cond" truecount="0" falsecount="2"/>
        <line num="30" count="1" type="stmt"/>
        <line num="32" count="1" type="stmt"/>
        <line num="33" count="1" type="stmt"/>
        <line num="34" count="1" type="stmt"/>
        <line num="40" count="0" type="stmt"/>
        <line num="48" count="1" type="stmt"/>
        <line num="49" count="1" type="stmt"/>
        <line num="50" count="1" type="stmt"/>
        <line num="53" count="0" type="stmt"/>
        <line num="60" count="1" type="stmt"/>
        <line num="72" count="1" type="stmt"/>
        <line num="73" count="1" type="stmt"/>
        <line num="85" count="1" type="stmt"/>
        <line num="87" count="1" type="stmt"/>
        <line num="88" count="1" type="stmt"/>
        <line num="89" count="1" type="stmt"/>
        <line num="92" count="1" type="cond" truecount="3" falsecount="1"/>
        <line num="99" count="1" type="cond" truecount="2" falsecount="2"/>
        <line num="101" count="1" type="stmt"/>
        <line num="119" count="0" type="stmt"/>
        <line num="120" count="0" type="stmt"/>
        <line num="128" count="5" type="stmt"/>
      </file>
    </package>
  </project>
</coverage>
