{"C:\\Users\\MSI\\OneDrive\\Bureau\\PFE\\blancbleu\\server\\controllers\\gdprController.js": {"path":"C:\\Users\\MSI\\OneDrive\\Bureau\\PFE\\blancbleu\\server\\controllers\\gdprController.js","statementMap":{"0":{"start":{"line":1,"column":15},"end":{"line":1,"column":34}},"1":{"start":{"line":2,"column":13},"end":{"line":2,"column":38}},"2":{"start":{"line":3,"column":16},"end":{"line":3,"column":44}},"3":{"start":{"line":4,"column":18},"end":{"line":4,"column":48}},"4":{"start":{"line":5,"column":21},"end":{"line":5,"column":54}},"5":{"start":{"line":6,"column":16},"end":{"line":6,"column":44}},"6":{"start":{"line":7,"column":21},"end":{"line":7,"column":54}},"7":{"start":{"line":9,"column":16},"end":{"line":10,"column":83}},"8":{"start":{"line":10,"column":2},"end":{"line":10,"column":83}},"9":{"start":{"line":17,"column":19},"end":{"line":87,"column":1}},"10":{"start":{"line":18,"column":2},"end":{"line":86,"column":3}},"11":{"start":{"line":19,"column":17},"end":{"line":19,"column":50}},"12":{"start":{"line":21,"column":20},"end":{"line":39,"column":5}},"13":{"start":{"line":41,"column":4},"end":{"line":76,"column":5}},"14":{"start":{"line":42,"column":22},"end":{"line":42,"column":73}},"15":{"start":{"line":44,"column":6},"end":{"line":75,"column":7}},"16":{"start":{"line":45,"column":8},"end":{"line":58,"column":10}},"17":{"start":{"line":60,"column":54},"end":{"line":70,"column":10}},"18":{"start":{"line":72,"column":8},"end":{"line":72,"column":40}},"19":{"start":{"line":73,"column":8},"end":{"line":73,"column":46}},"20":{"start":{"line":74,"column":8},"end":{"line":74,"column":36}},"21":{"start":{"line":78,"column":4},"end":{"line":78,"column":54}},"22":{"start":{"line":79,"column":4},"end":{"line":82,"column":6}},"23":{"start":{"line":83,"column":4},"end":{"line":83,"column":22}},"24":{"start":{"line":85,"column":4},"end":{"line":85,"column":52}},"25":{"start":{"line":96,"column":18},"end":{"line":183,"column":1}},"26":{"start":{"line":97,"column":2},"end":{"line":182,"column":3}},"27":{"start":{"line":98,"column":25},"end":{"line":98,"column":33}},"28":{"start":{"line":100,"column":4},"end":{"line":102,"column":5}},"29":{"start":{"line":101,"column":6},"end":{"line":101,"column":88}},"30":{"start":{"line":104,"column":17},"end":{"line":104,"column":70}},"31":{"start":{"line":105,"column":18},"end":{"line":105,"column":54}},"32":{"start":{"line":106,"column":4},"end":{"line":108,"column":5}},"33":{"start":{"line":107,"column":6},"end":{"line":107,"column":73}},"34":{"start":{"line":110,"column":22},"end":{"line":110,"column":60}},"35":{"start":{"line":112,"column":4},"end":{"line":154,"column":5}},"36":{"start":{"line":113,"column":22},"end":{"line":113,"column":66}},"37":{"start":{"line":115,"column":6},"end":{"line":153,"column":7}},"38":{"start":{"line":117,"column":8},"end":{"line":127,"column":10}},"39":{"start":{"line":130,"column":8},"end":{"line":139,"column":10}},"40":{"start":{"line":142,"column":8},"end":{"line":151,"column":11}},"41":{"start":{"line":152,"column":8},"end":{"line":152,"column":58}},"42":{"start":{"line":157,"column":4},"end":{"line":167,"column":7}},"43":{"start":{"line":168,"column":4},"end":{"line":168,"column":51}},"44":{"start":{"line":171,"column":4},"end":{"line":171,"column":70}},"45":{"start":{"line":174,"column":4},"end":{"line":174,"column":51}},"46":{"start":{"line":175,"column":4},"end":{"line":175,"column":57}},"47":{"start":{"line":177,"column":4},"end":{"line":179,"column":7}},"48":{"start":{"line":181,"column":4},"end":{"line":181,"column":52}},"49":{"start":{"line":185,"column":0},"end":{"line":185,"column":43}}},"fnMap":{"0":{"name":"(anonymous_0)","decl":{"start":{"line":9,"column":16},"end":{"line":9,"column":17}},"loc":{"start":{"line":10,"column":2},"end":{"line":10,"column":83}},"line":10},"1":{"name":"(anonymous_1)","decl":{"start":{"line":17,"column":19},"end":{"line":17,"column":20}},"loc":{"start":{"line":17,"column":39},"end":{"line":87,"column":1}},"line":17},"2":{"name":"(anonymous_2)","decl":{"start":{"line":96,"column":18},"end":{"line":96,"column":19}},"loc":{"start":{"line":96,"column":38},"end":{"line":183,"column":1}},"line":96}},"branchMap":{"0":{"loc":{"start":{"line":10,"column":2},"end":{"line":10,"column":83}},"type":"cond-expr","locations":[{"start":{"line":10,"column":42},"end":{"line":10,"column":69}},{"start":{"line":10,"column":72},"end":{"line":10,"column":83}}],"line":10},"1":{"loc":{"start":{"line":41,"column":4},"end":{"line":76,"column":5}},"type":"if","locations":[{"start":{"line":41,"column":4},"end":{"line":76,"column":5}},{"start":{},"end":{}}],"line":41},"2":{"loc":{"start":{"line":44,"column":6},"end":{"line":75,"column":7}},"type":"if","locations":[{"start":{"line":44,"column":6},"end":{"line":75,"column":7}},{"start":{},"end":{}}],"line":44},"3":{"loc":{"start":{"line":100,"column":4},"end":{"line":102,"column":5}},"type":"if","locations":[{"start":{"line":100,"column":4},"end":{"line":102,"column":5}},{"start":{},"end":{}}],"line":100},"4":{"loc":{"start":{"line":106,"column":4},"end":{"line":108,"column":5}},"type":"if","locations":[{"start":{"line":106,"column":4},"end":{"line":108,"column":5}},{"start":{},"end":{}}],"line":106},"5":{"loc":{"start":{"line":112,"column":4},"end":{"line":154,"column":5}},"type":"if","locations":[{"start":{"line":112,"column":4},"end":{"line":154,"column":5}},{"start":{},"end":{}}],"line":112},"6":{"loc":{"start":{"line":115,"column":6},"end":{"line":153,"column":7}},"type":"if","locations":[{"start":{"line":115,"column":6},"end":{"line":153,"column":7}},{"start":{},"end":{}}],"line":115}},"s":{"0":5,"1":5,"2":5,"3":5,"4":5,"5":5,"6":5,"7":5,"8":0,"9":5,"10":3,"11":3,"12":3,"13":3,"14":2,"15":2,"16":1,"17":1,"18":1,"19":1,"20":1,"21":3,"22":3,"23":3,"24":0,"25":5,"26":4,"27":4,"28":4,"29":1,"30":3,"31":3,"32":3,"33":1,"34":2,"35":2,"36":1,"37":1,"38":1,"39":1,"40":1,"41":1,"42":2,"43":2,"44":2,"45":2,"46":2,"47":2,"48":0,"49":5},"f":{"0":0,"1":3,"2":4},"b":{"0":[0,0],"1":[2,1],"2":[1,1],"3":[1,3],"4":[1,2],"5":[1,1],"6":[1,0]},"_coverageSchema":"1a1c01bbd47fc00a2c39e90264f33305004495a9","hash":"3e7393eccb6acf48a567f467bdea738d569ab428"}
,"C:\\Users\\MSI\\OneDrive\\Bureau\\PFE\\blancbleu\\server\\middleware\\auditMiddleware.js": {"path":"C:\\Users\\MSI\\OneDrive\\Bureau\\PFE\\blancbleu\\server\\middleware\\auditMiddleware.js","statementMap":{"0":{"start":{"line":5,"column":16},"end":{"line":5,"column":51}},"1":{"start":{"line":8,"column":24},"end":{"line":27,"column":1}},"2":{"start":{"line":30,"column":14},"end":{"line":30,"column":34}},"3":{"start":{"line":31,"column":16},"end":{"line":31,"column":64}},"4":{"start":{"line":31,"column":44},"end":{"line":31,"column":63}},"5":{"start":{"line":32,"column":2},"end":{"line":32,"column":31}},"6":{"start":{"line":39,"column":17},"end":{"line":39,"column":52}},"7":{"start":{"line":40,"column":2},"end":{"line":40,"column":29}},"8":{"start":{"line":40,"column":15},"end":{"line":40,"column":29}},"9":{"start":{"line":42,"column":16},"end":{"line":42,"column":26}},"10":{"start":{"line":43,"column":20},"end":{"line":43,"column":35}},"11":{"start":{"line":46,"column":23},"end":{"line":46,"column":41}},"12":{"start":{"line":47,"column":2},"end":{"line":84,"column":4}},"13":{"start":{"line":48,"column":20},"end":{"line":48,"column":38}},"14":{"start":{"line":49,"column":19},"end":{"line":49,"column":39}},"15":{"start":{"line":52,"column":4},"end":{"line":81,"column":7}},"16":{"start":{"line":53,"column":6},"end":{"line":80,"column":9}},"17":{"start":{"line":83,"column":4},"end":{"line":83,"column":30}},"18":{"start":{"line":86,"column":2},"end":{"line":86,"column":9}},"19":{"start":{"line":90,"column":2},"end":{"line":90,"column":52}},"20":{"start":{"line":90,"column":40},"end":{"line":90,"column":52}},"21":{"start":{"line":91,"column":2},"end":{"line":91,"column":61}},"22":{"start":{"line":91,"column":44},"end":{"line":91,"column":61}},"23":{"start":{"line":92,"column":2},"end":{"line":92,"column":45}},"24":{"start":{"line":92,"column":32},"end":{"line":92,"column":45}},"25":{"start":{"line":93,"column":2},"end":{"line":93,"column":18}},"26":{"start":{"line":97,"column":2},"end":{"line":97,"column":61}},"27":{"start":{"line":97,"column":39},"end":{"line":97,"column":61}},"28":{"start":{"line":98,"column":2},"end":{"line":98,"column":45}},"29":{"start":{"line":98,"column":31},"end":{"line":98,"column":45}},"30":{"start":{"line":99,"column":2},"end":{"line":99,"column":40}},"31":{"start":{"line":99,"column":28},"end":{"line":99,"column":40}},"32":{"start":{"line":100,"column":2},"end":{"line":100,"column":51}},"33":{"start":{"line":100,"column":34},"end":{"line":100,"column":51}},"34":{"start":{"line":101,"column":2},"end":{"line":101,"column":44}},"35":{"start":{"line":101,"column":30},"end":{"line":101,"column":44}},"36":{"start":{"line":102,"column":2},"end":{"line":102,"column":52}},"37":{"start":{"line":102,"column":34},"end":{"line":102,"column":52}},"38":{"start":{"line":103,"column":2},"end":{"line":103,"column":17}},"39":{"start":{"line":106,"column":0},"end":{"line":106,"column":33}}},"fnMap":{"0":{"name":"trouverAction","decl":{"start":{"line":29,"column":9},"end":{"line":29,"column":22}},"loc":{"start":{"line":29,"column":38},"end":{"line":33,"column":1}},"line":29},"1":{"name":"(anonymous_1)","decl":{"start":{"line":31,"column":37},"end":{"line":31,"column":38}},"loc":{"start":{"line":31,"column":44},"end":{"line":31,"column":63}},"line":31},"2":{"name":"auditMiddleware","decl":{"start":{"line":38,"column":9},"end":{"line":38,"column":24}},"loc":{"start":{"line":38,"column":41},"end":{"line":87,"column":1}},"line":38},"3":{"name":"(anonymous_3)","decl":{"start":{"line":47,"column":13},"end":{"line":47,"column":14}},"loc":{"start":{"line":47,"column":29},"end":{"line":84,"column":3}},"line":47},"4":{"name":"(anonymous_4)","decl":{"start":{"line":52,"column":17},"end":{"line":52,"column":18}},"loc":{"start":{"line":52,"column":23},"end":{"line":81,"column":5}},"line":52},"5":{"name":"detecterOrigine","decl":{"start":{"line":89,"column":9},"end":{"line":89,"column":24}},"loc":{"start":{"line":89,"column":30},"end":{"line":94,"column":1}},"line":89},"6":{"name":"detecterTypeRessource","decl":{"start":{"line":96,"column":9},"end":{"line":96,"column":30}},"loc":{"start":{"line":96,"column":37},"end":{"line":104,"column":1}},"line":96}},"branchMap":{"0":{"loc":{"start":{"line":32,"column":9},"end":{"line":32,"column":30}},"type":"binary-expr","locations":[{"start":{"line":32,"column":9},"end":{"line":32,"column":22}},{"start":{"line":32,"column":26},"end":{"line":32,"column":30}}],"line":32},"1":{"loc":{"start":{"line":40,"column":2},"end":{"line":40,"column":29}},"type":"if","locations":[{"start":{"line":40,"column":2},"end":{"line":40,"column":29}},{"start":{},"end":{}}],"line":40},"2":{"loc":{"start":{"line":58,"column":17},"end":{"line":58,"column":45}},"type":"binary-expr","locations":[{"start":{"line":58,"column":17},"end":{"line":58,"column":32}},{"start":{"line":58,"column":36},"end":{"line":58,"column":45}}],"line":58},"3":{"loc":{"start":{"line":59,"column":16},"end":{"line":59,"column":43}},"type":"binary-expr","locations":[{"start":{"line":59,"column":16},"end":{"line":59,"column":30}},{"start":{"line":59,"column":34},"end":{"line":59,"column":43}}],"line":59},"4":{"loc":{"start":{"line":60,"column":14},"end":{"line":60,"column":60}},"type":"binary-expr","locations":[{"start":{"line":60,"column":14},"end":{"line":60,"column":20}},{"start":{"line":60,"column":24},"end":{"line":60,"column":54}},{"start":{"line":60,"column":58},"end":{"line":60,"column":60}}],"line":60},"5":{"loc":{"start":{"line":64,"column":14},"end":{"line":64,"column":76}},"type":"binary-expr","locations":[{"start":{"line":64,"column":14},"end":{"line":64,"column":28}},{"start":{"line":64,"column":32},"end":{"line":64,"column":55}},{"start":{"line":64,"column":59},"end":{"line":64,"column":68}},{"start":{"line":64,"column":72},"end":{"line":64,"column":76}}],"line":64},"6":{"loc":{"start":{"line":65,"column":21},"end":{"line":65,"column":69}},"type":"binary-expr","locations":[{"start":{"line":65,"column":21},"end":{"line":65,"column":47}},{"start":{"line":65,"column":51},"end":{"line":65,"column":63}},{"start":{"line":65,"column":67},"end":{"line":65,"column":69}}],"line":65},"7":{"loc":{"start":{"line":68,"column":17},"end":{"line":68,"column":58}},"type":"cond-expr","locations":[{"start":{"line":68,"column":42},"end":{"line":68,"column":51}},{"start":{"line":68,"column":54},"end":{"line":68,"column":58}}],"line":68},"8":{"loc":{"start":{"line":69,"column":17},"end":{"line":69,"column":59}},"type":"cond-expr","locations":[{"start":{"line":69,"column":26},"end":{"line":69,"column":52}},{"start":{"line":69,"column":55},"end":{"line":69,"column":59}}],"line":69},"9":{"loc":{"start":{"line":69,"column":26},"end":{"line":69,"column":52}},"type":"binary-expr","locations":[{"start":{"line":69,"column":26},"end":{"line":69,"column":44}},{"start":{"line":69,"column":48},"end":{"line":69,"column":52}}],"line":69},"10":{"loc":{"start":{"line":71,"column":19},"end":{"line":73,"column":39}},"type":"cond-expr","locations":[{"start":{"line":72,"column":14},"end":{"line":72,"column":61}},{"start":{"line":73,"column":14},"end":{"line":73,"column":39}}],"line":71},"11":{"loc":{"start":{"line":73,"column":14},"end":{"line":73,"column":39}},"type":"binary-expr","locations":[{"start":{"line":73,"column":14},"end":{"line":73,"column":27}},{"start":{"line":73,"column":31},"end":{"line":73,"column":39}}],"line":73},"12":{"loc":{"start":{"line":76,"column":16},"end":{"line":76,"column":49}},"type":"cond-expr","locations":[{"start":{"line":76,"column":25},"end":{"line":76,"column":27}},{"start":{"line":76,"column":30},"end":{"line":76,"column":49}}],"line":76},"13":{"loc":{"start":{"line":76,"column":30},"end":{"line":76,"column":49}},"type":"binary-expr","locations":[{"start":{"line":76,"column":30},"end":{"line":76,"column":43}},{"start":{"line":76,"column":47},"end":{"line":76,"column":49}}],"line":76},"14":{"loc":{"start":{"line":90,"column":2},"end":{"line":90,"column":52}},"type":"if","locations":[{"start":{"line":90,"column":2},"end":{"line":90,"column":52}},{"start":{},"end":{}}],"line":90},"15":{"loc":{"start":{"line":91,"column":2},"end":{"line":91,"column":61}},"type":"if","locations":[{"start":{"line":91,"column":2},"end":{"line":91,"column":61}},{"start":{},"end":{}}],"line":91},"16":{"loc":{"start":{"line":92,"column":2},"end":{"line":92,"column":45}},"type":"if","locations":[{"start":{"line":92,"column":2},"end":{"line":92,"column":45}},{"start":{},"end":{}}],"line":92},"17":{"loc":{"start":{"line":97,"column":2},"end":{"line":97,"column":61}},"type":"if","locations":[{"start":{"line":97,"column":2},"end":{"line":97,"column":61}},{"start":{},"end":{}}],"line":97},"18":{"loc":{"start":{"line":98,"column":2},"end":{"line":98,"column":45}},"type":"if","locations":[{"start":{"line":98,"column":2},"end":{"line":98,"column":45}},{"start":{},"end":{}}],"line":98},"19":{"loc":{"start":{"line":99,"column":2},"end":{"line":99,"column":40}},"type":"if","locations":[{"start":{"line":99,"column":2},"end":{"line":99,"column":40}},{"start":{},"end":{}}],"line":99},"20":{"loc":{"start":{"line":100,"column":2},"end":{"line":100,"column":51}},"type":"if","locations":[{"start":{"line":100,"column":2},"end":{"line":100,"column":51}},{"start":{},"end":{}}],"line":100},"21":{"loc":{"start":{"line":101,"column":2},"end":{"line":101,"column":44}},"type":"if","locations":[{"start":{"line":101,"column":2},"end":{"line":101,"column":44}},{"start":{},"end":{}}],"line":101},"22":{"loc":{"start":{"line":102,"column":2},"end":{"line":102,"column":52}},"type":"if","locations":[{"start":{"line":102,"column":2},"end":{"line":102,"column":52}},{"start":{},"end":{}}],"line":102}},"s":{"0":5,"1":5,"2":55,"3":55,"4":486,"5":55,"6":55,"7":55,"8":46,"9":9,"10":9,"11":9,"12":9,"13":9,"14":9,"15":9,"16":9,"17":9,"18":9,"19":9,"20":0,"21":9,"22":0,"23":9,"24":0,"25":9,"26":9,"27":0,"28":9,"29":0,"30":9,"31":0,"32":9,"33":0,"34":9,"35":0,"36":9,"37":0,"38":9,"39":5},"f":{"0":55,"1":486,"2":55,"3":9,"4":9,"5":9,"6":9},"b":{"0":[55,46],"1":[46,9],"2":[9,9],"3":[9,9],"4":[9,0,0],"5":[9,9,9,9],"6":[9,9,9],"7":[0,9],"8":[5,4],"9":[5,5],"10":[5,4],"11":[4,0],"12":[5,4],"13":[4,0],"14":[0,9],"15":[0,9],"16":[0,9],"17":[0,9],"18":[0,9],"19":[0,9],"20":[0,9],"21":[0,9],"22":[0,9]},"_coverageSchema":"1a1c01bbd47fc00a2c39e90264f33305004495a9","hash":"33e84a9e0397fe1812c86158635222419684614b"}
,"C:\\Users\\MSI\\OneDrive\\Bureau\\PFE\\blancbleu\\server\\middleware\\auth.js": {"path":"C:\\Users\\MSI\\OneDrive\\Bureau\\PFE\\blancbleu\\server\\middleware\\auth.js","statementMap":{"0":{"start":{"line":1,"column":12},"end":{"line":1,"column":35}},"1":{"start":{"line":2,"column":13},"end":{"line":2,"column":38}},"2":{"start":{"line":5,"column":16},"end":{"line":30,"column":1}},"3":{"start":{"line":8,"column":2},"end":{"line":12,"column":3}},"4":{"start":{"line":9,"column":4},"end":{"line":9,"column":52}},"5":{"start":{"line":10,"column":9},"end":{"line":12,"column":3}},"6":{"start":{"line":11,"column":4},"end":{"line":11,"column":34}},"7":{"start":{"line":14,"column":2},"end":{"line":16,"column":3}},"8":{"start":{"line":15,"column":4},"end":{"line":15,"column":78}},"9":{"start":{"line":18,"column":2},"end":{"line":29,"column":3}},"10":{"start":{"line":19,"column":20},"end":{"line":19,"column":61}},"11":{"start":{"line":20,"column":4},"end":{"line":20,"column":67}},"12":{"start":{"line":22,"column":4},"end":{"line":24,"column":5}},"13":{"start":{"line":23,"column":6},"end":{"line":23,"column":80}},"14":{"start":{"line":26,"column":4},"end":{"line":26,"column":11}},"15":{"start":{"line":28,"column":4},"end":{"line":28,"column":73}},"16":{"start":{"line":33,"column":18},"end":{"line":42,"column":1}},"17":{"start":{"line":34,"column":2},"end":{"line":41,"column":4}},"18":{"start":{"line":35,"column":4},"end":{"line":39,"column":5}},"19":{"start":{"line":36,"column":6},"end":{"line":38,"column":9}},"20":{"start":{"line":40,"column":4},"end":{"line":40,"column":11}},"21":{"start":{"line":44,"column":0},"end":{"line":44,"column":40}}},"fnMap":{"0":{"name":"(anonymous_0)","decl":{"start":{"line":5,"column":16},"end":{"line":5,"column":17}},"loc":{"start":{"line":5,"column":42},"end":{"line":30,"column":1}},"line":5},"1":{"name":"(anonymous_1)","decl":{"start":{"line":33,"column":18},"end":{"line":33,"column":19}},"loc":{"start":{"line":33,"column":32},"end":{"line":42,"column":1}},"line":33},"2":{"name":"(anonymous_2)","decl":{"start":{"line":34,"column":9},"end":{"line":34,"column":10}},"loc":{"start":{"line":34,"column":29},"end":{"line":41,"column":3}},"line":34}},"branchMap":{"0":{"loc":{"start":{"line":8,"column":2},"end":{"line":12,"column":3}},"type":"if","locations":[{"start":{"line":8,"column":2},"end":{"line":12,"column":3}},{"start":{"line":10,"column":9},"end":{"line":12,"column":3}}],"line":8},"1":{"loc":{"start":{"line":10,"column":9},"end":{"line":12,"column":3}},"type":"if","locations":[{"start":{"line":10,"column":9},"end":{"line":12,"column":3}},{"start":{},"end":{}}],"line":10},"2":{"loc":{"start":{"line":14,"column":2},"end":{"line":16,"column":3}},"type":"if","locations":[{"start":{"line":14,"column":2},"end":{"line":16,"column":3}},{"start":{},"end":{}}],"line":14},"3":{"loc":{"start":{"line":22,"column":4},"end":{"line":24,"column":5}},"type":"if","locations":[{"start":{"line":22,"column":4},"end":{"line":24,"column":5}},{"start":{},"end":{}}],"line":22},"4":{"loc":{"start":{"line":22,"column":8},"end":{"line":22,"column":36}},"type":"binary-expr","locations":[{"start":{"line":22,"column":8},"end":{"line":22,"column":17}},{"start":{"line":22,"column":21},"end":{"line":22,"column":36}}],"line":22},"5":{"loc":{"start":{"line":35,"column":4},"end":{"line":39,"column":5}},"type":"if","locations":[{"start":{"line":35,"column":4},"end":{"line":39,"column":5}},{"start":{},"end":{}}],"line":35}},"s":{"0":5,"1":5,"2":5,"3":45,"4":37,"5":8,"6":0,"7":45,"8":8,"9":37,"10":37,"11":36,"12":36,"13":0,"14":36,"15":1,"16":5,"17":145,"18":11,"19":4,"20":7,"21":5},"f":{"0":45,"1":145,"2":11},"b":{"0":[37,8],"1":[0,8],"2":[8,37],"3":[0,36],"4":[36,36],"5":[4,7]},"_coverageSchema":"1a1c01bbd47fc00a2c39e90264f33305004495a9","hash":"85b86c95b11a490e5db530f6df08c186f1ce1ef9"}
,"C:\\Users\\MSI\\OneDrive\\Bureau\\PFE\\blancbleu\\server\\middleware\\httpLogger.js": {"path":"C:\\Users\\MSI\\OneDrive\\Bureau\\PFE\\blancbleu\\server\\middleware\\httpLogger.js","statementMap":{"0":{"start":{"line":7,"column":15},"end":{"line":7,"column":41}},"1":{"start":{"line":10,"column":19},"end":{"line":10,"column":47}},"2":{"start":{"line":13,"column":2},"end":{"line":13,"column":68}},"3":{"start":{"line":13,"column":29},"end":{"line":13,"column":51}},"4":{"start":{"line":13,"column":54},"end":{"line":13,"column":68}},"5":{"start":{"line":15,"column":16},"end":{"line":15,"column":26}},"6":{"start":{"line":18,"column":2},"end":{"line":21,"column":5}},"7":{"start":{"line":19,"column":21},"end":{"line":19,"column":39}},"8":{"start":{"line":20,"column":4},"end":{"line":20,"column":43}},"9":{"start":{"line":23,"column":2},"end":{"line":23,"column":9}},"10":{"start":{"line":26,"column":0},"end":{"line":26,"column":28}}},"fnMap":{"0":{"name":"httpLogger","decl":{"start":{"line":12,"column":9},"end":{"line":12,"column":19}},"loc":{"start":{"line":12,"column":36},"end":{"line":24,"column":1}},"line":12},"1":{"name":"(anonymous_1)","decl":{"start":{"line":13,"column":22},"end":{"line":13,"column":23}},"loc":{"start":{"line":13,"column":29},"end":{"line":13,"column":51}},"line":13},"2":{"name":"(anonymous_2)","decl":{"start":{"line":18,"column":19},"end":{"line":18,"column":20}},"loc":{"start":{"line":18,"column":25},"end":{"line":21,"column":3}},"line":18}},"branchMap":{"0":{"loc":{"start":{"line":13,"column":2},"end":{"line":13,"column":68}},"type":"if","locations":[{"start":{"line":13,"column":2},"end":{"line":13,"column":68}},{"start":{},"end":{}}],"line":13}},"s":{"0":5,"1":5,"2":55,"3":109,"4":1,"5":54,"6":54,"7":54,"8":54,"9":54,"10":5},"f":{"0":55,"1":109,"2":54},"b":{"0":[1,54]},"_coverageSchema":"1a1c01bbd47fc00a2c39e90264f33305004495a9","hash":"9ccb2808183e1a502ad40f58273568b4bceb3a46"}
,"C:\\Users\\MSI\\OneDrive\\Bureau\\PFE\\blancbleu\\server\\middleware\\rateLimiter.js": {"path":"C:\\Users\\MSI\\OneDrive\\Bureau\\PFE\\blancbleu\\server\\middleware\\rateLimiter.js","statementMap":{"0":{"start":{"line":1,"column":18},"end":{"line":1,"column":47}},"1":{"start":{"line":4,"column":16},"end":{"line":9,"column":1}},"2":{"start":{"line":5,"column":2},"end":{"line":8,"column":5}},"3":{"start":{"line":13,"column":20},"end":{"line":20,"column":2}},"4":{"start":{"line":24,"column":24},"end":{"line":30,"column":2}},"5":{"start":{"line":34,"column":18},"end":{"line":40,"column":2}},"6":{"start":{"line":44,"column":22},"end":{"line":51,"column":2}},"7":{"start":{"line":50,"column":17},"end":{"line":50,"column":43}},"8":{"start":{"line":53,"column":0},"end":{"line":53,"column":76}}},"fnMap":{"0":{"name":"(anonymous_0)","decl":{"start":{"line":4,"column":16},"end":{"line":4,"column":17}},"loc":{"start":{"line":4,"column":30},"end":{"line":9,"column":1}},"line":4},"1":{"name":"(anonymous_1)","decl":{"start":{"line":50,"column":8},"end":{"line":50,"column":9}},"loc":{"start":{"line":50,"column":17},"end":{"line":50,"column":43}},"line":50}},"branchMap":{},"s":{"0":5,"1":5,"2":0,"3":5,"4":5,"5":5,"6":5,"7":55,"8":5},"f":{"0":0,"1":55},"b":{},"_coverageSchema":"1a1c01bbd47fc00a2c39e90264f33305004495a9","hash":"e85e5fb64c209a1a50edfaf7c47722d71e464615"}
,"C:\\Users\\MSI\\OneDrive\\Bureau\\PFE\\blancbleu\\server\\middleware\\sanitize.js": {"path":"C:\\Users\\MSI\\OneDrive\\Bureau\\PFE\\blancbleu\\server\\middleware\\sanitize.js","statementMap":{"0":{"start":{"line":1,"column":22},"end":{"line":1,"column":55}},"1":{"start":{"line":2,"column":12},"end":{"line":2,"column":26}},"2":{"start":{"line":5,"column":22},"end":{"line":12,"column":2}},"3":{"start":{"line":8,"column":4},"end":{"line":10,"column":6}},"4":{"start":{"line":17,"column":20},"end":{"line":22,"column":1}},"5":{"start":{"line":18,"column":2},"end":{"line":20,"column":3}},"6":{"start":{"line":19,"column":4},"end":{"line":19,"column":40}},"7":{"start":{"line":21,"column":2},"end":{"line":21,"column":9}},"8":{"start":{"line":25,"column":2},"end":{"line":25,"column":47}},"9":{"start":{"line":25,"column":31},"end":{"line":25,"column":47}},"10":{"start":{"line":26,"column":2},"end":{"line":26,"column":57}},"11":{"start":{"line":26,"column":26},"end":{"line":26,"column":57}},"12":{"start":{"line":27,"column":2},"end":{"line":33,"column":3}},"13":{"start":{"line":28,"column":18},"end":{"line":28,"column":20}},"14":{"start":{"line":29,"column":4},"end":{"line":31,"column":5}},"15":{"start":{"line":30,"column":6},"end":{"line":30,"column":44}},"16":{"start":{"line":32,"column":4},"end":{"line":32,"column":17}},"17":{"start":{"line":34,"column":2},"end":{"line":34,"column":13}},"18":{"start":{"line":37,"column":0},"end":{"line":37,"column":48}}},"fnMap":{"0":{"name":"(anonymous_0)","decl":{"start":{"line":7,"column":14},"end":{"line":7,"column":15}},"loc":{"start":{"line":7,"column":32},"end":{"line":11,"column":3}},"line":7},"1":{"name":"(anonymous_1)","decl":{"start":{"line":17,"column":20},"end":{"line":17,"column":21}},"loc":{"start":{"line":17,"column":41},"end":{"line":22,"column":1}},"line":17},"2":{"name":"sanitizeObject","decl":{"start":{"line":24,"column":9},"end":{"line":24,"column":23}},"loc":{"start":{"line":24,"column":29},"end":{"line":35,"column":1}},"line":24}},"branchMap":{"0":{"loc":{"start":{"line":18,"column":2},"end":{"line":20,"column":3}},"type":"if","locations":[{"start":{"line":18,"column":2},"end":{"line":20,"column":3}},{"start":{},"end":{}}],"line":18},"1":{"loc":{"start":{"line":18,"column":6},"end":{"line":18,"column":46}},"type":"binary-expr","locations":[{"start":{"line":18,"column":6},"end":{"line":18,"column":14}},{"start":{"line":18,"column":18},"end":{"line":18,"column":46}}],"line":18},"2":{"loc":{"start":{"line":25,"column":2},"end":{"line":25,"column":47}},"type":"if","locations":[{"start":{"line":25,"column":2},"end":{"line":25,"column":47}},{"start":{},"end":{}}],"line":25},"3":{"loc":{"start":{"line":26,"column":2},"end":{"line":26,"column":57}},"type":"if","locations":[{"start":{"line":26,"column":2},"end":{"line":26,"column":57}},{"start":{},"end":{}}],"line":26},"4":{"loc":{"start":{"line":27,"column":2},"end":{"line":33,"column":3}},"type":"if","locations":[{"start":{"line":27,"column":2},"end":{"line":33,"column":3}},{"start":{},"end":{}}],"line":27},"5":{"loc":{"start":{"line":27,"column":6},"end":{"line":27,"column":45}},"type":"binary-expr","locations":[{"start":{"line":27,"column":6},"end":{"line":27,"column":18}},{"start":{"line":27,"column":22},"end":{"line":27,"column":45}}],"line":27}},"s":{"0":5,"1":5,"2":5,"3":0,"4":5,"5":55,"6":55,"7":55,"8":163,"9":90,"10":73,"11":0,"12":73,"13":65,"14":65,"15":108,"16":65,"17":8,"18":5},"f":{"0":0,"1":55,"2":163},"b":{"0":[55,0],"1":[55,55],"2":[90,73],"3":[0,73],"4":[65,8],"5":[73,73]},"_coverageSchema":"1a1c01bbd47fc00a2c39e90264f33305004495a9","hash":"3d23d16883baf39eaf644aa0137558479bdb1400"}
,"C:\\Users\\MSI\\OneDrive\\Bureau\\PFE\\blancbleu\\server\\middleware\\validate.js": {"path":"C:\\Users\\MSI\\OneDrive\\Bureau\\PFE\\blancbleu\\server\\middleware\\validate.js","statementMap":{"0":{"start":{"line":1,"column":12},"end":{"line":1,"column":26}},"1":{"start":{"line":10,"column":17},"end":{"line":30,"column":1}},"2":{"start":{"line":11,"column":2},"end":{"line":29,"column":4}},"3":{"start":{"line":12,"column":29},"end":{"line":16,"column":6}},"4":{"start":{"line":18,"column":4},"end":{"line":24,"column":5}},"5":{"start":{"line":19,"column":23},"end":{"line":19,"column":77}},"6":{"start":{"line":19,"column":48},"end":{"line":19,"column":76}},"7":{"start":{"line":20,"column":6},"end":{"line":23,"column":9}},"8":{"start":{"line":27,"column":4},"end":{"line":27,"column":24}},"9":{"start":{"line":28,"column":4},"end":{"line":28,"column":11}},"10":{"start":{"line":32,"column":0},"end":{"line":32,"column":26}}},"fnMap":{"0":{"name":"(anonymous_0)","decl":{"start":{"line":10,"column":17},"end":{"line":10,"column":18}},"loc":{"start":{"line":10,"column":46},"end":{"line":30,"column":1}},"line":10},"1":{"name":"(anonymous_1)","decl":{"start":{"line":11,"column":9},"end":{"line":11,"column":10}},"loc":{"start":{"line":11,"column":29},"end":{"line":29,"column":3}},"line":11},"2":{"name":"(anonymous_2)","decl":{"start":{"line":19,"column":41},"end":{"line":19,"column":42}},"loc":{"start":{"line":19,"column":48},"end":{"line":19,"column":76}},"line":19}},"branchMap":{"0":{"loc":{"start":{"line":10,"column":26},"end":{"line":10,"column":41}},"type":"default-arg","locations":[{"start":{"line":10,"column":35},"end":{"line":10,"column":41}}],"line":10},"1":{"loc":{"start":{"line":18,"column":4},"end":{"line":24,"column":5}},"type":"if","locations":[{"start":{"line":18,"column":4},"end":{"line":24,"column":5}},{"start":{},"end":{}}],"line":18}},"s":{"0":5,"1":5,"2":20,"3":5,"4":5,"5":3,"6":8,"7":3,"8":2,"9":2,"10":5},"f":{"0":20,"1":5,"2":8},"b":{"0":[20],"1":[3,2]},"_coverageSchema":"1a1c01bbd47fc00a2c39e90264f33305004495a9","hash":"2ba7c6e537a2a2c18a9fd532ff1029e6d62ba325"}
,"C:\\Users\\MSI\\OneDrive\\Bureau\\PFE\\blancbleu\\server\\services\\predictionService.js": {"path":"C:\\Users\\MSI\\OneDrive\\Bureau\\PFE\\blancbleu\\server\\services\\predictionService.js","statementMap":{"0":{"start":{"line":13,"column":18},"end":{"line":13,"column":48}},"1":{"start":{"line":14,"column":16},"end":{"line":14,"column":44}},"2":{"start":{"line":16,"column":14},"end":{"line":16,"column":42}},"3":{"start":{"line":17,"column":17},"end":{"line":17,"column":94}},"4":{"start":{"line":18,"column":28},"end":{"line":18,"column":29}},"5":{"start":{"line":20,"column":23},"end":{"line":29,"column":1}},"6":{"start":{"line":32,"column":2},"end":{"line":32,"column":38}},"7":{"start":{"line":32,"column":20},"end":{"line":32,"column":38}},"8":{"start":{"line":33,"column":2},"end":{"line":33,"column":35}},"9":{"start":{"line":33,"column":20},"end":{"line":33,"column":35}},"10":{"start":{"line":34,"column":2},"end":{"line":34,"column":14}},"11":{"start":{"line":38,"column":2},"end":{"line":38,"column":33}},"12":{"start":{"line":47,"column":26},"end":{"line":47,"column":60}},"13":{"start":{"line":48,"column":21},"end":{"line":48,"column":89}},"14":{"start":{"line":53,"column":21},"end":{"line":82,"column":4}},"15":{"start":{"line":85,"column":21},"end":{"line":85,"column":23}},"16":{"start":{"line":86,"column":2},"end":{"line":89,"column":3}},"17":{"start":{"line":86,"column":15},"end":{"line":86,"column":16}},"18":{"start":{"line":87,"column":4},"end":{"line":87,"column":23}},"19":{"start":{"line":88,"column":4},"end":{"line":88,"column":54}},"20":{"start":{"line":88,"column":30},"end":{"line":88,"column":54}},"21":{"start":{"line":91,"column":2},"end":{"line":97,"column":3}},"22":{"start":{"line":92,"column":43},"end":{"line":92,"column":52}},"23":{"start":{"line":93,"column":4},"end":{"line":96,"column":5}},"24":{"start":{"line":94,"column":6},"end":{"line":95,"column":68}},"25":{"start":{"line":100,"column":20},"end":{"line":103,"column":4}},"26":{"start":{"line":105,"column":19},"end":{"line":105,"column":52}},"27":{"start":{"line":106,"column":2},"end":{"line":108,"column":3}},"28":{"start":{"line":107,"column":4},"end":{"line":107,"column":57}},"29":{"start":{"line":107,"column":31},"end":{"line":107,"column":57}},"30":{"start":{"line":111,"column":22},"end":{"line":111,"column":24}},"31":{"start":{"line":112,"column":16},"end":{"line":112,"column":26}},"32":{"start":{"line":113,"column":2},"end":{"line":113,"column":29}},"33":{"start":{"line":115,"column":2},"end":{"line":146,"column":3}},"34":{"start":{"line":115,"column":15},"end":{"line":115,"column":16}},"35":{"start":{"line":116,"column":17},"end":{"line":116,"column":32}},"36":{"start":{"line":117,"column":4},"end":{"line":117,"column":37}},"37":{"start":{"line":119,"column":20},"end":{"line":119,"column":48}},"38":{"start":{"line":120,"column":20},"end":{"line":120,"column":51}},"39":{"start":{"line":122,"column":20},"end":{"line":122,"column":22}},"40":{"start":{"line":123,"column":21},"end":{"line":123,"column":22}},"41":{"start":{"line":125,"column":4},"end":{"line":136,"column":5}},"42":{"start":{"line":126,"column":23},"end":{"line":126,"column":48}},"43":{"start":{"line":127,"column":26},"end":{"line":127,"column":40}},"44":{"start":{"line":129,"column":8},"end":{"line":133,"column":15}},"45":{"start":{"line":134,"column":6},"end":{"line":134,"column":49}},"46":{"start":{"line":135,"column":6},"end":{"line":135,"column":57}},"47":{"start":{"line":138,"column":4},"end":{"line":145,"column":7}},"48":{"start":{"line":148,"column":2},"end":{"line":152,"column":4}},"49":{"start":{"line":155,"column":0},"end":{"line":155,"column":42}}},"fnMap":{"0":{"name":"tensionLabel","decl":{"start":{"line":31,"column":9},"end":{"line":31,"column":21}},"loc":{"start":{"line":31,"column":29},"end":{"line":35,"column":1}},"line":31},"1":{"name":"jsJourVersISO","decl":{"start":{"line":37,"column":9},"end":{"line":37,"column":22}},"loc":{"start":{"line":37,"column":30},"end":{"line":39,"column":1}},"line":37},"2":{"name":"predireBesoinsFlotte","decl":{"start":{"line":46,"column":15},"end":{"line":46,"column":35}},"loc":{"start":{"line":46,"column":49},"end":{"line":153,"column":1}},"line":46}},"branchMap":{"0":{"loc":{"start":{"line":32,"column":2},"end":{"line":32,"column":38}},"type":"if","locations":[{"start":{"line":32,"column":2},"end":{"line":32,"column":38}},{"start":{},"end":{}}],"line":32},"1":{"loc":{"start":{"line":33,"column":2},"end":{"line":33,"column":35}},"type":"if","locations":[{"start":{"line":33,"column":2},"end":{"line":33,"column":35}},{"start":{},"end":{}}],"line":33},"2":{"loc":{"start":{"line":38,"column":9},"end":{"line":38,"column":32}},"type":"cond-expr","locations":[{"start":{"line":38,"column":23},"end":{"line":38,"column":24}},{"start":{"line":38,"column":27},"end":{"line":38,"column":32}}],"line":38},"3":{"loc":{"start":{"line":46,"column":36},"end":{"line":46,"column":47}},"type":"default-arg","locations":[{"start":{"line":46,"column":46},"end":{"line":46,"column":47}}],"line":46},"4":{"loc":{"start":{"line":93,"column":4},"end":{"line":96,"column":5}},"type":"if","locations":[{"start":{"line":93,"column":4},"end":{"line":96,"column":5}},{"start":{},"end":{}}],"line":93},"5":{"loc":{"start":{"line":93,"column":8},"end":{"line":93,"column":64}},"type":"binary-expr","locations":[{"start":{"line":93,"column":8},"end":{"line":93,"column":31}},{"start":{"line":93,"column":35},"end":{"line":93,"column":64}}],"line":93},"6":{"loc":{"start":{"line":107,"column":4},"end":{"line":107,"column":57}},"type":"if","locations":[{"start":{"line":107,"column":4},"end":{"line":107,"column":57}},{"start":{},"end":{}}],"line":107},"7":{"loc":{"start":{"line":129,"column":8},"end":{"line":133,"column":15}},"type":"cond-expr","locations":[{"start":{"line":130,"column":12},"end":{"line":130,"column":60}},{"start":{"line":131,"column":12},"end":{"line":133,"column":15}}],"line":129},"8":{"loc":{"start":{"line":131,"column":12},"end":{"line":133,"column":15}},"type":"cond-expr","locations":[{"start":{"line":132,"column":14},"end":{"line":132,"column":15}},{"start":{"line":133,"column":14},"end":{"line":133,"column":15}}],"line":131}},"s":{"0":5,"1":5,"2":5,"3":5,"4":5,"5":5,"6":7,"7":0,"8":7,"9":0,"10":7,"11":7,"12":1,"13":1,"14":1,"15":1,"16":1,"17":1,"18":7,"19":7,"20":21,"21":1,"22":0,"23":0,"24":0,"25":1,"26":1,"27":1,"28":0,"29":0,"30":1,"31":1,"32":1,"33":1,"34":1,"35":7,"36":7,"37":7,"38":7,"39":7,"40":7,"41":7,"42":21,"43":21,"44":21,"45":21,"46":21,"47":7,"48":1,"49":5},"f":{"0":7,"1":7,"2":1},"b":{"0":[0,7],"1":[0,7],"2":[1,6],"3":[0],"4":[0,0],"5":[0,0],"6":[0,0],"7":[0,21],"8":[0,21]},"_coverageSchema":"1a1c01bbd47fc00a2c39e90264f33305004495a9","hash":"493a1a1ff0ac9673399c9bdf74dacb5d606b2992"}
,"C:\\Users\\MSI\\OneDrive\\Bureau\\PFE\\blancbleu\\server\\services\\tarifService.js": {"path":"C:\\Users\\MSI\\OneDrive\\Bureau\\PFE\\blancbleu\\server\\services\\tarifService.js","statementMap":{"0":{"start":{"line":18,"column":30},"end":{"line":18,"column":58}},"1":{"start":{"line":22,"column":15},"end":{"line":38,"column":1}},"2":{"start":{"line":41,"column":25},"end":{"line":41,"column":27}},"3":{"start":{"line":44,"column":21},"end":{"line":69,"column":2}},"4":{"start":{"line":79,"column":2},"end":{"line":79,"column":41}},"5":{"start":{"line":89,"column":12},"end":{"line":89,"column":27}},"6":{"start":{"line":90,"column":2},"end":{"line":90,"column":26}},"7":{"start":{"line":99,"column":2},"end":{"line":99,"column":39}},"8":{"start":{"line":99,"column":27},"end":{"line":99,"column":39}},"9":{"start":{"line":101,"column":18},"end":{"line":101,"column":49}},"10":{"start":{"line":102,"column":2},"end":{"line":102,"column":35}},"11":{"start":{"line":113,"column":12},"end":{"line":113,"column":35}},"12":{"start":{"line":114,"column":2},"end":{"line":117,"column":3}},"13":{"start":{"line":115,"column":19},"end":{"line":115,"column":50}},"14":{"start":{"line":116,"column":4},"end":{"line":116,"column":27}},"15":{"start":{"line":118,"column":2},"end":{"line":118,"column":11}},"16":{"start":{"line":160,"column":6},"end":{"line":160,"column":15}},"17":{"start":{"line":162,"column":17},"end":{"line":162,"column":38}},"18":{"start":{"line":163,"column":2},"end":{"line":167,"column":3}},"19":{"start":{"line":164,"column":4},"end":{"line":166,"column":6}},"20":{"start":{"line":170,"column":22},"end":{"line":170,"column":48}},"21":{"start":{"line":171,"column":20},"end":{"line":171,"column":51}},"22":{"start":{"line":172,"column":19},"end":{"line":172,"column":20}},"23":{"start":{"line":173,"column":23},"end":{"line":173,"column":39}},"24":{"start":{"line":175,"column":2},"end":{"line":189,"column":3}},"25":{"start":{"line":181,"column":18},"end":{"line":186,"column":5}},"26":{"start":{"line":187,"column":4},"end":{"line":187,"column":34}},"27":{"start":{"line":188,"column":4},"end":{"line":188,"column":34}},"28":{"start":{"line":192,"column":27},"end":{"line":194,"column":16}},"29":{"start":{"line":197,"column":22},"end":{"line":197,"column":81}},"30":{"start":{"line":198,"column":18},"end":{"line":201,"column":3}},"31":{"start":{"line":205,"column":20},"end":{"line":205,"column":21}},"32":{"start":{"line":206,"column":2},"end":{"line":221,"column":3}},"33":{"start":{"line":207,"column":22},"end":{"line":207,"column":61}},"34":{"start":{"line":209,"column":4},"end":{"line":214,"column":5}},"35":{"start":{"line":210,"column":6},"end":{"line":210,"column":43}},"36":{"start":{"line":211,"column":6},"end":{"line":213,"column":8}},"37":{"start":{"line":215,"column":4},"end":{"line":220,"column":5}},"38":{"start":{"line":216,"column":6},"end":{"line":216,"column":54}},"39":{"start":{"line":217,"column":6},"end":{"line":219,"column":8}},"40":{"start":{"line":224,"column":23},"end":{"line":224,"column":58}},"41":{"start":{"line":225,"column":15},"end":{"line":225,"column":38}},"42":{"start":{"line":226,"column":22},"end":{"line":226,"column":51}},"43":{"start":{"line":227,"column":25},"end":{"line":227,"column":61}},"44":{"start":{"line":229,"column":2},"end":{"line":229,"column":130}},"45":{"start":{"line":231,"column":2},"end":{"line":242,"column":4}},"46":{"start":{"line":276,"column":6},"end":{"line":276,"column":13}},"47":{"start":{"line":278,"column":17},"end":{"line":278,"column":38}},"48":{"start":{"line":279,"column":2},"end":{"line":283,"column":3}},"49":{"start":{"line":280,"column":4},"end":{"line":282,"column":6}},"50":{"start":{"line":285,"column":27},"end":{"line":285,"column":78}},"51":{"start":{"line":286,"column":22},"end":{"line":288,"column":3}},"52":{"start":{"line":290,"column":20},"end":{"line":290,"column":21}},"53":{"start":{"line":291,"column":2},"end":{"line":295,"column":3}},"54":{"start":{"line":292,"column":4},"end":{"line":292,"column":51}},"55":{"start":{"line":292,"column":14},"end":{"line":292,"column":51}},"56":{"start":{"line":293,"column":4},"end":{"line":293,"column":66}},"57":{"start":{"line":293,"column":18},"end":{"line":293,"column":66}},"58":{"start":{"line":294,"column":4},"end":{"line":294,"column":40}},"59":{"start":{"line":297,"column":23},"end":{"line":297,"column":58}},"60":{"start":{"line":298,"column":15},"end":{"line":298,"column":38}},"61":{"start":{"line":299,"column":22},"end":{"line":299,"column":51}},"62":{"start":{"line":300,"column":25},"end":{"line":300,"column":61}},"63":{"start":{"line":302,"column":2},"end":{"line":311,"column":4}},"64":{"start":{"line":314,"column":0},"end":{"line":323,"column":2}}},"fnMap":{"0":{"name":"arrondir","decl":{"start":{"line":78,"column":9},"end":{"line":78,"column":17}},"loc":{"start":{"line":78,"column":27},"end":{"line":80,"column":1}},"line":78},"1":{"name":"estNuit","decl":{"start":{"line":88,"column":9},"end":{"line":88,"column":16}},"loc":{"start":{"line":88,"column":23},"end":{"line":91,"column":1}},"line":88},"2":{"name":"estDimancheOuFerie","decl":{"start":{"line":98,"column":9},"end":{"line":98,"column":27}},"loc":{"start":{"line":98,"column":34},"end":{"line":103,"column":1}},"line":98},"3":{"name":"parseDateHeure","decl":{"start":{"line":112,"column":9},"end":{"line":112,"column":23}},"loc":{"start":{"line":112,"column":49},"end":{"line":119,"column":1}},"line":112},"4":{"name":"calculerTarif","decl":{"start":{"line":151,"column":15},"end":{"line":151,"column":28}},"loc":{"start":{"line":151,"column":40},"end":{"line":243,"column":1}},"line":151},"5":{"name":"calculerTarifSync","decl":{"start":{"line":270,"column":9},"end":{"line":270,"column":26}},"loc":{"start":{"line":270,"column":68},"end":{"line":312,"column":1}},"line":270}},"branchMap":{"0":{"loc":{"start":{"line":90,"column":9},"end":{"line":90,"column":25}},"type":"binary-expr","locations":[{"start":{"line":90,"column":9},"end":{"line":90,"column":16}},{"start":{"line":90,"column":20},"end":{"line":90,"column":25}}],"line":90},"1":{"loc":{"start":{"line":99,"column":2},"end":{"line":99,"column":39}},"type":"if","locations":[{"start":{"line":99,"column":2},"end":{"line":99,"column":39}},{"start":{},"end":{}}],"line":99},"2":{"loc":{"start":{"line":114,"column":2},"end":{"line":117,"column":3}},"type":"if","locations":[{"start":{"line":114,"column":2},"end":{"line":117,"column":3}},{"start":{},"end":{}}],"line":114},"3":{"loc":{"start":{"line":114,"column":6},"end":{"line":114,"column":48}},"type":"binary-expr","locations":[{"start":{"line":114,"column":6},"end":{"line":114,"column":14}},{"start":{"line":114,"column":18},"end":{"line":114,"column":48}}],"line":114},"4":{"loc":{"start":{"line":156,"column":4},"end":{"line":156,"column":23}},"type":"default-arg","locations":[{"start":{"line":156,"column":18},"end":{"line":156,"column":23}}],"line":156},"5":{"loc":{"start":{"line":159,"column":4},"end":{"line":159,"column":40}},"type":"default-arg","locations":[{"start":{"line":159,"column":24},"end":{"line":159,"column":40}}],"line":159},"6":{"loc":{"start":{"line":163,"column":2},"end":{"line":167,"column":3}},"type":"if","locations":[{"start":{"line":163,"column":2},"end":{"line":167,"column":3}},{"start":{},"end":{}}],"line":163},"7":{"loc":{"start":{"line":175,"column":2},"end":{"line":189,"column":3}},"type":"if","locations":[{"start":{"line":175,"column":2},"end":{"line":189,"column":3}},{"start":{},"end":{}}],"line":175},"8":{"loc":{"start":{"line":176,"column":4},"end":{"line":179,"column":18}},"type":"binary-expr","locations":[{"start":{"line":176,"column":4},"end":{"line":176,"column":20}},{"start":{"line":177,"column":4},"end":{"line":177,"column":20}},{"start":{"line":178,"column":4},"end":{"line":178,"column":18}},{"start":{"line":179,"column":4},"end":{"line":179,"column":18}}],"line":176},"9":{"loc":{"start":{"line":192,"column":27},"end":{"line":194,"column":16}},"type":"cond-expr","locations":[{"start":{"line":193,"column":6},"end":{"line":193,"column":30}},{"start":{"line":194,"column":6},"end":{"line":194,"column":16}}],"line":192},"10":{"loc":{"start":{"line":200,"column":15},"end":{"line":200,"column":49}},"type":"cond-expr","locations":[{"start":{"line":200,"column":29},"end":{"line":200,"column":44}},{"start":{"line":200,"column":47},"end":{"line":200,"column":49}}],"line":200},"11":{"loc":{"start":{"line":206,"column":2},"end":{"line":221,"column":3}},"type":"if","locations":[{"start":{"line":206,"column":2},"end":{"line":221,"column":3}},{"start":{},"end":{}}],"line":206},"12":{"loc":{"start":{"line":206,"column":6},"end":{"line":206,"column":52}},"type":"binary-expr","locations":[{"start":{"line":206,"column":6},"end":{"line":206,"column":35}},{"start":{"line":206,"column":39},"end":{"line":206,"column":52}}],"line":206},"13":{"loc":{"start":{"line":209,"column":4},"end":{"line":214,"column":5}},"type":"if","locations":[{"start":{"line":209,"column":4},"end":{"line":214,"column":5}},{"start":{},"end":{}}],"line":209},"14":{"loc":{"start":{"line":215,"column":4},"end":{"line":220,"column":5}},"type":"if","locations":[{"start":{"line":215,"column":4},"end":{"line":220,"column":5}},{"start":{},"end":{}}],"line":215},"15":{"loc":{"start":{"line":270,"column":54},"end":{"line":270,"column":66}},"type":"default-arg","locations":[{"start":{"line":270,"column":64},"end":{"line":270,"column":66}}],"line":270},"16":{"loc":{"start":{"line":272,"column":4},"end":{"line":272,"column":23}},"type":"default-arg","locations":[{"start":{"line":272,"column":18},"end":{"line":272,"column":23}}],"line":272},"17":{"loc":{"start":{"line":273,"column":4},"end":{"line":273,"column":40}},"type":"default-arg","locations":[{"start":{"line":273,"column":24},"end":{"line":273,"column":40}}],"line":273},"18":{"loc":{"start":{"line":274,"column":4},"end":{"line":274,"column":16}},"type":"default-arg","locations":[{"start":{"line":274,"column":11},"end":{"line":274,"column":16}}],"line":274},"19":{"loc":{"start":{"line":275,"column":4},"end":{"line":275,"column":20}},"type":"default-arg","locations":[{"start":{"line":275,"column":15},"end":{"line":275,"column":20}}],"line":275},"20":{"loc":{"start":{"line":279,"column":2},"end":{"line":283,"column":3}},"type":"if","locations":[{"start":{"line":279,"column":2},"end":{"line":283,"column":3}},{"start":{},"end":{}}],"line":279},"21":{"loc":{"start":{"line":285,"column":36},"end":{"line":285,"column":77}},"type":"cond-expr","locations":[{"start":{"line":285,"column":50},"end":{"line":285,"column":64}},{"start":{"line":285,"column":67},"end":{"line":285,"column":77}}],"line":285},"22":{"loc":{"start":{"line":291,"column":2},"end":{"line":295,"column":3}},"type":"if","locations":[{"start":{"line":291,"column":2},"end":{"line":295,"column":3}},{"start":{},"end":{}}],"line":291},"23":{"loc":{"start":{"line":292,"column":4},"end":{"line":292,"column":51}},"type":"if","locations":[{"start":{"line":292,"column":4},"end":{"line":292,"column":51}},{"start":{},"end":{}}],"line":292},"24":{"loc":{"start":{"line":293,"column":4},"end":{"line":293,"column":66}},"type":"if","locations":[{"start":{"line":293,"column":4},"end":{"line":293,"column":66}},{"start":{},"end":{}}],"line":293}},"s":{"0":6,"1":6,"2":6,"3":6,"4":132,"5":8,"6":8,"7":7,"8":1,"9":6,"10":6,"11":3,"12":3,"13":2,"14":2,"15":3,"16":0,"17":0,"18":0,"19":0,"20":0,"21":0,"22":0,"23":0,"24":0,"25":0,"26":0,"27":0,"28":0,"29":0,"30":0,"31":0,"32":0,"33":0,"34":0,"35":0,"36":0,"37":0,"38":0,"39":0,"40":0,"41":0,"42":0,"43":0,"44":0,"45":0,"46":23,"47":23,"48":23,"49":3,"50":20,"51":20,"52":20,"53":20,"54":8,"55":6,"56":8,"57":4,"58":8,"59":20,"60":20,"61":20,"62":20,"63":20,"64":6},"f":{"0":132,"1":8,"2":7,"3":3,"4":0,"5":23},"b":{"0":[8,6],"1":[1,6],"2":[2,1],"3":[3,2],"4":[0],"5":[0],"6":[0,0],"7":[0,0],"8":[0,0,0,0],"9":[0,0],"10":[0,0],"11":[0,0],"12":[0,0],"13":[0,0],"14":[0,0],"15":[10],"16":[19],"17":[21],"18":[15],"19":[17],"20":[3,20],"21":[4,16],"22":[8,12],"23":[6,2],"24":[4,4]},"_coverageSchema":"1a1c01bbd47fc00a2c39e90264f33305004495a9","hash":"afb7057d041636880a6eb73775db6d1f3560332f"}
,"C:\\Users\\MSI\\OneDrive\\Bureau\\PFE\\blancbleu\\server\\services\\transportStateMachine.js": {"path":"C:\\Users\\MSI\\OneDrive\\Bureau\\PFE\\blancbleu\\server\\services\\transportStateMachine.js","statementMap":{"0":{"start":{"line":27,"column":16},"end":{"line":45,"column":1}},"1":{"start":{"line":50,"column":20},"end":{"line":69,"column":1}},"2":{"start":{"line":74,"column":15},"end":{"line":110,"column":1}},"3":{"start":{"line":115,"column":19},"end":{"line":130,"column":1}},"4":{"start":{"line":135,"column":20},"end":{"line":197,"column":1}},"5":{"start":{"line":138,"column":19},"end":{"line":138,"column":21}},"6":{"start":{"line":139,"column":4},"end":{"line":139,"column":77}},"7":{"start":{"line":139,"column":34},"end":{"line":139,"column":77}},"8":{"start":{"line":140,"column":4},"end":{"line":140,"column":67}},"9":{"start":{"line":140,"column":29},"end":{"line":140,"column":67}},"10":{"start":{"line":141,"column":4},"end":{"line":142,"column":49}},"11":{"start":{"line":142,"column":6},"end":{"line":142,"column":49}},"12":{"start":{"line":143,"column":4},"end":{"line":144,"column":54}},"13":{"start":{"line":144,"column":6},"end":{"line":144,"column":54}},"14":{"start":{"line":145,"column":4},"end":{"line":145,"column":18}},"15":{"start":{"line":151,"column":19},"end":{"line":151,"column":21}},"16":{"start":{"line":152,"column":23},"end":{"line":152,"column":95}},"17":{"start":{"line":154,"column":6},"end":{"line":156,"column":48}},"18":{"start":{"line":158,"column":4},"end":{"line":160,"column":5}},"19":{"start":{"line":159,"column":6},"end":{"line":159,"column":47}},"20":{"start":{"line":161,"column":4},"end":{"line":161,"column":18}},"21":{"start":{"line":166,"column":19},"end":{"line":166,"column":21}},"22":{"start":{"line":167,"column":4},"end":{"line":167,"column":65}},"23":{"start":{"line":167,"column":29},"end":{"line":167,"column":65}},"24":{"start":{"line":168,"column":4},"end":{"line":168,"column":18}},"25":{"start":{"line":173,"column":19},"end":{"line":173,"column":21}},"26":{"start":{"line":174,"column":4},"end":{"line":175,"column":66}},"27":{"start":{"line":175,"column":6},"end":{"line":175,"column":66}},"28":{"start":{"line":176,"column":4},"end":{"line":176,"column":18}},"29":{"start":{"line":181,"column":36},"end":{"line":181,"column":38}},"30":{"start":{"line":185,"column":19},"end":{"line":185,"column":21}},"31":{"start":{"line":186,"column":4},"end":{"line":188,"column":5}},"32":{"start":{"line":187,"column":6},"end":{"line":187,"column":62}},"33":{"start":{"line":189,"column":4},"end":{"line":189,"column":18}},"34":{"start":{"line":193,"column":23},"end":{"line":193,"column":25}},"35":{"start":{"line":196,"column":21},"end":{"line":196,"column":23}},"36":{"start":{"line":204,"column":24},"end":{"line":204,"column":55}},"37":{"start":{"line":205,"column":4},"end":{"line":205,"column":47}},"38":{"start":{"line":209,"column":16},"end":{"line":209,"column":54}},"39":{"start":{"line":210,"column":23},"end":{"line":210,"column":76}},"40":{"start":{"line":211,"column":4},"end":{"line":211,"column":31}},"41":{"start":{"line":211,"column":21},"end":{"line":211,"column":31}},"42":{"start":{"line":212,"column":4},"end":{"line":212,"column":33}},"43":{"start":{"line":225,"column":8},"end":{"line":225,"column":16}},"44":{"start":{"line":228,"column":4},"end":{"line":233,"column":5}},"45":{"start":{"line":229,"column":6},"end":{"line":232,"column":8}},"46":{"start":{"line":236,"column":4},"end":{"line":236,"column":77}},"47":{"start":{"line":236,"column":31},"end":{"line":236,"column":77}},"48":{"start":{"line":237,"column":4},"end":{"line":237,"column":56}},"49":{"start":{"line":237,"column":19},"end":{"line":237,"column":56}},"50":{"start":{"line":240,"column":20},"end":{"line":240,"column":68}},"51":{"start":{"line":241,"column":4},"end":{"line":243,"column":5}},"52":{"start":{"line":242,"column":6},"end":{"line":242,"column":74}},"53":{"start":{"line":246,"column":27},"end":{"line":246,"column":52}},"54":{"start":{"line":247,"column":19},"end":{"line":250,"column":5}},"55":{"start":{"line":253,"column":4},"end":{"line":286,"column":5}},"56":{"start":{"line":256,"column":8},"end":{"line":258,"column":9}},"57":{"start":{"line":257,"column":10},"end":{"line":257,"column":59}},"58":{"start":{"line":259,"column":8},"end":{"line":259,"column":14}},"59":{"start":{"line":262,"column":8},"end":{"line":266,"column":9}},"60":{"start":{"line":263,"column":10},"end":{"line":265,"column":12}},"61":{"start":{"line":267,"column":8},"end":{"line":267,"column":14}},"62":{"start":{"line":271,"column":8},"end":{"line":271,"column":50}},"63":{"start":{"line":271,"column":23},"end":{"line":271,"column":50}},"64":{"start":{"line":272,"column":8},"end":{"line":272,"column":14}},"65":{"start":{"line":275,"column":8},"end":{"line":276,"column":64}},"66":{"start":{"line":277,"column":8},"end":{"line":277,"column":14}},"67":{"start":{"line":279,"column":8},"end":{"line":280,"column":69}},"68":{"start":{"line":281,"column":8},"end":{"line":281,"column":14}},"69":{"start":{"line":283,"column":8},"end":{"line":283,"column":76}},"70":{"start":{"line":284,"column":8},"end":{"line":284,"column":61}},"71":{"start":{"line":284,"column":26},"end":{"line":284,"column":61}},"72":{"start":{"line":285,"column":8},"end":{"line":285,"column":14}},"73":{"start":{"line":289,"column":26},"end":{"line":295,"column":5}},"74":{"start":{"line":297,"column":4},"end":{"line":297,"column":37}},"75":{"start":{"line":301,"column":4},"end":{"line":306,"column":8}},"76":{"start":{"line":301,"column":51},"end":{"line":306,"column":5}},"77":{"start":{"line":313,"column":18},"end":{"line":326,"column":5}},"78":{"start":{"line":327,"column":16},"end":{"line":327,"column":37}},"79":{"start":{"line":328,"column":4},"end":{"line":328,"column":32}},"80":{"start":{"line":328,"column":20},"end":{"line":328,"column":32}},"81":{"start":{"line":329,"column":4},"end":{"line":329,"column":56}},"82":{"start":{"line":335,"column":4},"end":{"line":335,"column":63}},"83":{"start":{"line":339,"column":0},"end":{"line":345,"column":2}}},"fnMap":{"0":{"name":"(anonymous_0)","decl":{"start":{"line":137,"column":23},"end":{"line":137,"column":24}},"loc":{"start":{"line":137,"column":38},"end":{"line":146,"column":3}},"line":137},"1":{"name":"(anonymous_1)","decl":{"start":{"line":150,"column":23},"end":{"line":150,"column":24}},"loc":{"start":{"line":150,"column":38},"end":{"line":162,"column":3}},"line":150},"2":{"name":"(anonymous_2)","decl":{"start":{"line":165,"column":22},"end":{"line":165,"column":23}},"loc":{"start":{"line":165,"column":37},"end":{"line":169,"column":3}},"line":165},"3":{"name":"(anonymous_3)","decl":{"start":{"line":172,"column":36},"end":{"line":172,"column":37}},"loc":{"start":{"line":172,"column":51},"end":{"line":177,"column":3}},"line":172},"4":{"name":"(anonymous_4)","decl":{"start":{"line":181,"column":20},"end":{"line":181,"column":21}},"loc":{"start":{"line":181,"column":36},"end":{"line":181,"column":38}},"line":181},"5":{"name":"(anonymous_5)","decl":{"start":{"line":184,"column":19},"end":{"line":184,"column":20}},"loc":{"start":{"line":184,"column":34},"end":{"line":190,"column":3}},"line":184},"6":{"name":"(anonymous_6)","decl":{"start":{"line":193,"column":17},"end":{"line":193,"column":18}},"loc":{"start":{"line":193,"column":23},"end":{"line":193,"column":25}},"line":193},"7":{"name":"(anonymous_7)","decl":{"start":{"line":196,"column":15},"end":{"line":196,"column":16}},"loc":{"start":{"line":196,"column":21},"end":{"line":196,"column":23}},"line":196},"8":{"name":"(anonymous_8)","decl":{"start":{"line":203,"column":2},"end":{"line":203,"column":3}},"loc":{"start":{"line":203,"column":56},"end":{"line":206,"column":3}},"line":203},"9":{"name":"(anonymous_9)","decl":{"start":{"line":208,"column":2},"end":{"line":208,"column":3}},"loc":{"start":{"line":208,"column":53},"end":{"line":213,"column":3}},"line":208},"10":{"name":"(anonymous_10)","decl":{"start":{"line":215,"column":2},"end":{"line":215,"column":3}},"loc":{"start":{"line":215,"column":70},"end":{"line":298,"column":3}},"line":215},"11":{"name":"(anonymous_11)","decl":{"start":{"line":300,"column":2},"end":{"line":300,"column":3}},"loc":{"start":{"line":300,"column":38},"end":{"line":307,"column":3}},"line":300},"12":{"name":"(anonymous_12)","decl":{"start":{"line":301,"column":43},"end":{"line":301,"column":44}},"loc":{"start":{"line":301,"column":51},"end":{"line":306,"column":5}},"line":301},"13":{"name":"(anonymous_13)","decl":{"start":{"line":309,"column":2},"end":{"line":309,"column":3}},"loc":{"start":{"line":309,"column":29},"end":{"line":330,"column":3}},"line":309},"14":{"name":"(anonymous_14)","decl":{"start":{"line":332,"column":2},"end":{"line":332,"column":3}},"loc":{"start":{"line":332,"column":29},"end":{"line":336,"column":3}},"line":332}},"branchMap":{"0":{"loc":{"start":{"line":139,"column":4},"end":{"line":139,"column":77}},"type":"if","locations":[{"start":{"line":139,"column":4},"end":{"line":139,"column":77}},{"start":{},"end":{}}],"line":139},"1":{"loc":{"start":{"line":140,"column":4},"end":{"line":140,"column":67}},"type":"if","locations":[{"start":{"line":140,"column":4},"end":{"line":140,"column":67}},{"start":{},"end":{}}],"line":140},"2":{"loc":{"start":{"line":141,"column":4},"end":{"line":142,"column":49}},"type":"if","locations":[{"start":{"line":141,"column":4},"end":{"line":142,"column":49}},{"start":{},"end":{}}],"line":141},"3":{"loc":{"start":{"line":141,"column":8},"end":{"line":141,"column":70}},"type":"binary-expr","locations":[{"start":{"line":141,"column":8},"end":{"line":141,"column":37}},{"start":{"line":141,"column":41},"end":{"line":141,"column":70}}],"line":141},"4":{"loc":{"start":{"line":143,"column":4},"end":{"line":144,"column":54}},"type":"if","locations":[{"start":{"line":143,"column":4},"end":{"line":144,"column":54}},{"start":{},"end":{}}],"line":143},"5":{"loc":{"start":{"line":143,"column":8},"end":{"line":143,"column":80}},"type":"binary-expr","locations":[{"start":{"line":143,"column":8},"end":{"line":143,"column":42}},{"start":{"line":143,"column":46},"end":{"line":143,"column":80}}],"line":143},"6":{"loc":{"start":{"line":154,"column":6},"end":{"line":156,"column":48}},"type":"binary-expr","locations":[{"start":{"line":154,"column":6},"end":{"line":154,"column":46}},{"start":{"line":155,"column":6},"end":{"line":155,"column":45}},{"start":{"line":156,"column":6},"end":{"line":156,"column":48}}],"line":154},"7":{"loc":{"start":{"line":158,"column":4},"end":{"line":160,"column":5}},"type":"if","locations":[{"start":{"line":158,"column":4},"end":{"line":160,"column":5}},{"start":{},"end":{}}],"line":158},"8":{"loc":{"start":{"line":158,"column":8},"end":{"line":158,"column":32}},"type":"binary-expr","locations":[{"start":{"line":158,"column":8},"end":{"line":158,"column":18}},{"start":{"line":158,"column":22},"end":{"line":158,"column":32}}],"line":158},"9":{"loc":{"start":{"line":167,"column":4},"end":{"line":167,"column":65}},"type":"if","locations":[{"start":{"line":167,"column":4},"end":{"line":167,"column":65}},{"start":{},"end":{}}],"line":167},"10":{"loc":{"start":{"line":174,"column":4},"end":{"line":175,"column":66}},"type":"if","locations":[{"start":{"line":174,"column":4},"end":{"line":175,"column":66}},{"start":{},"end":{}}],"line":174},"11":{"loc":{"start":{"line":186,"column":4},"end":{"line":188,"column":5}},"type":"if","locations":[{"start":{"line":186,"column":4},"end":{"line":188,"column":5}},{"start":{},"end":{}}],"line":186},"12":{"loc":{"start":{"line":186,"column":8},"end":{"line":186,"column":66}},"type":"binary-expr","locations":[{"start":{"line":186,"column":8},"end":{"line":186,"column":40}},{"start":{"line":186,"column":44},"end":{"line":186,"column":66}}],"line":186},"13":{"loc":{"start":{"line":204,"column":24},"end":{"line":204,"column":55}},"type":"binary-expr","locations":[{"start":{"line":204,"column":24},"end":{"line":204,"column":49}},{"start":{"line":204,"column":53},"end":{"line":204,"column":55}}],"line":204},"14":{"loc":{"start":{"line":210,"column":23},"end":{"line":210,"column":76}},"type":"binary-expr","locations":[{"start":{"line":210,"column":23},"end":{"line":210,"column":39}},{"start":{"line":210,"column":43},"end":{"line":210,"column":76}}],"line":210},"15":{"loc":{"start":{"line":211,"column":4},"end":{"line":211,"column":31}},"type":"if","locations":[{"start":{"line":211,"column":4},"end":{"line":211,"column":31}},{"start":{},"end":{}}],"line":211},"16":{"loc":{"start":{"line":215,"column":55},"end":{"line":215,"column":68}},"type":"default-arg","locations":[{"start":{"line":215,"column":66},"end":{"line":215,"column":68}}],"line":215},"17":{"loc":{"start":{"line":228,"column":4},"end":{"line":233,"column":5}},"type":"if","locations":[{"start":{"line":228,"column":4},"end":{"line":233,"column":5}},{"start":{},"end":{}}],"line":228},"18":{"loc":{"start":{"line":231,"column":27},"end":{"line":231,"column":62}},"type":"binary-expr","locations":[{"start":{"line":231,"column":27},"end":{"line":231,"column":56}},{"start":{"line":231,"column":60},"end":{"line":231,"column":62}}],"line":231},"19":{"loc":{"start":{"line":236,"column":4},"end":{"line":236,"column":77}},"type":"if","locations":[{"start":{"line":236,"column":4},"end":{"line":236,"column":77}},{"start":{},"end":{}}],"line":236},"20":{"loc":{"start":{"line":237,"column":4},"end":{"line":237,"column":56}},"type":"if","locations":[{"start":{"line":237,"column":4},"end":{"line":237,"column":56}},{"start":{},"end":{}}],"line":237},"21":{"loc":{"start":{"line":241,"column":4},"end":{"line":243,"column":5}},"type":"if","locations":[{"start":{"line":241,"column":4},"end":{"line":243,"column":5}},{"start":{},"end":{}}],"line":241},"22":{"loc":{"start":{"line":249,"column":10},"end":{"line":249,"column":64}},"type":"cond-expr","locations":[{"start":{"line":249,"column":27},"end":{"line":249,"column":59}},{"start":{"line":249,"column":62},"end":{"line":249,"column":64}}],"line":249},"23":{"loc":{"start":{"line":253,"column":4},"end":{"line":286,"column":5}},"type":"switch","locations":[{"start":{"line":255,"column":6},"end":{"line":259,"column":14}},{"start":{"line":261,"column":6},"end":{"line":267,"column":14}},{"start":{"line":270,"column":6},"end":{"line":272,"column":14}},{"start":{"line":274,"column":6},"end":{"line":277,"column":14}},{"start":{"line":278,"column":6},"end":{"line":281,"column":14}},{"start":{"line":282,"column":6},"end":{"line":285,"column":14}}],"line":253},"24":{"loc":{"start":{"line":256,"column":8},"end":{"line":258,"column":9}},"type":"if","locations":[{"start":{"line":256,"column":8},"end":{"line":258,"column":9}},{"start":{},"end":{}}],"line":256},"25":{"loc":{"start":{"line":262,"column":8},"end":{"line":266,"column":9}},"type":"if","locations":[{"start":{"line":262,"column":8},"end":{"line":266,"column":9}},{"start":{},"end":{}}],"line":262},"26":{"loc":{"start":{"line":271,"column":8},"end":{"line":271,"column":50}},"type":"if","locations":[{"start":{"line":271,"column":8},"end":{"line":271,"column":50}},{"start":{},"end":{}}],"line":271},"27":{"loc":{"start":{"line":276,"column":10},"end":{"line":276,"column":63}},"type":"binary-expr","locations":[{"start":{"line":276,"column":10},"end":{"line":276,"column":26}},{"start":{"line":276,"column":30},"end":{"line":276,"column":35}},{"start":{"line":276,"column":39},"end":{"line":276,"column":63}}],"line":276},"28":{"loc":{"start":{"line":280,"column":10},"end":{"line":280,"column":68}},"type":"binary-expr","locations":[{"start":{"line":280,"column":10},"end":{"line":280,"column":22}},{"start":{"line":280,"column":26},"end":{"line":280,"column":31}},{"start":{"line":280,"column":35},"end":{"line":280,"column":68}}],"line":280},"29":{"loc":{"start":{"line":283,"column":39},"end":{"line":283,"column":75}},"type":"binary-expr","locations":[{"start":{"line":283,"column":39},"end":{"line":283,"column":60}},{"start":{"line":283,"column":64},"end":{"line":283,"column":69}},{"start":{"line":283,"column":73},"end":{"line":283,"column":75}}],"line":283},"30":{"loc":{"start":{"line":284,"column":8},"end":{"line":284,"column":61}},"type":"if","locations":[{"start":{"line":284,"column":8},"end":{"line":284,"column":61}},{"start":{},"end":{}}],"line":284},"31":{"loc":{"start":{"line":293,"column":19},"end":{"line":293,"column":43}},"type":"binary-expr","locations":[{"start":{"line":293,"column":19},"end":{"line":293,"column":30}},{"start":{"line":293,"column":34},"end":{"line":293,"column":43}}],"line":293},"32":{"loc":{"start":{"line":294,"column":13},"end":{"line":294,"column":24}},"type":"binary-expr","locations":[{"start":{"line":294,"column":13},"end":{"line":294,"column":18}},{"start":{"line":294,"column":22},"end":{"line":294,"column":24}}],"line":294},"33":{"loc":{"start":{"line":301,"column":12},"end":{"line":301,"column":37}},"type":"binary-expr","locations":[{"start":{"line":301,"column":12},"end":{"line":301,"column":31}},{"start":{"line":301,"column":35},"end":{"line":301,"column":37}}],"line":301},"34":{"loc":{"start":{"line":328,"column":4},"end":{"line":328,"column":32}},"type":"if","locations":[{"start":{"line":328,"column":4},"end":{"line":328,"column":32}},{"start":{},"end":{}}],"line":328}},"s":{"0":6,"1":6,"2":6,"3":6,"4":6,"5":9,"6":9,"7":1,"8":9,"9":1,"10":9,"11":1,"12":9,"13":1,"14":9,"15":5,"16":5,"17":5,"18":5,"19":2,"20":5,"21":5,"22":5,"23":2,"24":5,"25":3,"26":3,"27":1,"28":3,"29":5,"30":0,"31":0,"32":0,"33":0,"34":4,"35":3,"36":62,"37":62,"38":41,"39":41,"40":41,"41":7,"42":34,"43":22,"44":22,"45":2,"46":20,"47":0,"48":20,"49":1,"50":20,"51":20,"52":1,"53":19,"54":19,"55":19,"56":3,"57":1,"58":3,"59":1,"60":1,"61":1,"62":2,"63":1,"64":2,"65":3,"66":3,"67":2,"68":2,"69":0,"70":0,"71":0,"72":0,"73":19,"74":19,"75":6,"76":9,"77":23,"78":23,"79":23,"80":4,"81":19,"82":21,"83":6},"f":{"0":9,"1":5,"2":5,"3":3,"4":5,"5":0,"6":4,"7":3,"8":62,"9":41,"10":22,"11":6,"12":9,"13":23,"14":21},"b":{"0":[1,8],"1":[1,8],"2":[1,8],"3":[9,1],"4":[1,8],"5":[9,1],"6":[5,4,4],"7":[2,3],"8":[5,3],"9":[2,3],"10":[1,2],"11":[0,0],"12":[0,0],"13":[62,1],"14":[41,14],"15":[7,34],"16":[11],"17":[2,20],"18":[2,0],"19":[0,20],"20":[1,19],"21":[1,19],"22":[19,0],"23":[3,1,2,3,2,0],"24":[1,2],"25":[1,0],"26":[1,1],"27":[3,1,1],"28":[2,1,0],"29":[0,0,0],"30":[0,0],"31":[19,13],"32":[19,16],"33":[6,0],"34":[4,19]},"_coverageSchema":"1a1c01bbd47fc00a2c39e90264f33305004495a9","hash":"a6e197194dceabef496fe983898c2b6d931a0feb"}
,"C:\\Users\\MSI\\OneDrive\\Bureau\\PFE\\blancbleu\\server\\utils\\geoUtils.js": {"path":"C:\\Users\\MSI\\OneDrive\\Bureau\\PFE\\blancbleu\\server\\utils\\geoUtils.js","statementMap":{"0":{"start":{"line":19,"column":14},"end":{"line":19,"column":30}},"1":{"start":{"line":20,"column":15},"end":{"line":20,"column":34}},"2":{"start":{"line":23,"column":18},"end":{"line":23,"column":75}},"3":{"start":{"line":24,"column":21},"end":{"line":24,"column":25}},"4":{"start":{"line":27,"column":15},"end":{"line":27,"column":24}},"5":{"start":{"line":28,"column":18},"end":{"line":28,"column":31}},"6":{"start":{"line":31,"column":2},"end":{"line":31,"column":87}},"7":{"start":{"line":35,"column":16},"end":{"line":35,"column":31}},"8":{"start":{"line":36,"column":2},"end":{"line":36,"column":26}},"9":{"start":{"line":36,"column":14},"end":{"line":36,"column":26}},"10":{"start":{"line":37,"column":2},"end":{"line":40,"column":3}},"11":{"start":{"line":38,"column":4},"end":{"line":38,"column":23}},"12":{"start":{"line":39,"column":4},"end":{"line":39,"column":16}},"13":{"start":{"line":41,"column":2},"end":{"line":41,"column":21}},"14":{"start":{"line":45,"column":2},"end":{"line":45,"column":45}},"15":{"start":{"line":46,"column":2},"end":{"line":49,"column":3}},"16":{"start":{"line":47,"column":21},"end":{"line":47,"column":47}},"17":{"start":{"line":48,"column":4},"end":{"line":48,"column":28}},"18":{"start":{"line":56,"column":12},"end":{"line":56,"column":16}},"19":{"start":{"line":57,"column":13},"end":{"line":57,"column":44}},"20":{"start":{"line":58,"column":13},"end":{"line":58,"column":44}},"21":{"start":{"line":60,"column":4},"end":{"line":63,"column":27}},"22":{"start":{"line":64,"column":2},"end":{"line":66,"column":4}},"23":{"start":{"line":76,"column":14},"end":{"line":76,"column":47}},"24":{"start":{"line":77,"column":17},"end":{"line":77,"column":31}},"25":{"start":{"line":78,"column":2},"end":{"line":78,"column":57}},"26":{"start":{"line":78,"column":14},"end":{"line":78,"column":57}},"27":{"start":{"line":80,"column":2},"end":{"line":105,"column":3}},"28":{"start":{"line":81,"column":16},"end":{"line":81,"column":94}},"29":{"start":{"line":82,"column":21},"end":{"line":82,"column":68}},"30":{"start":{"line":84,"column":4},"end":{"line":86,"column":5}},"31":{"start":{"line":85,"column":6},"end":{"line":85,"column":47}},"32":{"start":{"line":88,"column":18},"end":{"line":88,"column":32}},"33":{"start":{"line":89,"column":19},"end":{"line":92,"column":5}},"34":{"start":{"line":94,"column":4},"end":{"line":94,"column":27}},"35":{"start":{"line":95,"column":4},"end":{"line":95,"column":41}},"36":{"start":{"line":97,"column":4},"end":{"line":97,"column":80}},"37":{"start":{"line":98,"column":19},"end":{"line":98,"column":52}},"38":{"start":{"line":100,"column":4},"end":{"line":104,"column":6}},"39":{"start":{"line":120,"column":25},"end":{"line":120,"column":27}},"40":{"start":{"line":123,"column":12},"end":{"line":123,"column":33}},"41":{"start":{"line":124,"column":22},"end":{"line":124,"column":25}},"42":{"start":{"line":125,"column":2},"end":{"line":129,"column":3}},"43":{"start":{"line":126,"column":4},"end":{"line":126,"column":25}},"44":{"start":{"line":127,"column":9},"end":{"line":129,"column":3}},"45":{"start":{"line":128,"column":4},"end":{"line":128,"column":25}},"46":{"start":{"line":132,"column":27},"end":{"line":132,"column":28}},"47":{"start":{"line":134,"column":18},"end":{"line":136,"column":3}},"48":{"start":{"line":138,"column":2},"end":{"line":147,"column":4}},"49":{"start":{"line":158,"column":16},"end":{"line":158,"column":63}},"50":{"start":{"line":162,"column":2},"end":{"line":170,"column":3}},"51":{"start":{"line":164,"column":29},"end":{"line":164,"column":30}},"52":{"start":{"line":165,"column":4},"end":{"line":165,"column":77}},"53":{"start":{"line":168,"column":16},"end":{"line":168,"column":45}},"54":{"start":{"line":169,"column":4},"end":{"line":169,"column":26}},"55":{"start":{"line":172,"column":2},"end":{"line":181,"column":4}},"56":{"start":{"line":189,"column":2},"end":{"line":189,"column":36}},"57":{"start":{"line":189,"column":19},"end":{"line":189,"column":36}},"58":{"start":{"line":190,"column":2},"end":{"line":190,"column":44}},"59":{"start":{"line":190,"column":20},"end":{"line":190,"column":44}},"60":{"start":{"line":191,"column":2},"end":{"line":191,"column":84}},"61":{"start":{"line":198,"column":16},"end":{"line":198,"column":44}},"62":{"start":{"line":199,"column":20},"end":{"line":199,"column":49}},"63":{"start":{"line":200,"column":17},"end":{"line":200,"column":43}},"64":{"start":{"line":201,"column":2},"end":{"line":201,"column":60}},"65":{"start":{"line":214,"column":13},"end":{"line":214,"column":80}},"66":{"start":{"line":215,"column":13},"end":{"line":217,"column":7}},"67":{"start":{"line":218,"column":13},"end":{"line":220,"column":73}},"68":{"start":{"line":222,"column":2},"end":{"line":227,"column":4}},"69":{"start":{"line":238,"column":2},"end":{"line":253,"column":57}},"70":{"start":{"line":239,"column":19},"end":{"line":239,"column":53}},"71":{"start":{"line":241,"column":19},"end":{"line":241,"column":70}},"72":{"start":{"line":242,"column":18},"end":{"line":242,"column":35}},"73":{"start":{"line":243,"column":6},"end":{"line":251,"column":8}},"74":{"start":{"line":253,"column":20},"end":{"line":253,"column":55}},"75":{"start":{"line":260,"column":2},"end":{"line":260,"column":64}},"76":{"start":{"line":263,"column":0},"end":{"line":276,"column":2}}},"fnMap":{"0":{"name":"_cacheKey","decl":{"start":{"line":30,"column":9},"end":{"line":30,"column":18}},"loc":{"start":{"line":30,"column":43},"end":{"line":32,"column":1}},"line":30},"1":{"name":"_cacheGet","decl":{"start":{"line":34,"column":9},"end":{"line":34,"column":18}},"loc":{"start":{"line":34,"column":24},"end":{"line":42,"column":1}},"line":34},"2":{"name":"_cacheSet","decl":{"start":{"line":44,"column":9},"end":{"line":44,"column":18}},"loc":{"start":{"line":44,"column":31},"end":{"line":50,"column":1}},"line":44},"3":{"name":"haversine","decl":{"start":{"line":55,"column":9},"end":{"line":55,"column":18}},"loc":{"start":{"line":55,"column":43},"end":{"line":67,"column":1}},"line":55},"4":{"name":"calculerRouteOSRM","decl":{"start":{"line":75,"column":15},"end":{"line":75,"column":32}},"loc":{"start":{"line":75,"column":57},"end":{"line":106,"column":1}},"line":75},"5":{"name":"calculerETA","decl":{"start":{"line":119,"column":9},"end":{"line":119,"column":20}},"loc":{"start":{"line":119,"column":33},"end":{"line":148,"column":1}},"line":119},"6":{"name":"calculerETARoutier","decl":{"start":{"line":157,"column":15},"end":{"line":157,"column":33}},"loc":{"start":{"line":157,"column":58},"end":{"line":182,"column":1}},"line":157},"7":{"name":"formatETA","decl":{"start":{"line":188,"column":9},"end":{"line":188,"column":18}},"loc":{"start":{"line":188,"column":28},"end":{"line":192,"column":1}},"line":188},"8":{"name":"calculerConsommation","decl":{"start":{"line":197,"column":9},"end":{"line":197,"column":29}},"loc":{"start":{"line":197,"column":54},"end":{"line":202,"column":1}},"line":197},"9":{"name":"distanceTrajet","decl":{"start":{"line":213,"column":9},"end":{"line":213,"column":23}},"loc":{"start":{"line":213,"column":58},"end":{"line":228,"column":1}},"line":213},"10":{"name":"trierParProximite","decl":{"start":{"line":237,"column":9},"end":{"line":237,"column":26}},"loc":{"start":{"line":237,"column":48},"end":{"line":254,"column":1}},"line":237},"11":{"name":"(anonymous_11)","decl":{"start":{"line":239,"column":12},"end":{"line":239,"column":13}},"loc":{"start":{"line":239,"column":19},"end":{"line":239,"column":53}},"line":239},"12":{"name":"(anonymous_12)","decl":{"start":{"line":240,"column":9},"end":{"line":240,"column":10}},"loc":{"start":{"line":240,"column":16},"end":{"line":252,"column":5}},"line":240},"13":{"name":"(anonymous_13)","decl":{"start":{"line":253,"column":10},"end":{"line":253,"column":11}},"loc":{"start":{"line":253,"column":20},"end":{"line":253,"column":55}},"line":253},"14":{"name":"estDansZone","decl":{"start":{"line":259,"column":9},"end":{"line":259,"column":20}},"loc":{"start":{"line":259,"column":31},"end":{"line":261,"column":1}},"line":259}},"branchMap":{"0":{"loc":{"start":{"line":23,"column":18},"end":{"line":23,"column":75}},"type":"binary-expr","locations":[{"start":{"line":23,"column":18},"end":{"line":23,"column":38}},{"start":{"line":23,"column":42},"end":{"line":23,"column":75}}],"line":23},"1":{"loc":{"start":{"line":36,"column":2},"end":{"line":36,"column":26}},"type":"if","locations":[{"start":{"line":36,"column":2},"end":{"line":36,"column":26}},{"start":{},"end":{}}],"line":36},"2":{"loc":{"start":{"line":37,"column":2},"end":{"line":40,"column":3}},"type":"if","locations":[{"start":{"line":37,"column":2},"end":{"line":40,"column":3}},{"start":{},"end":{}}],"line":37},"3":{"loc":{"start":{"line":46,"column":2},"end":{"line":49,"column":3}},"type":"if","locations":[{"start":{"line":46,"column":2},"end":{"line":49,"column":3}},{"start":{},"end":{}}],"line":46},"4":{"loc":{"start":{"line":78,"column":2},"end":{"line":78,"column":57}},"type":"if","locations":[{"start":{"line":78,"column":2},"end":{"line":78,"column":57}},{"start":{},"end":{}}],"line":78},"5":{"loc":{"start":{"line":84,"column":4},"end":{"line":86,"column":5}},"type":"if","locations":[{"start":{"line":84,"column":4},"end":{"line":86,"column":5}},{"start":{},"end":{}}],"line":84},"6":{"loc":{"start":{"line":84,"column":8},"end":{"line":84,"column":47}},"type":"binary-expr","locations":[{"start":{"line":84,"column":8},"end":{"line":84,"column":26}},{"start":{"line":84,"column":30},"end":{"line":84,"column":47}}],"line":84},"7":{"loc":{"start":{"line":125,"column":2},"end":{"line":129,"column":3}},"type":"if","locations":[{"start":{"line":125,"column":2},"end":{"line":129,"column":3}},{"start":{"line":127,"column":9},"end":{"line":129,"column":3}}],"line":125},"8":{"loc":{"start":{"line":125,"column":6},"end":{"line":125,"column":46}},"type":"binary-expr","locations":[{"start":{"line":125,"column":7},"end":{"line":125,"column":13}},{"start":{"line":125,"column":17},"end":{"line":125,"column":22}},{"start":{"line":125,"column":28},"end":{"line":125,"column":35}},{"start":{"line":125,"column":39},"end":{"line":125,"column":45}}],"line":125},"9":{"loc":{"start":{"line":127,"column":9},"end":{"line":129,"column":3}},"type":"if","locations":[{"start":{"line":127,"column":9},"end":{"line":129,"column":3}},{"start":{},"end":{}}],"line":127},"10":{"loc":{"start":{"line":127,"column":13},"end":{"line":127,"column":29}},"type":"binary-expr","locations":[{"start":{"line":127,"column":13},"end":{"line":127,"column":20}},{"start":{"line":127,"column":24},"end":{"line":127,"column":29}}],"line":127},"11":{"loc":{"start":{"line":141,"column":6},"end":{"line":143,"column":80}},"type":"cond-expr","locations":[{"start":{"line":142,"column":10},"end":{"line":142,"column":26}},{"start":{"line":143,"column":10},"end":{"line":143,"column":80}}],"line":141},"12":{"loc":{"start":{"line":162,"column":2},"end":{"line":170,"column":3}},"type":"if","locations":[{"start":{"line":162,"column":2},"end":{"line":170,"column":3}},{"start":{"line":166,"column":9},"end":{"line":170,"column":3}}],"line":162},"13":{"loc":{"start":{"line":175,"column":6},"end":{"line":177,"column":80}},"type":"cond-expr","locations":[{"start":{"line":176,"column":10},"end":{"line":176,"column":26}},{"start":{"line":177,"column":10},"end":{"line":177,"column":80}}],"line":175},"14":{"loc":{"start":{"line":189,"column":2},"end":{"line":189,"column":36}},"type":"if","locations":[{"start":{"line":189,"column":2},"end":{"line":189,"column":36}},{"start":{},"end":{}}],"line":189},"15":{"loc":{"start":{"line":190,"column":2},"end":{"line":190,"column":44}},"type":"if","locations":[{"start":{"line":190,"column":2},"end":{"line":190,"column":44}},{"start":{},"end":{}}],"line":190},"16":{"loc":{"start":{"line":197,"column":42},"end":{"line":197,"column":52}},"type":"default-arg","locations":[{"start":{"line":197,"column":50},"end":{"line":197,"column":52}}],"line":197},"17":{"loc":{"start":{"line":198,"column":16},"end":{"line":198,"column":44}},"type":"binary-expr","locations":[{"start":{"line":198,"column":16},"end":{"line":198,"column":38}},{"start":{"line":198,"column":42},"end":{"line":198,"column":44}}],"line":198},"18":{"loc":{"start":{"line":199,"column":20},"end":{"line":199,"column":49}},"type":"binary-expr","locations":[{"start":{"line":199,"column":20},"end":{"line":199,"column":43}},{"start":{"line":199,"column":47},"end":{"line":199,"column":49}}],"line":199},"19":{"loc":{"start":{"line":215,"column":13},"end":{"line":217,"column":7}},"type":"cond-expr","locations":[{"start":{"line":216,"column":6},"end":{"line":216,"column":87}},{"start":{"line":217,"column":6},"end":{"line":217,"column":7}}],"line":215},"20":{"loc":{"start":{"line":218,"column":13},"end":{"line":220,"column":73}},"type":"cond-expr","locations":[{"start":{"line":219,"column":6},"end":{"line":219,"column":69}},{"start":{"line":220,"column":6},"end":{"line":220,"column":73}}],"line":218},"21":{"loc":{"start":{"line":239,"column":19},"end":{"line":239,"column":53}},"type":"binary-expr","locations":[{"start":{"line":239,"column":19},"end":{"line":239,"column":34}},{"start":{"line":239,"column":38},"end":{"line":239,"column":53}}],"line":239},"22":{"loc":{"start":{"line":244,"column":12},"end":{"line":244,"column":31}},"type":"binary-expr","locations":[{"start":{"line":244,"column":12},"end":{"line":244,"column":26}},{"start":{"line":244,"column":30},"end":{"line":244,"column":31}}],"line":244},"23":{"loc":{"start":{"line":260,"column":9},"end":{"line":260,"column":63}},"type":"binary-expr","locations":[{"start":{"line":260,"column":9},"end":{"line":260,"column":20}},{"start":{"line":260,"column":24},"end":{"line":260,"column":35}},{"start":{"line":260,"column":39},"end":{"line":260,"column":49}},{"start":{"line":260,"column":53},"end":{"line":260,"column":63}}],"line":260}},"s":{"0":8,"1":8,"2":8,"3":8,"4":8,"5":8,"6":10,"7":10,"8":10,"9":9,"10":1,"11":0,"12":0,"13":1,"14":5,"15":5,"16":0,"17":0,"18":37,"19":37,"20":37,"21":37,"22":37,"23":10,"24":10,"25":10,"26":1,"27":9,"28":9,"29":9,"30":6,"31":1,"32":5,"33":5,"34":5,"35":5,"36":4,"37":4,"38":4,"39":18,"40":18,"41":18,"42":18,"43":18,"44":0,"45":0,"46":18,"47":18,"48":18,"49":4,"50":4,"51":3,"52":3,"53":1,"54":1,"55":4,"56":0,"57":0,"58":0,"59":0,"60":0,"61":5,"62":5,"63":5,"64":5,"65":6,"66":6,"67":6,"68":6,"69":4,"70":12,"71":9,"72":9,"73":9,"74":12,"75":6,"76":8},"f":{"0":10,"1":10,"2":5,"3":37,"4":10,"5":18,"6":4,"7":0,"8":5,"9":6,"10":4,"11":12,"12":9,"13":12,"14":6},"b":{"0":[8,8],"1":[9,1],"2":[0,1],"3":[0,5],"4":[1,9],"5":[1,5],"6":[6,5],"7":[18,0],"8":[18,18,18,18],"9":[0,0],"10":[0,0],"11":[17,1],"12":[3,1],"13":[4,0],"14":[0,0],"15":[0,0],"16":[1],"17":[5,1],"18":[5,1],"19":[5,1],"20":[5,1],"21":[12,9],"22":[9,0],"23":[6,6,4,4]},"_coverageSchema":"1a1c01bbd47fc00a2c39e90264f33305004495a9","hash":"edeed86ab9c9c3078162cd182bbfbe00daf4d29e"}
,"C:\\Users\\MSI\\OneDrive\\Bureau\\PFE\\blancbleu\\server\\utils\\healthCheck.js": {"path":"C:\\Users\\MSI\\OneDrive\\Bureau\\PFE\\blancbleu\\server\\utils\\healthCheck.js","statementMap":{"0":{"start":{"line":7,"column":17},"end":{"line":7,"column":36}},"1":{"start":{"line":8,"column":14},"end":{"line":8,"column":30}},"2":{"start":{"line":9,"column":15},"end":{"line":9,"column":34}},"3":{"start":{"line":11,"column":15},"end":{"line":11,"column":64}},"4":{"start":{"line":12,"column":19},"end":{"line":12,"column":23}},"5":{"start":{"line":18,"column":16},"end":{"line":18,"column":46}},"6":{"start":{"line":19,"column":17},"end":{"line":24,"column":3}},"7":{"start":{"line":26,"column":2},"end":{"line":28,"column":3}},"8":{"start":{"line":27,"column":4},"end":{"line":27,"column":70}},"9":{"start":{"line":30,"column":2},"end":{"line":41,"column":3}},"10":{"start":{"line":32,"column":18},"end":{"line":32,"column":28}},"11":{"start":{"line":33,"column":4},"end":{"line":33,"column":48}},"12":{"start":{"line":34,"column":4},"end":{"line":38,"column":6}},"13":{"start":{"line":40,"column":4},"end":{"line":40,"column":55}},"14":{"start":{"line":48,"column":2},"end":{"line":65,"column":3}},"15":{"start":{"line":49,"column":18},"end":{"line":49,"column":28}},"16":{"start":{"line":50,"column":21},"end":{"line":52,"column":6}},"17":{"start":{"line":53,"column":4},"end":{"line":58,"column":6}},"18":{"start":{"line":60,"column":4},"end":{"line":64,"column":6}},"19":{"start":{"line":72,"column":14},"end":{"line":72,"column":35}},"20":{"start":{"line":73,"column":2},"end":{"line":78,"column":4}},"21":{"start":{"line":85,"column":16},"end":{"line":85,"column":26}},"22":{"start":{"line":87,"column":2},"end":{"line":125,"column":3}},"23":{"start":{"line":88,"column":24},"end":{"line":88,"column":68}},"24":{"start":{"line":89,"column":20},"end":{"line":89,"column":34}},"25":{"start":{"line":92,"column":6},"end":{"line":96,"column":22}},"26":{"start":{"line":99,"column":6},"end":{"line":99,"column":66}},"27":{"start":{"line":101,"column":4},"end":{"line":117,"column":7}},"28":{"start":{"line":119,"column":4},"end":{"line":119,"column":62}},"29":{"start":{"line":120,"column":4},"end":{"line":124,"column":7}},"30":{"start":{"line":128,"column":0},"end":{"line":128,"column":70}}},"fnMap":{"0":{"name":"checkMongo","decl":{"start":{"line":17,"column":15},"end":{"line":17,"column":25}},"loc":{"start":{"line":17,"column":28},"end":{"line":42,"column":1}},"line":17},"1":{"name":"checkIA","decl":{"start":{"line":47,"column":15},"end":{"line":47,"column":22}},"loc":{"start":{"line":47,"column":25},"end":{"line":66,"column":1}},"line":47},"2":{"name":"checkMemoire","decl":{"start":{"line":71,"column":9},"end":{"line":71,"column":21}},"loc":{"start":{"line":71,"column":24},"end":{"line":79,"column":1}},"line":71},"3":{"name":"healthHandler","decl":{"start":{"line":84,"column":15},"end":{"line":84,"column":28}},"loc":{"start":{"line":84,"column":39},"end":{"line":126,"column":1}},"line":84}},"branchMap":{"0":{"loc":{"start":{"line":11,"column":15},"end":{"line":11,"column":64}},"type":"binary-expr","locations":[{"start":{"line":11,"column":15},"end":{"line":11,"column":37}},{"start":{"line":11,"column":41},"end":{"line":11,"column":64}}],"line":11},"1":{"loc":{"start":{"line":26,"column":2},"end":{"line":28,"column":3}},"type":"if","locations":[{"start":{"line":26,"column":2},"end":{"line":28,"column":3}},{"start":{},"end":{}}],"line":26},"2":{"loc":{"start":{"line":27,"column":41},"end":{"line":27,"column":67}},"type":"binary-expr","locations":[{"start":{"line":27,"column":41},"end":{"line":27,"column":54}},{"start":{"line":27,"column":58},"end":{"line":27,"column":67}}],"line":27},"3":{"loc":{"start":{"line":54,"column":14},"end":{"line":54,"column":50}},"type":"cond-expr","locations":[{"start":{"line":54,"column":28},"end":{"line":54,"column":37}},{"start":{"line":54,"column":40},"end":{"line":54,"column":50}}],"line":54},"4":{"loc":{"start":{"line":63,"column":13},"end":{"line":63,"column":79}},"type":"cond-expr","locations":[{"start":{"line":63,"column":43},"end":{"line":63,"column":65}},{"start":{"line":63,"column":68},"end":{"line":63,"column":79}}],"line":63},"5":{"loc":{"start":{"line":92,"column":6},"end":{"line":96,"column":22}},"type":"cond-expr","locations":[{"start":{"line":93,"column":10},"end":{"line":93,"column":19}},{"start":{"line":94,"column":10},"end":{"line":96,"column":22}}],"line":92},"6":{"loc":{"start":{"line":92,"column":6},"end":{"line":92,"column":61}},"type":"binary-expr","locations":[{"start":{"line":92,"column":6},"end":{"line":92,"column":32}},{"start":{"line":92,"column":36},"end":{"line":92,"column":61}}],"line":92},"7":{"loc":{"start":{"line":94,"column":10},"end":{"line":96,"column":22}},"type":"cond-expr","locations":[{"start":{"line":95,"column":12},"end":{"line":95,"column":23}},{"start":{"line":96,"column":12},"end":{"line":96,"column":22}}],"line":94},"8":{"loc":{"start":{"line":99,"column":6},"end":{"line":99,"column":66}},"type":"cond-expr","locations":[{"start":{"line":99,"column":28},"end":{"line":99,"column":31}},{"start":{"line":99,"column":34},"end":{"line":99,"column":66}}],"line":99},"9":{"loc":{"start":{"line":99,"column":34},"end":{"line":99,"column":66}},"type":"cond-expr","locations":[{"start":{"line":99,"column":57},"end":{"line":99,"column":60}},{"start":{"line":99,"column":63},"end":{"line":99,"column":66}}],"line":99},"10":{"loc":{"start":{"line":105,"column":15},"end":{"line":105,"column":57}},"type":"binary-expr","locations":[{"start":{"line":105,"column":15},"end":{"line":105,"column":46}},{"start":{"line":105,"column":50},"end":{"line":105,"column":57}}],"line":105},"11":{"loc":{"start":{"line":106,"column":11},"end":{"line":106,"column":48}},"type":"binary-expr","locations":[{"start":{"line":106,"column":11},"end":{"line":106,"column":31}},{"start":{"line":106,"column":35},"end":{"line":106,"column":48}}],"line":106}},"s":{"0":5,"1":5,"2":5,"3":5,"4":5,"5":1,"6":1,"7":1,"8":0,"9":1,"10":1,"11":1,"12":1,"13":0,"14":1,"15":1,"16":1,"17":0,"18":1,"19":1,"20":1,"21":1,"22":1,"23":1,"24":1,"25":1,"26":1,"27":1,"28":0,"29":0,"30":5},"f":{"0":1,"1":1,"2":1,"3":1},"b":{"0":[5,0],"1":[0,1],"2":[0,0],"3":[0,0],"4":[1,0],"5":[0,1],"6":[1,1],"7":[0,1],"8":[0,1],"9":[1,0],"10":[1,0],"11":[1,0]},"_coverageSchema":"1a1c01bbd47fc00a2c39e90264f33305004495a9","hash":"f25f78c84ab41cd1c15d64cd46905abfb929d36f"}
}
