{"C:\\Users\\MSI\\OneDrive\\Bureau\\PFE\\blancbleu\\server\\controllers\\AuthController.js": {"path":"C:\\Users\\MSI\\OneDrive\\Bureau\\PFE\\blancbleu\\server\\controllers\\AuthController.js","statementMap":{"0":{"start":{"line":1,"column":15},"end":{"line":1,"column":32}},"1":{"start":{"line":2,"column":15},"end":{"line":2,"column":34}},"2":{"start":{"line":3,"column":12},"end":{"line":3,"column":35}},"3":{"start":{"line":4,"column":13},"end":{"line":4,"column":38}},"4":{"start":{"line":5,"column":21},"end":{"line":5,"column":54}},"5":{"start":{"line":8,"column":25},"end":{"line":8,"column":30}},"6":{"start":{"line":9,"column":28},"end":{"line":9,"column":40}},"7":{"start":{"line":10,"column":28},"end":{"line":16,"column":1}},"8":{"start":{"line":19,"column":28},"end":{"line":20,"column":75}},"9":{"start":{"line":20,"column":2},"end":{"line":20,"column":75}},"10":{"start":{"line":22,"column":32},"end":{"line":22,"column":76}},"11":{"start":{"line":22,"column":38},"end":{"line":22,"column":76}},"12":{"start":{"line":24,"column":20},"end":{"line":30,"column":2}},"13":{"start":{"line":24,"column":31},"end":{"line":30,"column":1}},"14":{"start":{"line":33,"column":26},"end":{"line":46,"column":1}},"15":{"start":{"line":34,"column":14},"end":{"line":34,"column":39}},"16":{"start":{"line":35,"column":15},"end":{"line":35,"column":42}},"17":{"start":{"line":37,"column":2},"end":{"line":42,"column":5}},"18":{"start":{"line":44,"column":2},"end":{"line":44,"column":60}},"19":{"start":{"line":45,"column":2},"end":{"line":45,"column":13}},"20":{"start":{"line":53,"column":17},"end":{"line":96,"column":1}},"21":{"start":{"line":54,"column":2},"end":{"line":95,"column":3}},"22":{"start":{"line":55,"column":51},"end":{"line":55,"column":59}},"23":{"start":{"line":57,"column":4},"end":{"line":61,"column":5}},"24":{"start":{"line":58,"column":6},"end":{"line":60,"column":64}},"25":{"start":{"line":63,"column":4},"end":{"line":67,"column":5}},"26":{"start":{"line":64,"column":6},"end":{"line":66,"column":9}},"27":{"start":{"line":69,"column":19},"end":{"line":69,"column":69}},"28":{"start":{"line":70,"column":4},"end":{"line":72,"column":5}},"29":{"start":{"line":71,"column":6},"end":{"line":71,"column":77}},"30":{"start":{"line":75,"column":26},"end":{"line":75,"column":64}},"31":{"start":{"line":76,"column":23},"end":{"line":76,"column":73}},"32":{"start":{"line":78,"column":17},"end":{"line":78,"column":41}},"33":{"start":{"line":79,"column":19},"end":{"line":79,"column":52}},"34":{"start":{"line":81,"column":17},"end":{"line":87,"column":6}},"35":{"start":{"line":89,"column":4},"end":{"line":92,"column":7}},"36":{"start":{"line":94,"column":4},"end":{"line":94,"column":51}},"37":{"start":{"line":103,"column":14},"end":{"line":147,"column":1}},"38":{"start":{"line":104,"column":2},"end":{"line":146,"column":3}},"39":{"start":{"line":105,"column":32},"end":{"line":105,"column":40}},"40":{"start":{"line":107,"column":4},"end":{"line":109,"column":5}},"41":{"start":{"line":108,"column":6},"end":{"line":108,"column":79}},"42":{"start":{"line":111,"column":17},"end":{"line":113,"column":5}},"43":{"start":{"line":114,"column":4},"end":{"line":123,"column":5}},"44":{"start":{"line":116,"column":6},"end":{"line":119,"column":8}},"45":{"start":{"line":120,"column":6},"end":{"line":122,"column":62}},"46":{"start":{"line":125,"column":4},"end":{"line":127,"column":5}},"47":{"start":{"line":126,"column":6},"end":{"line":126,"column":76}},"48":{"start":{"line":129,"column":18},"end":{"line":129,"column":54}},"49":{"start":{"line":130,"column":4},"end":{"line":134,"column":5}},"50":{"start":{"line":131,"column":6},"end":{"line":133,"column":62}},"51":{"start":{"line":136,"column":24},"end":{"line":136,"column":53}},"52":{"start":{"line":137,"column":4},"end":{"line":137,"column":48}},"53":{"start":{"line":139,"column":4},"end":{"line":143,"column":7}},"54":{"start":{"line":145,"column":4},"end":{"line":145,"column":51}},"55":{"start":{"line":154,"column":16},"end":{"line":197,"column":1}},"56":{"start":{"line":155,"column":2},"end":{"line":196,"column":3}},"57":{"start":{"line":156,"column":16},"end":{"line":156,"column":50}},"58":{"start":{"line":158,"column":4},"end":{"line":162,"column":5}},"59":{"start":{"line":159,"column":6},"end":{"line":161,"column":65}},"60":{"start":{"line":164,"column":19},"end":{"line":164,"column":52}},"61":{"start":{"line":166,"column":4},"end":{"line":172,"column":5}},"62":{"start":{"line":168,"column":6},"end":{"line":168,"column":66}},"63":{"start":{"line":169,"column":6},"end":{"line":171,"column":66}},"64":{"start":{"line":174,"column":17},"end":{"line":174,"column":30}},"65":{"start":{"line":176,"column":4},"end":{"line":178,"column":5}},"66":{"start":{"line":177,"column":6},"end":{"line":177,"column":76}},"67":{"start":{"line":181,"column":4},"end":{"line":185,"column":7}},"68":{"start":{"line":186,"column":4},"end":{"line":186,"column":48}},"69":{"start":{"line":188,"column":24},"end":{"line":188,"column":53}},"70":{"start":{"line":190,"column":4},"end":{"line":193,"column":7}},"71":{"start":{"line":195,"column":4},"end":{"line":195,"column":51}},"72":{"start":{"line":204,"column":15},"end":{"line":221,"column":1}},"73":{"start":{"line":205,"column":2},"end":{"line":220,"column":3}},"74":{"start":{"line":206,"column":16},"end":{"line":206,"column":50}},"75":{"start":{"line":208,"column":4},"end":{"line":214,"column":5}},"76":{"start":{"line":209,"column":19},"end":{"line":209,"column":46}},"77":{"start":{"line":210,"column":6},"end":{"line":213,"column":8}},"78":{"start":{"line":216,"column":4},"end":{"line":216,"column":64}},"79":{"start":{"line":217,"column":4},"end":{"line":217,"column":49}},"80":{"start":{"line":219,"column":4},"end":{"line":219,"column":51}},"81":{"start":{"line":228,"column":18},"end":{"line":236,"column":1}},"82":{"start":{"line":229,"column":2},"end":{"line":235,"column":3}},"83":{"start":{"line":230,"column":4},"end":{"line":230,"column":68}},"84":{"start":{"line":231,"column":4},"end":{"line":231,"column":64}},"85":{"start":{"line":232,"column":4},"end":{"line":232,"column":73}},"86":{"start":{"line":234,"column":4},"end":{"line":234,"column":51}},"87":{"start":{"line":243,"column":14},"end":{"line":249,"column":1}},"88":{"start":{"line":244,"column":2},"end":{"line":248,"column":3}},"89":{"start":{"line":245,"column":4},"end":{"line":245,"column":46}},"90":{"start":{"line":247,"column":4},"end":{"line":247,"column":51}},"91":{"start":{"line":256,"column":23},"end":{"line":299,"column":1}},"92":{"start":{"line":257,"column":2},"end":{"line":298,"column":3}},"93":{"start":{"line":258,"column":48},"end":{"line":258,"column":56}},"94":{"start":{"line":260,"column":4},"end":{"line":264,"column":5}},"95":{"start":{"line":261,"column":6},"end":{"line":263,"column":65}},"96":{"start":{"line":266,"column":4},"end":{"line":270,"column":5}},"97":{"start":{"line":267,"column":6},"end":{"line":269,"column":9}},"98":{"start":{"line":272,"column":17},"end":{"line":272,"column":70}},"99":{"start":{"line":273,"column":18},"end":{"line":273,"column":60}},"100":{"start":{"line":275,"column":4},"end":{"line":277,"column":5}},"101":{"start":{"line":276,"column":6},"end":{"line":276,"column":80}},"102":{"start":{"line":279,"column":17},"end":{"line":279,"column":41}},"103":{"start":{"line":280,"column":4},"end":{"line":280,"column":61}},"104":{"start":{"line":281,"column":4},"end":{"line":281,"column":51}},"105":{"start":{"line":284,"column":4},"end":{"line":284,"column":73}},"106":{"start":{"line":285,"column":4},"end":{"line":285,"column":64}},"107":{"start":{"line":288,"column":24},"end":{"line":288,"column":53}},"108":{"start":{"line":289,"column":4},"end":{"line":289,"column":48}},"109":{"start":{"line":291,"column":4},"end":{"line":295,"column":7}},"110":{"start":{"line":297,"column":4},"end":{"line":297,"column":51}},"111":{"start":{"line":306,"column":22},"end":{"line":322,"column":1}},"112":{"start":{"line":307,"column":2},"end":{"line":321,"column":3}},"113":{"start":{"line":308,"column":28},"end":{"line":308,"column":36}},"114":{"start":{"line":309,"column":19},"end":{"line":309,"column":21}},"115":{"start":{"line":310,"column":4},"end":{"line":310,"column":45}},"116":{"start":{"line":310,"column":21},"end":{"line":310,"column":45}},"117":{"start":{"line":311,"column":4},"end":{"line":311,"column":54}},"118":{"start":{"line":311,"column":24},"end":{"line":311,"column":54}},"119":{"start":{"line":313,"column":17},"end":{"line":316,"column":6}},"120":{"start":{"line":318,"column":4},"end":{"line":318,"column":72}},"121":{"start":{"line":320,"column":4},"end":{"line":320,"column":51}},"122":{"start":{"line":329,"column":20},"end":{"line":336,"column":1}},"123":{"start":{"line":330,"column":2},"end":{"line":335,"column":3}},"124":{"start":{"line":331,"column":18},"end":{"line":331,"column":59}},"125":{"start":{"line":332,"column":4},"end":{"line":332,"column":20}},"126":{"start":{"line":334,"column":4},"end":{"line":334,"column":51}},"127":{"start":{"line":343,"column":19},"end":{"line":372,"column":1}},"128":{"start":{"line":344,"column":2},"end":{"line":371,"column":3}},"129":{"start":{"line":345,"column":17},"end":{"line":345,"column":51}},"130":{"start":{"line":346,"column":4},"end":{"line":348,"column":5}},"131":{"start":{"line":347,"column":6},"end":{"line":347,"column":74}},"132":{"start":{"line":351,"column":4},"end":{"line":355,"column":5}},"133":{"start":{"line":352,"column":6},"end":{"line":354,"column":80}},"134":{"start":{"line":357,"column":4},"end":{"line":357,"column":29}},"135":{"start":{"line":358,"column":4},"end":{"line":358,"column":22}},"136":{"start":{"line":361,"column":4},"end":{"line":363,"column":5}},"137":{"start":{"line":362,"column":6},"end":{"line":362,"column":72}},"138":{"start":{"line":365,"column":4},"end":{"line":368,"column":7}},"139":{"start":{"line":370,"column":4},"end":{"line":370,"column":51}},"140":{"start":{"line":374,"column":0},"end":{"line":385,"column":2}}},"fnMap":{"0":{"name":"(anonymous_0)","decl":{"start":{"line":19,"column":28},"end":{"line":19,"column":29}},"loc":{"start":{"line":20,"column":2},"end":{"line":20,"column":75}},"line":20},"1":{"name":"(anonymous_1)","decl":{"start":{"line":22,"column":32},"end":{"line":22,"column":33}},"loc":{"start":{"line":22,"column":38},"end":{"line":22,"column":76}},"line":22},"2":{"name":"(anonymous_2)","decl":{"start":{"line":24,"column":20},"end":{"line":24,"column":21}},"loc":{"start":{"line":24,"column":31},"end":{"line":30,"column":1}},"line":24},"3":{"name":"(anonymous_3)","decl":{"start":{"line":33,"column":26},"end":{"line":33,"column":27}},"loc":{"start":{"line":33,"column":54},"end":{"line":46,"column":1}},"line":33},"4":{"name":"(anonymous_4)","decl":{"start":{"line":53,"column":17},"end":{"line":53,"column":18}},"loc":{"start":{"line":53,"column":37},"end":{"line":96,"column":1}},"line":53},"5":{"name":"(anonymous_5)","decl":{"start":{"line":103,"column":14},"end":{"line":103,"column":15}},"loc":{"start":{"line":103,"column":34},"end":{"line":147,"column":1}},"line":103},"6":{"name":"(anonymous_6)","decl":{"start":{"line":154,"column":16},"end":{"line":154,"column":17}},"loc":{"start":{"line":154,"column":36},"end":{"line":197,"column":1}},"line":154},"7":{"name":"(anonymous_7)","decl":{"start":{"line":204,"column":15},"end":{"line":204,"column":16}},"loc":{"start":{"line":204,"column":35},"end":{"line":221,"column":1}},"line":204},"8":{"name":"(anonymous_8)","decl":{"start":{"line":228,"column":18},"end":{"line":228,"column":19}},"loc":{"start":{"line":228,"column":38},"end":{"line":236,"column":1}},"line":228},"9":{"name":"(anonymous_9)","decl":{"start":{"line":243,"column":14},"end":{"line":243,"column":15}},"loc":{"start":{"line":243,"column":34},"end":{"line":249,"column":1}},"line":243},"10":{"name":"(anonymous_10)","decl":{"start":{"line":256,"column":23},"end":{"line":256,"column":24}},"loc":{"start":{"line":256,"column":43},"end":{"line":299,"column":1}},"line":256},"11":{"name":"(anonymous_11)","decl":{"start":{"line":306,"column":22},"end":{"line":306,"column":23}},"loc":{"start":{"line":306,"column":42},"end":{"line":322,"column":1}},"line":306},"12":{"name":"(anonymous_12)","decl":{"start":{"line":329,"column":20},"end":{"line":329,"column":21}},"loc":{"start":{"line":329,"column":40},"end":{"line":336,"column":1}},"line":329},"13":{"name":"(anonymous_13)","decl":{"start":{"line":343,"column":19},"end":{"line":343,"column":20}},"loc":{"start":{"line":343,"column":39},"end":{"line":372,"column":1}},"line":343}},"branchMap":{"0":{"loc":{"start":{"line":40,"column":15},"end":{"line":40,"column":42}},"type":"binary-expr","locations":[{"start":{"line":40,"column":15},"end":{"line":40,"column":36}},{"start":{"line":40,"column":40},"end":{"line":40,"column":42}}],"line":40},"1":{"loc":{"start":{"line":57,"column":4},"end":{"line":61,"column":5}},"type":"if","locations":[{"start":{"line":57,"column":4},"end":{"line":61,"column":5}},{"start":{},"end":{}}],"line":57},"2":{"loc":{"start":{"line":57,"column":8},"end":{"line":57,"column":46}},"type":"binary-expr","locations":[{"start":{"line":57,"column":8},"end":{"line":57,"column":12}},{"start":{"line":57,"column":16},"end":{"line":57,"column":23}},{"start":{"line":57,"column":27},"end":{"line":57,"column":33}},{"start":{"line":57,"column":37},"end":{"line":57,"column":46}}],"line":57},"3":{"loc":{"start":{"line":63,"column":4},"end":{"line":67,"column":5}},"type":"if","locations":[{"start":{"line":63,"column":4},"end":{"line":67,"column":5}},{"start":{},"end":{}}],"line":63},"4":{"loc":{"start":{"line":70,"column":4},"end":{"line":72,"column":5}},"type":"if","locations":[{"start":{"line":70,"column":4},"end":{"line":72,"column":5}},{"start":{},"end":{}}],"line":70},"5":{"loc":{"start":{"line":76,"column":23},"end":{"line":76,"column":73}},"type":"cond-expr","locations":[{"start":{"line":76,"column":54},"end":{"line":76,"column":58}},{"start":{"line":76,"column":61},"end":{"line":76,"column":73}}],"line":76},"6":{"loc":{"start":{"line":107,"column":4},"end":{"line":109,"column":5}},"type":"if","locations":[{"start":{"line":107,"column":4},"end":{"line":109,"column":5}},{"start":{},"end":{}}],"line":107},"7":{"loc":{"start":{"line":107,"column":8},"end":{"line":107,"column":27}},"type":"binary-expr","locations":[{"start":{"line":107,"column":8},"end":{"line":107,"column":14}},{"start":{"line":107,"column":18},"end":{"line":107,"column":27}}],"line":107},"8":{"loc":{"start":{"line":114,"column":4},"end":{"line":123,"column":5}},"type":"if","locations":[{"start":{"line":114,"column":4},"end":{"line":123,"column":5}},{"start":{},"end":{}}],"line":114},"9":{"loc":{"start":{"line":125,"column":4},"end":{"line":127,"column":5}},"type":"if","locations":[{"start":{"line":125,"column":4},"end":{"line":127,"column":5}},{"start":{},"end":{}}],"line":125},"10":{"loc":{"start":{"line":130,"column":4},"end":{"line":134,"column":5}},"type":"if","locations":[{"start":{"line":130,"column":4},"end":{"line":134,"column":5}},{"start":{},"end":{}}],"line":130},"11":{"loc":{"start":{"line":158,"column":4},"end":{"line":162,"column":5}},"type":"if","locations":[{"start":{"line":158,"column":4},"end":{"line":162,"column":5}},{"start":{},"end":{}}],"line":158},"12":{"loc":{"start":{"line":166,"column":4},"end":{"line":172,"column":5}},"type":"if","locations":[{"start":{"line":166,"column":4},"end":{"line":172,"column":5}},{"start":{},"end":{}}],"line":166},"13":{"loc":{"start":{"line":166,"column":8},"end":{"line":166,"column":33}},"type":"binary-expr","locations":[{"start":{"line":166,"column":8},"end":{"line":166,"column":15}},{"start":{"line":166,"column":19},"end":{"line":166,"column":33}}],"line":166},"14":{"loc":{"start":{"line":176,"column":4},"end":{"line":178,"column":5}},"type":"if","locations":[{"start":{"line":176,"column":4},"end":{"line":178,"column":5}},{"start":{},"end":{}}],"line":176},"15":{"loc":{"start":{"line":208,"column":4},"end":{"line":214,"column":5}},"type":"if","locations":[{"start":{"line":208,"column":4},"end":{"line":214,"column":5}},{"start":{},"end":{}}],"line":208},"16":{"loc":{"start":{"line":260,"column":4},"end":{"line":264,"column":5}},"type":"if","locations":[{"start":{"line":260,"column":4},"end":{"line":264,"column":5}},{"start":{},"end":{}}],"line":260},"17":{"loc":{"start":{"line":260,"column":8},"end":{"line":260,"column":43}},"type":"binary-expr","locations":[{"start":{"line":260,"column":8},"end":{"line":260,"column":23}},{"start":{"line":260,"column":27},"end":{"line":260,"column":43}}],"line":260},"18":{"loc":{"start":{"line":266,"column":4},"end":{"line":270,"column":5}},"type":"if","locations":[{"start":{"line":266,"column":4},"end":{"line":270,"column":5}},{"start":{},"end":{}}],"line":266},"19":{"loc":{"start":{"line":275,"column":4},"end":{"line":277,"column":5}},"type":"if","locations":[{"start":{"line":275,"column":4},"end":{"line":277,"column":5}},{"start":{},"end":{}}],"line":275},"20":{"loc":{"start":{"line":310,"column":4},"end":{"line":310,"column":45}},"type":"if","locations":[{"start":{"line":310,"column":4},"end":{"line":310,"column":45}},{"start":{},"end":{}}],"line":310},"21":{"loc":{"start":{"line":311,"column":4},"end":{"line":311,"column":54}},"type":"if","locations":[{"start":{"line":311,"column":4},"end":{"line":311,"column":54}},{"start":{},"end":{}}],"line":311},"22":{"loc":{"start":{"line":346,"column":4},"end":{"line":348,"column":5}},"type":"if","locations":[{"start":{"line":346,"column":4},"end":{"line":348,"column":5}},{"start":{},"end":{}}],"line":346},"23":{"loc":{"start":{"line":351,"column":4},"end":{"line":355,"column":5}},"type":"if","locations":[{"start":{"line":351,"column":4},"end":{"line":355,"column":5}},{"start":{},"end":{}}],"line":351},"24":{"loc":{"start":{"line":361,"column":4},"end":{"line":363,"column":5}},"type":"if","locations":[{"start":{"line":361,"column":4},"end":{"line":363,"column":5}},{"start":{},"end":{}}],"line":361},"25":{"loc":{"start":{"line":366,"column":25},"end":{"line":366,"column":60}},"type":"cond-expr","locations":[{"start":{"line":366,"column":38},"end":{"line":366,"column":46}},{"start":{"line":366,"column":49},"end":{"line":366,"column":60}}],"line":366}},"s":{"0":2,"1":2,"2":2,"3":2,"4":2,"5":2,"6":2,"7":2,"8":2,"9":6,"10":2,"11":6,"12":2,"13":8,"14":2,"15":6,"16":6,"17":6,"18":6,"19":6,"20":2,"21":2,"22":2,"23":2,"24":0,"25":2,"26":0,"27":2,"28":2,"29":1,"30":1,"31":1,"32":1,"33":1,"34":1,"35":1,"36":0,"37":2,"38":10,"39":10,"40":10,"41":1,"42":9,"43":9,"44":1,"45":1,"46":8,"47":1,"48":7,"49":7,"50":1,"51":6,"52":6,"53":6,"54":0,"55":2,"56":0,"57":0,"58":0,"59":0,"60":0,"61":0,"62":0,"63":0,"64":0,"65":0,"66":0,"67":0,"68":0,"69":0,"70":0,"71":0,"72":2,"73":0,"74":0,"75":0,"76":0,"77":0,"78":0,"79":0,"80":0,"81":2,"82":0,"83":0,"84":0,"85":0,"86":0,"87":2,"88":1,"89":1,"90":0,"91":2,"92":0,"93":0,"94":0,"95":0,"96":0,"97":0,"98":0,"99":0,"100":0,"101":0,"102":0,"103":0,"104":0,"105":0,"106":0,"107":0,"108":0,"109":0,"110":0,"111":2,"112":0,"113":0,"114":0,"115":0,"116":0,"117":0,"118":0,"119":0,"120":0,"121":0,"122":2,"123":0,"124":0,"125":0,"126":0,"127":2,"128":0,"129":0,"130":0,"131":0,"132":0,"133":0,"134":0,"135":0,"136":0,"137":0,"138":0,"139":0,"140":2},"f":{"0":6,"1":6,"2":8,"3":6,"4":2,"5":10,"6":0,"7":0,"8":0,"9":1,"10":0,"11":0,"12":0,"13":0},"b":{"0":[6,6],"1":[0,2],"2":[2,2,2,2],"3":[0,2],"4":[1,1],"5":[1,0],"6":[1,9],"7":[10,10],"8":[1,8],"9":[1,7],"10":[1,6],"11":[0,0],"12":[0,0],"13":[0,0],"14":[0,0],"15":[0,0],"16":[0,0],"17":[0,0],"18":[0,0],"19":[0,0],"20":[0,0],"21":[0,0],"22":[0,0],"23":[0,0],"24":[0,0],"25":[0,0]},"_coverageSchema":"1a1c01bbd47fc00a2c39e90264f33305004495a9","hash":"a0422ca34c5a422c9fd79f8cbd738dbb5e1a0fc0"}
,"C:\\Users\\MSI\\OneDrive\\Bureau\\PFE\\blancbleu\\server\\controllers\\UnitController.js": {"path":"C:\\Users\\MSI\\OneDrive\\Bureau\\PFE\\blancbleu\\server\\controllers\\UnitController.js","statementMap":{"0":{"start":{"line":4,"column":13},"end":{"line":4,"column":38}},"1":{"start":{"line":5,"column":22},"end":{"line":5,"column":58}},"2":{"start":{"line":6,"column":18},"end":{"line":6,"column":54}},"3":{"start":{"line":7,"column":18},"end":{"line":7,"column":53}},"4":{"start":{"line":10,"column":17},"end":{"line":28,"column":1}},"5":{"start":{"line":11,"column":2},"end":{"line":27,"column":3}},"6":{"start":{"line":12,"column":41},"end":{"line":12,"column":50}},"7":{"start":{"line":13,"column":19},"end":{"line":13,"column":21}},"8":{"start":{"line":14,"column":4},"end":{"line":14,"column":39}},"9":{"start":{"line":14,"column":16},"end":{"line":14,"column":39}},"10":{"start":{"line":15,"column":4},"end":{"line":15,"column":33}},"11":{"start":{"line":15,"column":14},"end":{"line":15,"column":33}},"12":{"start":{"line":16,"column":4},"end":{"line":16,"column":60}},"13":{"start":{"line":16,"column":31},"end":{"line":16,"column":60}},"14":{"start":{"line":18,"column":18},"end":{"line":23,"column":34}},"15":{"start":{"line":24,"column":4},"end":{"line":24,"column":20}},"16":{"start":{"line":26,"column":4},"end":{"line":26,"column":51}},"17":{"start":{"line":31,"column":17},"end":{"line":54,"column":1}},"18":{"start":{"line":32,"column":2},"end":{"line":53,"column":3}},"19":{"start":{"line":33,"column":57},"end":{"line":38,"column":6}},"20":{"start":{"line":39,"column":20},"end":{"line":49,"column":6}},"21":{"start":{"line":50,"column":4},"end":{"line":50,"column":70}},"22":{"start":{"line":52,"column":4},"end":{"line":52,"column":51}},"23":{"start":{"line":57,"column":16},"end":{"line":67,"column":1}},"24":{"start":{"line":58,"column":2},"end":{"line":66,"column":3}},"25":{"start":{"line":59,"column":17},"end":{"line":61,"column":5}},"26":{"start":{"line":62,"column":4},"end":{"line":62,"column":77}},"27":{"start":{"line":62,"column":15},"end":{"line":62,"column":77}},"28":{"start":{"line":63,"column":4},"end":{"line":63,"column":19}},"29":{"start":{"line":65,"column":4},"end":{"line":65,"column":51}},"30":{"start":{"line":70,"column":19},"end":{"line":82,"column":1}},"31":{"start":{"line":71,"column":2},"end":{"line":81,"column":3}},"32":{"start":{"line":72,"column":17},"end":{"line":72,"column":44}},"33":{"start":{"line":73,"column":4},"end":{"line":77,"column":7}},"34":{"start":{"line":78,"column":4},"end":{"line":78,"column":31}},"35":{"start":{"line":80,"column":4},"end":{"line":80,"column":51}},"36":{"start":{"line":85,"column":19},"end":{"line":110,"column":1}},"37":{"start":{"line":86,"column":2},"end":{"line":109,"column":3}},"38":{"start":{"line":87,"column":21},"end":{"line":87,"column":55}},"39":{"start":{"line":88,"column":4},"end":{"line":88,"column":75}},"40":{"start":{"line":88,"column":19},"end":{"line":88,"column":75}},"41":{"start":{"line":89,"column":17},"end":{"line":92,"column":6}},"42":{"start":{"line":93,"column":4},"end":{"line":105,"column":5}},"43":{"start":{"line":94,"column":6},"end":{"line":98,"column":9}},"44":{"start":{"line":99,"column":6},"end":{"line":104,"column":8}},"45":{"start":{"line":106,"column":4},"end":{"line":106,"column":19}},"46":{"start":{"line":108,"column":4},"end":{"line":108,"column":51}},"47":{"start":{"line":113,"column":19},"end":{"line":120,"column":1}},"48":{"start":{"line":114,"column":2},"end":{"line":119,"column":3}},"49":{"start":{"line":115,"column":4},"end":{"line":115,"column":48}},"50":{"start":{"line":116,"column":4},"end":{"line":116,"column":45}},"51":{"start":{"line":118,"column":4},"end":{"line":118,"column":51}},"52":{"start":{"line":123,"column":19},"end":{"line":138,"column":1}},"53":{"start":{"line":124,"column":2},"end":{"line":137,"column":3}},"54":{"start":{"line":125,"column":31},"end":{"line":125,"column":39}},"55":{"start":{"line":126,"column":4},"end":{"line":127,"column":72}},"56":{"start":{"line":127,"column":6},"end":{"line":127,"column":72}},"57":{"start":{"line":128,"column":19},"end":{"line":132,"column":5}},"58":{"start":{"line":133,"column":4},"end":{"line":133,"column":68}},"59":{"start":{"line":135,"column":17},"end":{"line":135,"column":67}},"60":{"start":{"line":136,"column":4},"end":{"line":136,"column":52}},"61":{"start":{"line":141,"column":23},"end":{"line":154,"column":1}},"62":{"start":{"line":142,"column":2},"end":{"line":153,"column":3}},"63":{"start":{"line":143,"column":31},"end":{"line":143,"column":39}},"64":{"start":{"line":144,"column":4},"end":{"line":145,"column":72}},"65":{"start":{"line":145,"column":6},"end":{"line":145,"column":72}},"66":{"start":{"line":146,"column":19},"end":{"line":149,"column":5}},"67":{"start":{"line":150,"column":4},"end":{"line":150,"column":55}},"68":{"start":{"line":152,"column":4},"end":{"line":152,"column":51}},"69":{"start":{"line":157,"column":24},"end":{"line":171,"column":1}},"70":{"start":{"line":158,"column":2},"end":{"line":170,"column":3}},"71":{"start":{"line":159,"column":41},"end":{"line":159,"column":49}},"72":{"start":{"line":160,"column":4},"end":{"line":161,"column":72}},"73":{"start":{"line":161,"column":6},"end":{"line":161,"column":72}},"74":{"start":{"line":162,"column":19},"end":{"line":166,"column":5}},"75":{"start":{"line":167,"column":4},"end":{"line":167,"column":56}},"76":{"start":{"line":169,"column":4},"end":{"line":169,"column":51}},"77":{"start":{"line":174,"column":25},"end":{"line":188,"column":1}},"78":{"start":{"line":175,"column":2},"end":{"line":187,"column":3}},"79":{"start":{"line":176,"column":40},"end":{"line":176,"column":48}},"80":{"start":{"line":177,"column":4},"end":{"line":178,"column":72}},"81":{"start":{"line":178,"column":6},"end":{"line":178,"column":72}},"82":{"start":{"line":179,"column":19},"end":{"line":183,"column":5}},"83":{"start":{"line":184,"column":4},"end":{"line":184,"column":59}},"84":{"start":{"line":186,"column":4},"end":{"line":186,"column":51}},"85":{"start":{"line":191,"column":24},"end":{"line":204,"column":1}},"86":{"start":{"line":192,"column":2},"end":{"line":203,"column":3}},"87":{"start":{"line":193,"column":31},"end":{"line":193,"column":39}},"88":{"start":{"line":194,"column":4},"end":{"line":195,"column":72}},"89":{"start":{"line":195,"column":6},"end":{"line":195,"column":72}},"90":{"start":{"line":196,"column":19},"end":{"line":199,"column":5}},"91":{"start":{"line":200,"column":4},"end":{"line":200,"column":77}},"92":{"start":{"line":202,"column":4},"end":{"line":202,"column":51}},"93":{"start":{"line":207,"column":23},"end":{"line":232,"column":1}},"94":{"start":{"line":208,"column":2},"end":{"line":231,"column":3}},"95":{"start":{"line":209,"column":48},"end":{"line":209,"column":56}},"96":{"start":{"line":210,"column":4},"end":{"line":211,"column":68}},"97":{"start":{"line":211,"column":6},"end":{"line":211,"column":68}},"98":{"start":{"line":212,"column":4},"end":{"line":213,"column":63}},"99":{"start":{"line":213,"column":6},"end":{"line":213,"column":63}},"100":{"start":{"line":214,"column":4},"end":{"line":215,"column":63}},"101":{"start":{"line":215,"column":6},"end":{"line":215,"column":63}},"102":{"start":{"line":216,"column":17},"end":{"line":222,"column":6}},"103":{"start":{"line":223,"column":4},"end":{"line":228,"column":7}},"104":{"start":{"line":230,"column":4},"end":{"line":230,"column":51}},"105":{"start":{"line":235,"column":21},"end":{"line":266,"column":1}},"106":{"start":{"line":236,"column":2},"end":{"line":265,"column":3}},"107":{"start":{"line":237,"column":23},"end":{"line":237,"column":31}},"108":{"start":{"line":238,"column":20},"end":{"line":245,"column":5}},"109":{"start":{"line":246,"column":4},"end":{"line":249,"column":78}},"110":{"start":{"line":247,"column":6},"end":{"line":249,"column":78}},"111":{"start":{"line":250,"column":17},"end":{"line":250,"column":51}},"112":{"start":{"line":251,"column":4},"end":{"line":251,"column":71}},"113":{"start":{"line":251,"column":15},"end":{"line":251,"column":71}},"114":{"start":{"line":252,"column":19},"end":{"line":252,"column":30}},"115":{"start":{"line":253,"column":4},"end":{"line":253,"column":25}},"116":{"start":{"line":254,"column":4},"end":{"line":254,"column":41}},"117":{"start":{"line":255,"column":4},"end":{"line":255,"column":22}},"118":{"start":{"line":256,"column":4},"end":{"line":260,"column":7}},"119":{"start":{"line":261,"column":4},"end":{"line":261,"column":66}},"120":{"start":{"line":262,"column":4},"end":{"line":262,"column":19}},"121":{"start":{"line":264,"column":4},"end":{"line":264,"column":51}},"122":{"start":{"line":268,"column":0},"end":{"line":282,"column":2}}},"fnMap":{"0":{"name":"(anonymous_0)","decl":{"start":{"line":10,"column":17},"end":{"line":10,"column":18}},"loc":{"start":{"line":10,"column":37},"end":{"line":28,"column":1}},"line":10},"1":{"name":"(anonymous_1)","decl":{"start":{"line":31,"column":17},"end":{"line":31,"column":18}},"loc":{"start":{"line":31,"column":37},"end":{"line":54,"column":1}},"line":31},"2":{"name":"(anonymous_2)","decl":{"start":{"line":57,"column":16},"end":{"line":57,"column":17}},"loc":{"start":{"line":57,"column":36},"end":{"line":67,"column":1}},"line":57},"3":{"name":"(anonymous_3)","decl":{"start":{"line":70,"column":19},"end":{"line":70,"column":20}},"loc":{"start":{"line":70,"column":39},"end":{"line":82,"column":1}},"line":70},"4":{"name":"(anonymous_4)","decl":{"start":{"line":85,"column":19},"end":{"line":85,"column":20}},"loc":{"start":{"line":85,"column":39},"end":{"line":110,"column":1}},"line":85},"5":{"name":"(anonymous_5)","decl":{"start":{"line":113,"column":19},"end":{"line":113,"column":20}},"loc":{"start":{"line":113,"column":39},"end":{"line":120,"column":1}},"line":113},"6":{"name":"(anonymous_6)","decl":{"start":{"line":123,"column":19},"end":{"line":123,"column":20}},"loc":{"start":{"line":123,"column":39},"end":{"line":138,"column":1}},"line":123},"7":{"name":"(anonymous_7)","decl":{"start":{"line":141,"column":23},"end":{"line":141,"column":24}},"loc":{"start":{"line":141,"column":43},"end":{"line":154,"column":1}},"line":141},"8":{"name":"(anonymous_8)","decl":{"start":{"line":157,"column":24},"end":{"line":157,"column":25}},"loc":{"start":{"line":157,"column":44},"end":{"line":171,"column":1}},"line":157},"9":{"name":"(anonymous_9)","decl":{"start":{"line":174,"column":25},"end":{"line":174,"column":26}},"loc":{"start":{"line":174,"column":45},"end":{"line":188,"column":1}},"line":174},"10":{"name":"(anonymous_10)","decl":{"start":{"line":191,"column":24},"end":{"line":191,"column":25}},"loc":{"start":{"line":191,"column":44},"end":{"line":204,"column":1}},"line":191},"11":{"name":"(anonymous_11)","decl":{"start":{"line":207,"column":23},"end":{"line":207,"column":24}},"loc":{"start":{"line":207,"column":43},"end":{"line":232,"column":1}},"line":207},"12":{"name":"(anonymous_12)","decl":{"start":{"line":235,"column":21},"end":{"line":235,"column":22}},"loc":{"start":{"line":235,"column":41},"end":{"line":266,"column":1}},"line":235}},"branchMap":{"0":{"loc":{"start":{"line":14,"column":4},"end":{"line":14,"column":39}},"type":"if","locations":[{"start":{"line":14,"column":4},"end":{"line":14,"column":39}},{"start":{},"end":{}}],"line":14},"1":{"loc":{"start":{"line":15,"column":4},"end":{"line":15,"column":33}},"type":"if","locations":[{"start":{"line":15,"column":4},"end":{"line":15,"column":33}},{"start":{},"end":{}}],"line":15},"2":{"loc":{"start":{"line":16,"column":4},"end":{"line":16,"column":60}},"type":"if","locations":[{"start":{"line":16,"column":4},"end":{"line":16,"column":60}},{"start":{},"end":{}}],"line":16},"3":{"loc":{"start":{"line":62,"column":4},"end":{"line":62,"column":77}},"type":"if","locations":[{"start":{"line":62,"column":4},"end":{"line":62,"column":77}},{"start":{},"end":{}}],"line":62},"4":{"loc":{"start":{"line":88,"column":4},"end":{"line":88,"column":75}},"type":"if","locations":[{"start":{"line":88,"column":4},"end":{"line":88,"column":75}},{"start":{},"end":{}}],"line":88},"5":{"loc":{"start":{"line":93,"column":4},"end":{"line":105,"column":5}},"type":"if","locations":[{"start":{"line":93,"column":4},"end":{"line":105,"column":5}},{"start":{},"end":{}}],"line":93},"6":{"loc":{"start":{"line":126,"column":4},"end":{"line":127,"column":72}},"type":"if","locations":[{"start":{"line":126,"column":4},"end":{"line":127,"column":72}},{"start":{},"end":{}}],"line":126},"7":{"loc":{"start":{"line":135,"column":17},"end":{"line":135,"column":67}},"type":"cond-expr","locations":[{"start":{"line":135,"column":58},"end":{"line":135,"column":61}},{"start":{"line":135,"column":64},"end":{"line":135,"column":67}}],"line":135},"8":{"loc":{"start":{"line":144,"column":4},"end":{"line":145,"column":72}},"type":"if","locations":[{"start":{"line":144,"column":4},"end":{"line":145,"column":72}},{"start":{},"end":{}}],"line":144},"9":{"loc":{"start":{"line":160,"column":4},"end":{"line":161,"column":72}},"type":"if","locations":[{"start":{"line":160,"column":4},"end":{"line":161,"column":72}},{"start":{},"end":{}}],"line":160},"10":{"loc":{"start":{"line":177,"column":4},"end":{"line":178,"column":72}},"type":"if","locations":[{"start":{"line":177,"column":4},"end":{"line":178,"column":72}},{"start":{},"end":{}}],"line":177},"11":{"loc":{"start":{"line":194,"column":4},"end":{"line":195,"column":72}},"type":"if","locations":[{"start":{"line":194,"column":4},"end":{"line":195,"column":72}},{"start":{},"end":{}}],"line":194},"12":{"loc":{"start":{"line":210,"column":4},"end":{"line":211,"column":68}},"type":"if","locations":[{"start":{"line":210,"column":4},"end":{"line":211,"column":68}},{"start":{},"end":{}}],"line":210},"13":{"loc":{"start":{"line":210,"column":8},"end":{"line":210,"column":20}},"type":"binary-expr","locations":[{"start":{"line":210,"column":8},"end":{"line":210,"column":12}},{"start":{"line":210,"column":16},"end":{"line":210,"column":20}}],"line":210},"14":{"loc":{"start":{"line":212,"column":4},"end":{"line":213,"column":63}},"type":"if","locations":[{"start":{"line":212,"column":4},"end":{"line":213,"column":63}},{"start":{},"end":{}}],"line":212},"15":{"loc":{"start":{"line":212,"column":8},"end":{"line":212,"column":29}},"type":"binary-expr","locations":[{"start":{"line":212,"column":8},"end":{"line":212,"column":17}},{"start":{"line":212,"column":21},"end":{"line":212,"column":29}}],"line":212},"16":{"loc":{"start":{"line":214,"column":4},"end":{"line":215,"column":63}},"type":"if","locations":[{"start":{"line":214,"column":4},"end":{"line":215,"column":63}},{"start":{},"end":{}}],"line":214},"17":{"loc":{"start":{"line":214,"column":8},"end":{"line":214,"column":31}},"type":"binary-expr","locations":[{"start":{"line":214,"column":8},"end":{"line":214,"column":18}},{"start":{"line":214,"column":22},"end":{"line":214,"column":31}}],"line":214},"18":{"loc":{"start":{"line":246,"column":4},"end":{"line":249,"column":78}},"type":"if","locations":[{"start":{"line":246,"column":4},"end":{"line":249,"column":78}},{"start":{},"end":{}}],"line":246},"19":{"loc":{"start":{"line":251,"column":4},"end":{"line":251,"column":71}},"type":"if","locations":[{"start":{"line":251,"column":4},"end":{"line":251,"column":71}},{"start":{},"end":{}}],"line":251}},"s":{"0":2,"1":2,"2":2,"3":2,"4":2,"5":0,"6":0,"7":0,"8":0,"9":0,"10":0,"11":0,"12":0,"13":0,"14":0,"15":0,"16":0,"17":2,"18":0,"19":0,"20":0,"21":0,"22":0,"23":2,"24":0,"25":0,"26":0,"27":0,"28":0,"29":0,"30":2,"31":0,"32":0,"33":0,"34":0,"35":0,"36":2,"37":0,"38":0,"39":0,"40":0,"41":0,"42":0,"43":0,"44":0,"45":0,"46":0,"47":2,"48":0,"49":0,"50":0,"51":0,"52":2,"53":0,"54":0,"55":0,"56":0,"57":0,"58":0,"59":0,"60":0,"61":2,"62":0,"63":0,"64":0,"65":0,"66":0,"67":0,"68":0,"69":2,"70":0,"71":0,"72":0,"73":0,"74":0,"75":0,"76":0,"77":2,"78":0,"79":0,"80":0,"81":0,"82":0,"83":0,"84":0,"85":2,"86":0,"87":0,"88":0,"89":0,"90":0,"91":0,"92":0,"93":2,"94":0,"95":0,"96":0,"97":0,"98":0,"99":0,"100":0,"101":0,"102":0,"103":0,"104":0,"105":2,"106":0,"107":0,"108":0,"109":0,"110":0,"111":0,"112":0,"113":0,"114":0,"115":0,"116":0,"117":0,"118":0,"119":0,"120":0,"121":0,"122":2},"f":{"0":0,"1":0,"2":0,"3":0,"4":0,"5":0,"6":0,"7":0,"8":0,"9":0,"10":0,"11":0,"12":0},"b":{"0":[0,0],"1":[0,0],"2":[0,0],"3":[0,0],"4":[0,0],"5":[0,0],"6":[0,0],"7":[0,0],"8":[0,0],"9":[0,0],"10":[0,0],"11":[0,0],"12":[0,0],"13":[0,0],"14":[0,0],"15":[0,0],"16":[0,0],"17":[0,0],"18":[0,0],"19":[0,0]},"_coverageSchema":"1a1c01bbd47fc00a2c39e90264f33305004495a9","hash":"1261c1a2d016b9d6a37070db9b2af26681faa715"}
,"C:\\Users\\MSI\\OneDrive\\Bureau\\PFE\\blancbleu\\server\\controllers\\aiController.js": {"path":"C:\\Users\\MSI\\OneDrive\\Bureau\\PFE\\blancbleu\\server\\controllers\\aiController.js","statementMap":{"0":{"start":{"line":1,"column":14},"end":{"line":1,"column":30}},"1":{"start":{"line":2,"column":18},"end":{"line":2,"column":53}},"2":{"start":{"line":4,"column":19},"end":{"line":4,"column":68}},"3":{"start":{"line":13,"column":14},"end":{"line":13,"column":15}},"4":{"start":{"line":14,"column":20},"end":{"line":27,"column":3}},"5":{"start":{"line":28,"column":20},"end":{"line":34,"column":3}},"6":{"start":{"line":35,"column":2},"end":{"line":35,"column":41}},"7":{"start":{"line":36,"column":2},"end":{"line":36,"column":39}},"8":{"start":{"line":37,"column":2},"end":{"line":37,"column":66}},"9":{"start":{"line":37,"column":22},"end":{"line":37,"column":66}},"10":{"start":{"line":38,"column":19},"end":{"line":38,"column":65}},"11":{"start":{"line":39,"column":2},"end":{"line":39,"column":46}},"12":{"start":{"line":43,"column":28},"end":{"line":136,"column":1}},"13":{"start":{"line":44,"column":2},"end":{"line":135,"column":3}},"14":{"start":{"line":58,"column":8},"end":{"line":58,"column":16}},"15":{"start":{"line":60,"column":4},"end":{"line":63,"column":70}},"16":{"start":{"line":61,"column":6},"end":{"line":63,"column":70}},"17":{"start":{"line":66,"column":4},"end":{"line":124,"column":5}},"18":{"start":{"line":67,"column":23},"end":{"line":84,"column":7}},"19":{"start":{"line":86,"column":6},"end":{"line":95,"column":8}},"20":{"start":{"line":97,"column":6},"end":{"line":100,"column":8}},"21":{"start":{"line":101,"column":23},"end":{"line":106,"column":7}},"22":{"start":{"line":107,"column":6},"end":{"line":123,"column":8}},"23":{"start":{"line":126,"column":4},"end":{"line":126,"column":21}},"24":{"start":{"line":129,"column":29},"end":{"line":129,"column":75}},"25":{"start":{"line":130,"column":4},"end":{"line":132,"column":23}},"26":{"start":{"line":134,"column":4},"end":{"line":134,"column":51}},"27":{"start":{"line":139,"column":23},"end":{"line":182,"column":1}},"28":{"start":{"line":140,"column":2},"end":{"line":181,"column":3}},"29":{"start":{"line":141,"column":25},"end":{"line":141,"column":58}},"30":{"start":{"line":149,"column":8},"end":{"line":149,"column":16}},"31":{"start":{"line":152,"column":4},"end":{"line":170,"column":5}},"32":{"start":{"line":153,"column":23},"end":{"line":163,"column":7}},"33":{"start":{"line":164,"column":6},"end":{"line":164,"column":31}},"34":{"start":{"line":165,"column":6},"end":{"line":165,"column":25}},"35":{"start":{"line":167,"column":17},"end":{"line":167,"column":79}},"36":{"start":{"line":168,"column":6},"end":{"line":168,"column":29}},"37":{"start":{"line":169,"column":6},"end":{"line":169,"column":23}},"38":{"start":{"line":172,"column":4},"end":{"line":176,"column":9}},"39":{"start":{"line":173,"column":6},"end":{"line":176,"column":9}},"40":{"start":{"line":178,"column":4},"end":{"line":178,"column":71}},"41":{"start":{"line":180,"column":4},"end":{"line":180,"column":51}},"42":{"start":{"line":185,"column":19},"end":{"line":233,"column":1}},"43":{"start":{"line":186,"column":2},"end":{"line":232,"column":3}},"44":{"start":{"line":187,"column":4},"end":{"line":192,"column":14}},"45":{"start":{"line":188,"column":23},"end":{"line":190,"column":8}},"46":{"start":{"line":191,"column":6},"end":{"line":191,"column":28}},"47":{"start":{"line":193,"column":4},"end":{"line":229,"column":7}},"48":{"start":{"line":231,"column":4},"end":{"line":231,"column":51}},"49":{"start":{"line":236,"column":23},"end":{"line":247,"column":1}},"50":{"start":{"line":237,"column":2},"end":{"line":246,"column":3}},"51":{"start":{"line":238,"column":21},"end":{"line":238,"column":79}},"52":{"start":{"line":239,"column":4},"end":{"line":239,"column":43}},"53":{"start":{"line":241,"column":4},"end":{"line":245,"column":7}},"54":{"start":{"line":249,"column":0},"end":{"line":254,"column":2}}},"fnMap":{"0":{"name":"scoringLocal","decl":{"start":{"line":7,"column":9},"end":{"line":7,"column":21}},"loc":{"start":{"line":12,"column":2},"end":{"line":40,"column":1}},"line":12},"1":{"name":"(anonymous_1)","decl":{"start":{"line":43,"column":28},"end":{"line":43,"column":29}},"loc":{"start":{"line":43,"column":48},"end":{"line":136,"column":1}},"line":43},"2":{"name":"(anonymous_2)","decl":{"start":{"line":132,"column":13},"end":{"line":132,"column":14}},"loc":{"start":{"line":132,"column":19},"end":{"line":132,"column":21}},"line":132},"3":{"name":"(anonymous_3)","decl":{"start":{"line":139,"column":23},"end":{"line":139,"column":24}},"loc":{"start":{"line":139,"column":43},"end":{"line":182,"column":1}},"line":139},"4":{"name":"(anonymous_4)","decl":{"start":{"line":185,"column":19},"end":{"line":185,"column":20}},"loc":{"start":{"line":185,"column":39},"end":{"line":233,"column":1}},"line":185},"5":{"name":"(anonymous_5)","decl":{"start":{"line":236,"column":23},"end":{"line":236,"column":24}},"loc":{"start":{"line":236,"column":43},"end":{"line":247,"column":1}},"line":236}},"branchMap":{"0":{"loc":{"start":{"line":4,"column":19},"end":{"line":4,"column":68}},"type":"binary-expr","locations":[{"start":{"line":4,"column":19},"end":{"line":4,"column":41}},{"start":{"line":4,"column":45},"end":{"line":4,"column":68}}],"line":4},"1":{"loc":{"start":{"line":10,"column":2},"end":{"line":10,"column":16}},"type":"default-arg","locations":[{"start":{"line":10,"column":14},"end":{"line":10,"column":16}}],"line":10},"2":{"loc":{"start":{"line":11,"column":2},"end":{"line":11,"column":16}},"type":"default-arg","locations":[{"start":{"line":11,"column":15},"end":{"line":11,"column":16}}],"line":11},"3":{"loc":{"start":{"line":35,"column":11},"end":{"line":35,"column":40}},"type":"binary-expr","locations":[{"start":{"line":35,"column":11},"end":{"line":35,"column":34}},{"start":{"line":35,"column":38},"end":{"line":35,"column":40}}],"line":35},"4":{"loc":{"start":{"line":36,"column":11},"end":{"line":36,"column":38}},"type":"binary-expr","locations":[{"start":{"line":36,"column":11},"end":{"line":36,"column":33}},{"start":{"line":36,"column":37},"end":{"line":36,"column":38}}],"line":36},"5":{"loc":{"start":{"line":37,"column":2},"end":{"line":37,"column":66}},"type":"if","locations":[{"start":{"line":37,"column":2},"end":{"line":37,"column":66}},{"start":{},"end":{}}],"line":37},"6":{"loc":{"start":{"line":38,"column":19},"end":{"line":38,"column":65}},"type":"cond-expr","locations":[{"start":{"line":38,"column":33},"end":{"line":38,"column":37}},{"start":{"line":38,"column":40},"end":{"line":38,"column":65}}],"line":38},"7":{"loc":{"start":{"line":38,"column":40},"end":{"line":38,"column":65}},"type":"cond-expr","locations":[{"start":{"line":38,"column":54},"end":{"line":38,"column":58}},{"start":{"line":38,"column":61},"end":{"line":38,"column":65}}],"line":38},"8":{"loc":{"start":{"line":60,"column":4},"end":{"line":63,"column":70}},"type":"if","locations":[{"start":{"line":60,"column":4},"end":{"line":63,"column":70}},{"start":{},"end":{}}],"line":60},"9":{"loc":{"start":{"line":60,"column":8},"end":{"line":60,"column":37}},"type":"binary-expr","locations":[{"start":{"line":60,"column":8},"end":{"line":60,"column":21}},{"start":{"line":60,"column":25},"end":{"line":60,"column":37}}],"line":60},"10":{"loc":{"start":{"line":72,"column":22},"end":{"line":72,"column":37}},"type":"binary-expr","locations":[{"start":{"line":72,"column":22},"end":{"line":72,"column":32}},{"start":{"line":72,"column":36},"end":{"line":72,"column":37}}],"line":72},"11":{"loc":{"start":{"line":73,"column":15},"end":{"line":73,"column":24}},"type":"binary-expr","locations":[{"start":{"line":73,"column":15},"end":{"line":73,"column":18}},{"start":{"line":73,"column":22},"end":{"line":73,"column":24}}],"line":73},"12":{"loc":{"start":{"line":74,"column":21},"end":{"line":74,"column":36}},"type":"binary-expr","locations":[{"start":{"line":74,"column":21},"end":{"line":74,"column":30}},{"start":{"line":74,"column":34},"end":{"line":74,"column":36}}],"line":74},"13":{"loc":{"start":{"line":75,"column":19},"end":{"line":75,"column":32}},"type":"binary-expr","locations":[{"start":{"line":75,"column":19},"end":{"line":75,"column":26}},{"start":{"line":75,"column":30},"end":{"line":75,"column":32}}],"line":75},"14":{"loc":{"start":{"line":76,"column":23},"end":{"line":76,"column":44}},"type":"binary-expr","locations":[{"start":{"line":76,"column":23},"end":{"line":76,"column":34}},{"start":{"line":76,"column":38},"end":{"line":76,"column":44}}],"line":76},"15":{"loc":{"start":{"line":77,"column":18},"end":{"line":77,"column":33}},"type":"binary-expr","locations":[{"start":{"line":77,"column":18},"end":{"line":77,"column":24}},{"start":{"line":77,"column":28},"end":{"line":77,"column":33}}],"line":77},"16":{"loc":{"start":{"line":78,"column":18},"end":{"line":78,"column":29}},"type":"binary-expr","locations":[{"start":{"line":78,"column":18},"end":{"line":78,"column":24}},{"start":{"line":78,"column":28},"end":{"line":78,"column":29}}],"line":78},"17":{"loc":{"start":{"line":79,"column":16},"end":{"line":79,"column":25}},"type":"binary-expr","locations":[{"start":{"line":79,"column":16},"end":{"line":79,"column":20}},{"start":{"line":79,"column":24},"end":{"line":79,"column":25}}],"line":79},"18":{"loc":{"start":{"line":80,"column":19},"end":{"line":80,"column":31}},"type":"binary-expr","locations":[{"start":{"line":80,"column":19},"end":{"line":80,"column":26}},{"start":{"line":80,"column":30},"end":{"line":80,"column":31}}],"line":80},"19":{"loc":{"start":{"line":81,"column":27},"end":{"line":81,"column":47}},"type":"binary-expr","locations":[{"start":{"line":81,"column":27},"end":{"line":81,"column":42}},{"start":{"line":81,"column":46},"end":{"line":81,"column":47}}],"line":81},"20":{"loc":{"start":{"line":113,"column":10},"end":{"line":117,"column":21}},"type":"cond-expr","locations":[{"start":{"line":114,"column":14},"end":{"line":114,"column":20}},{"start":{"line":115,"column":14},"end":{"line":117,"column":21}}],"line":113},"21":{"loc":{"start":{"line":115,"column":14},"end":{"line":117,"column":21}},"type":"cond-expr","locations":[{"start":{"line":116,"column":16},"end":{"line":116,"column":22}},{"start":{"line":117,"column":16},"end":{"line":117,"column":21}}],"line":115},"22":{"loc":{"start":{"line":131,"column":55},"end":{"line":131,"column":76}},"type":"binary-expr","locations":[{"start":{"line":131,"column":55},"end":{"line":131,"column":71}},{"start":{"line":131,"column":75},"end":{"line":131,"column":76}}],"line":131},"23":{"loc":{"start":{"line":158,"column":22},"end":{"line":158,"column":37}},"type":"binary-expr","locations":[{"start":{"line":158,"column":22},"end":{"line":158,"column":32}},{"start":{"line":158,"column":36},"end":{"line":158,"column":37}}],"line":158},"24":{"loc":{"start":{"line":159,"column":15},"end":{"line":159,"column":24}},"type":"binary-expr","locations":[{"start":{"line":159,"column":15},"end":{"line":159,"column":18}},{"start":{"line":159,"column":22},"end":{"line":159,"column":24}}],"line":159},"25":{"loc":{"start":{"line":160,"column":21},"end":{"line":160,"column":36}},"type":"binary-expr","locations":[{"start":{"line":160,"column":21},"end":{"line":160,"column":30}},{"start":{"line":160,"column":34},"end":{"line":160,"column":36}}],"line":160},"26":{"loc":{"start":{"line":172,"column":4},"end":{"line":176,"column":9}},"type":"if","locations":[{"start":{"line":172,"column":4},"end":{"line":176,"column":9}},{"start":{},"end":{}}],"line":172}},"s":{"0":2,"1":2,"2":2,"3":0,"4":0,"5":0,"6":0,"7":0,"8":0,"9":0,"10":0,"11":0,"12":2,"13":0,"14":0,"15":0,"16":0,"17":0,"18":0,"19":0,"20":0,"21":0,"22":0,"23":0,"24":0,"25":0,"26":0,"27":2,"28":0,"29":0,"30":0,"31":0,"32":0,"33":0,"34":0,"35":0,"36":0,"37":0,"38":0,"39":0,"40":0,"41":0,"42":2,"43":0,"44":0,"45":0,"46":0,"47":0,"48":0,"49":2,"50":0,"51":0,"52":0,"53":0,"54":2},"f":{"0":0,"1":0,"2":0,"3":0,"4":0,"5":0},"b":{"0":[2,0],"1":[0],"2":[0],"3":[0,0],"4":[0,0],"5":[0,0],"6":[0,0],"7":[0,0],"8":[0,0],"9":[0,0],"10":[0,0],"11":[0,0],"12":[0,0],"13":[0,0],"14":[0,0],"15":[0,0],"16":[0,0],"17":[0,0],"18":[0,0],"19":[0,0],"20":[0,0],"21":[0,0],"22":[0,0],"23":[0,0],"24":[0,0],"25":[0,0],"26":[0,0]},"_coverageSchema":"1a1c01bbd47fc00a2c39e90264f33305004495a9","hash":"30616d148f52ec71c1222533dedd46e9a0f5a4b9"}
,"C:\\Users\\MSI\\OneDrive\\Bureau\\PFE\\blancbleu\\server\\controllers\\equipementController.js": {"path":"C:\\Users\\MSI\\OneDrive\\Bureau\\PFE\\blancbleu\\server\\controllers\\equipementController.js","statementMap":{"0":{"start":{"line":4,"column":19},"end":{"line":4,"column":50}},"1":{"start":{"line":5,"column":16},"end":{"line":5,"column":56}},"2":{"start":{"line":8,"column":15},"end":{"line":12,"column":1}},"3":{"start":{"line":9,"column":2},"end":{"line":9,"column":79}},"4":{"start":{"line":9,"column":18},"end":{"line":9,"column":79}},"5":{"start":{"line":10,"column":2},"end":{"line":10,"column":42}},"6":{"start":{"line":11,"column":2},"end":{"line":11,"column":76}},"7":{"start":{"line":15,"column":15},"end":{"line":52,"column":1}},"8":{"start":{"line":16,"column":2},"end":{"line":51,"column":3}},"9":{"start":{"line":25,"column":8},"end":{"line":25,"column":17}},"10":{"start":{"line":27,"column":19},"end":{"line":27,"column":21}},"11":{"start":{"line":28,"column":4},"end":{"line":28,"column":66}},"12":{"start":{"line":28,"column":28},"end":{"line":28,"column":66}},"13":{"start":{"line":29,"column":4},"end":{"line":29,"column":33}},"14":{"start":{"line":29,"column":14},"end":{"line":29,"column":33}},"15":{"start":{"line":30,"column":4},"end":{"line":30,"column":48}},"16":{"start":{"line":30,"column":19},"end":{"line":30,"column":48}},"17":{"start":{"line":31,"column":4},"end":{"line":31,"column":48}},"18":{"start":{"line":31,"column":17},"end":{"line":31,"column":48}},"19":{"start":{"line":32,"column":4},"end":{"line":32,"column":63}},"20":{"start":{"line":32,"column":16},"end":{"line":32,"column":63}},"21":{"start":{"line":34,"column":28},"end":{"line":41,"column":6}},"22":{"start":{"line":43,"column":4},"end":{"line":48,"column":7}},"23":{"start":{"line":50,"column":4},"end":{"line":50,"column":21}},"24":{"start":{"line":55,"column":17},"end":{"line":62,"column":1}},"25":{"start":{"line":56,"column":2},"end":{"line":61,"column":3}},"26":{"start":{"line":57,"column":18},"end":{"line":57,"column":42}},"27":{"start":{"line":58,"column":4},"end":{"line":58,"column":20}},"28":{"start":{"line":60,"column":4},"end":{"line":60,"column":21}},"29":{"start":{"line":65,"column":20},"end":{"line":76,"column":1}},"30":{"start":{"line":66,"column":2},"end":{"line":75,"column":3}},"31":{"start":{"line":67,"column":41},"end":{"line":67,"column":72}},"32":{"start":{"line":68,"column":4},"end":{"line":72,"column":7}},"33":{"start":{"line":74,"column":4},"end":{"line":74,"column":21}},"34":{"start":{"line":79,"column":25},"end":{"line":92,"column":1}},"35":{"start":{"line":80,"column":2},"end":{"line":91,"column":3}},"36":{"start":{"line":82,"column":6},"end":{"line":82,"column":37}},"37":{"start":{"line":83,"column":4},"end":{"line":88,"column":7}},"38":{"start":{"line":90,"column":4},"end":{"line":90,"column":21}},"39":{"start":{"line":95,"column":15},"end":{"line":107,"column":1}},"40":{"start":{"line":96,"column":2},"end":{"line":106,"column":3}},"41":{"start":{"line":97,"column":18},"end":{"line":100,"column":5}},"42":{"start":{"line":101,"column":4},"end":{"line":102,"column":73}},"43":{"start":{"line":102,"column":6},"end":{"line":102,"column":73}},"44":{"start":{"line":103,"column":4},"end":{"line":103,"column":20}},"45":{"start":{"line":105,"column":4},"end":{"line":105,"column":21}},"46":{"start":{"line":110,"column":15},"end":{"line":124,"column":1}},"47":{"start":{"line":111,"column":2},"end":{"line":123,"column":3}},"48":{"start":{"line":113,"column":31},"end":{"line":113,"column":39}},"49":{"start":{"line":114,"column":4},"end":{"line":115,"column":66}},"50":{"start":{"line":115,"column":6},"end":{"line":115,"column":66}},"51":{"start":{"line":116,"column":4},"end":{"line":117,"column":72}},"52":{"start":{"line":117,"column":6},"end":{"line":117,"column":72}},"53":{"start":{"line":119,"column":18},"end":{"line":119,"column":57}},"54":{"start":{"line":120,"column":4},"end":{"line":120,"column":32}},"55":{"start":{"line":122,"column":4},"end":{"line":122,"column":21}},"56":{"start":{"line":127,"column":15},"end":{"line":134,"column":1}},"57":{"start":{"line":128,"column":2},"end":{"line":133,"column":3}},"58":{"start":{"line":129,"column":18},"end":{"line":129,"column":68}},"59":{"start":{"line":130,"column":4},"end":{"line":130,"column":20}},"60":{"start":{"line":132,"column":4},"end":{"line":132,"column":21}},"61":{"start":{"line":137,"column":15},"end":{"line":149,"column":1}},"62":{"start":{"line":138,"column":2},"end":{"line":148,"column":3}},"63":{"start":{"line":139,"column":18},"end":{"line":139,"column":58}},"64":{"start":{"line":140,"column":4},"end":{"line":140,"column":72}},"65":{"start":{"line":140,"column":16},"end":{"line":140,"column":72}},"66":{"start":{"line":142,"column":4},"end":{"line":142,"column":27}},"67":{"start":{"line":143,"column":4},"end":{"line":143,"column":26}},"68":{"start":{"line":144,"column":4},"end":{"line":144,"column":23}},"69":{"start":{"line":145,"column":4},"end":{"line":145,"column":50}},"70":{"start":{"line":147,"column":4},"end":{"line":147,"column":21}},"71":{"start":{"line":152,"column":15},"end":{"line":161,"column":1}},"72":{"start":{"line":153,"column":2},"end":{"line":160,"column":3}},"73":{"start":{"line":154,"column":24},"end":{"line":154,"column":32}},"74":{"start":{"line":155,"column":4},"end":{"line":155,"column":77}},"75":{"start":{"line":155,"column":18},"end":{"line":155,"column":77}},"76":{"start":{"line":156,"column":18},"end":{"line":156,"column":64}},"77":{"start":{"line":157,"column":4},"end":{"line":157,"column":67}},"78":{"start":{"line":159,"column":4},"end":{"line":159,"column":21}},"79":{"start":{"line":164,"column":17},"end":{"line":171,"column":1}},"80":{"start":{"line":165,"column":2},"end":{"line":170,"column":3}},"81":{"start":{"line":166,"column":18},"end":{"line":166,"column":58}},"82":{"start":{"line":167,"column":4},"end":{"line":167,"column":70}},"83":{"start":{"line":169,"column":4},"end":{"line":169,"column":21}},"84":{"start":{"line":174,"column":21},"end":{"line":183,"column":1}},"85":{"start":{"line":175,"column":2},"end":{"line":182,"column":3}},"86":{"start":{"line":176,"column":28},"end":{"line":176,"column":36}},"87":{"start":{"line":177,"column":4},"end":{"line":177,"column":71}},"88":{"start":{"line":177,"column":15},"end":{"line":177,"column":71}},"89":{"start":{"line":178,"column":18},"end":{"line":178,"column":71}},"90":{"start":{"line":179,"column":4},"end":{"line":179,"column":74}},"91":{"start":{"line":181,"column":4},"end":{"line":181,"column":21}},"92":{"start":{"line":185,"column":0},"end":{"line":197,"column":2}}},"fnMap":{"0":{"name":"(anonymous_0)","decl":{"start":{"line":8,"column":15},"end":{"line":8,"column":16}},"loc":{"start":{"line":8,"column":29},"end":{"line":12,"column":1}},"line":8},"1":{"name":"(anonymous_1)","decl":{"start":{"line":15,"column":15},"end":{"line":15,"column":16}},"loc":{"start":{"line":15,"column":35},"end":{"line":52,"column":1}},"line":15},"2":{"name":"(anonymous_2)","decl":{"start":{"line":55,"column":17},"end":{"line":55,"column":18}},"loc":{"start":{"line":55,"column":37},"end":{"line":62,"column":1}},"line":55},"3":{"name":"(anonymous_3)","decl":{"start":{"line":65,"column":20},"end":{"line":65,"column":21}},"loc":{"start":{"line":65,"column":40},"end":{"line":76,"column":1}},"line":65},"4":{"name":"(anonymous_4)","decl":{"start":{"line":79,"column":25},"end":{"line":79,"column":26}},"loc":{"start":{"line":79,"column":45},"end":{"line":92,"column":1}},"line":79},"5":{"name":"(anonymous_5)","decl":{"start":{"line":95,"column":15},"end":{"line":95,"column":16}},"loc":{"start":{"line":95,"column":35},"end":{"line":107,"column":1}},"line":95},"6":{"name":"(anonymous_6)","decl":{"start":{"line":110,"column":15},"end":{"line":110,"column":16}},"loc":{"start":{"line":110,"column":35},"end":{"line":124,"column":1}},"line":110},"7":{"name":"(anonymous_7)","decl":{"start":{"line":127,"column":15},"end":{"line":127,"column":16}},"loc":{"start":{"line":127,"column":35},"end":{"line":134,"column":1}},"line":127},"8":{"name":"(anonymous_8)","decl":{"start":{"line":137,"column":15},"end":{"line":137,"column":16}},"loc":{"start":{"line":137,"column":35},"end":{"line":149,"column":1}},"line":137},"9":{"name":"(anonymous_9)","decl":{"start":{"line":152,"column":15},"end":{"line":152,"column":16}},"loc":{"start":{"line":152,"column":35},"end":{"line":161,"column":1}},"line":152},"10":{"name":"(anonymous_10)","decl":{"start":{"line":164,"column":17},"end":{"line":164,"column":18}},"loc":{"start":{"line":164,"column":37},"end":{"line":171,"column":1}},"line":164},"11":{"name":"(anonymous_11)","decl":{"start":{"line":174,"column":21},"end":{"line":174,"column":22}},"loc":{"start":{"line":174,"column":41},"end":{"line":183,"column":1}},"line":174}},"branchMap":{"0":{"loc":{"start":{"line":9,"column":2},"end":{"line":9,"column":79}},"type":"if","locations":[{"start":{"line":9,"column":2},"end":{"line":9,"column":79}},{"start":{},"end":{}}],"line":9},"1":{"loc":{"start":{"line":11,"column":41},"end":{"line":11,"column":72}},"type":"binary-expr","locations":[{"start":{"line":11,"column":41},"end":{"line":11,"column":52}},{"start":{"line":11,"column":56},"end":{"line":11,"column":72}}],"line":11},"2":{"loc":{"start":{"line":21,"column":6},"end":{"line":21,"column":23}},"type":"default-arg","locations":[{"start":{"line":21,"column":17},"end":{"line":21,"column":23}}],"line":21},"3":{"loc":{"start":{"line":22,"column":6},"end":{"line":22,"column":14}},"type":"default-arg","locations":[{"start":{"line":22,"column":13},"end":{"line":22,"column":14}}],"line":22},"4":{"loc":{"start":{"line":23,"column":6},"end":{"line":23,"column":16}},"type":"default-arg","locations":[{"start":{"line":23,"column":14},"end":{"line":23,"column":16}}],"line":23},"5":{"loc":{"start":{"line":28,"column":4},"end":{"line":28,"column":66}},"type":"if","locations":[{"start":{"line":28,"column":4},"end":{"line":28,"column":66}},{"start":{},"end":{}}],"line":28},"6":{"loc":{"start":{"line":29,"column":4},"end":{"line":29,"column":33}},"type":"if","locations":[{"start":{"line":29,"column":4},"end":{"line":29,"column":33}},{"start":{},"end":{}}],"line":29},"7":{"loc":{"start":{"line":30,"column":4},"end":{"line":30,"column":48}},"type":"if","locations":[{"start":{"line":30,"column":4},"end":{"line":30,"column":48}},{"start":{},"end":{}}],"line":30},"8":{"loc":{"start":{"line":31,"column":4},"end":{"line":31,"column":48}},"type":"if","locations":[{"start":{"line":31,"column":4},"end":{"line":31,"column":48}},{"start":{},"end":{}}],"line":31},"9":{"loc":{"start":{"line":32,"column":4},"end":{"line":32,"column":63}},"type":"if","locations":[{"start":{"line":32,"column":4},"end":{"line":32,"column":63}},{"start":{},"end":{}}],"line":32},"10":{"loc":{"start":{"line":101,"column":4},"end":{"line":102,"column":73}},"type":"if","locations":[{"start":{"line":101,"column":4},"end":{"line":102,"column":73}},{"start":{},"end":{}}],"line":101},"11":{"loc":{"start":{"line":114,"column":4},"end":{"line":115,"column":66}},"type":"if","locations":[{"start":{"line":114,"column":4},"end":{"line":115,"column":66}},{"start":{},"end":{}}],"line":114},"12":{"loc":{"start":{"line":116,"column":4},"end":{"line":117,"column":72}},"type":"if","locations":[{"start":{"line":116,"column":4},"end":{"line":117,"column":72}},{"start":{},"end":{}}],"line":116},"13":{"loc":{"start":{"line":140,"column":4},"end":{"line":140,"column":72}},"type":"if","locations":[{"start":{"line":140,"column":4},"end":{"line":140,"column":72}},{"start":{},"end":{}}],"line":140},"14":{"loc":{"start":{"line":155,"column":4},"end":{"line":155,"column":77}},"type":"if","locations":[{"start":{"line":155,"column":4},"end":{"line":155,"column":77}},{"start":{},"end":{}}],"line":155},"15":{"loc":{"start":{"line":177,"column":4},"end":{"line":177,"column":71}},"type":"if","locations":[{"start":{"line":177,"column":4},"end":{"line":177,"column":71}},{"start":{},"end":{}}],"line":177}},"s":{"0":2,"1":2,"2":2,"3":0,"4":0,"5":0,"6":0,"7":2,"8":0,"9":0,"10":0,"11":0,"12":0,"13":0,"14":0,"15":0,"16":0,"17":0,"18":0,"19":0,"20":0,"21":0,"22":0,"23":0,"24":2,"25":0,"26":0,"27":0,"28":0,"29":2,"30":0,"31":0,"32":0,"33":0,"34":2,"35":0,"36":0,"37":0,"38":0,"39":2,"40":0,"41":0,"42":0,"43":0,"44":0,"45":0,"46":2,"47":0,"48":0,"49":0,"50":0,"51":0,"52":0,"53":0,"54":0,"55":0,"56":2,"57":0,"58":0,"59":0,"60":0,"61":2,"62":0,"63":0,"64":0,"65":0,"66":0,"67":0,"68":0,"69":0,"70":0,"71":2,"72":0,"73":0,"74":0,"75":0,"76":0,"77":0,"78":0,"79":2,"80":0,"81":0,"82":0,"83":0,"84":2,"85":0,"86":0,"87":0,"88":0,"89":0,"90":0,"91":0,"92":2},"f":{"0":0,"1":0,"2":0,"3":0,"4":0,"5":0,"6":0,"7":0,"8":0,"9":0,"10":0,"11":0},"b":{"0":[0,0],"1":[0,0],"2":[0],"3":[0],"4":[0],"5":[0,0],"6":[0,0],"7":[0,0],"8":[0,0],"9":[0,0],"10":[0,0],"11":[0,0],"12":[0,0],"13":[0,0],"14":[0,0],"15":[0,0]},"_coverageSchema":"1a1c01bbd47fc00a2c39e90264f33305004495a9","hash":"9740cc96392b5ef84ba73a2a0584e7442a3c5a38"}
,"C:\\Users\\MSI\\OneDrive\\Bureau\\PFE\\blancbleu\\server\\controllers\\factureController.js": {"path":"C:\\Users\\MSI\\OneDrive\\Bureau\\PFE\\blancbleu\\server\\controllers\\factureController.js","statementMap":{"0":{"start":{"line":1,"column":16},"end":{"line":1,"column":44}},"1":{"start":{"line":3,"column":20},"end":{"line":26,"column":1}},"2":{"start":{"line":4,"column":2},"end":{"line":25,"column":3}},"3":{"start":{"line":5,"column":45},"end":{"line":5,"column":54}},"4":{"start":{"line":6,"column":19},"end":{"line":6,"column":21}},"5":{"start":{"line":7,"column":4},"end":{"line":7,"column":39}},"6":{"start":{"line":7,"column":16},"end":{"line":7,"column":39}},"7":{"start":{"line":8,"column":17},"end":{"line":8,"column":55}},"8":{"start":{"line":9,"column":30},"end":{"line":16,"column":6}},"9":{"start":{"line":17,"column":4},"end":{"line":22,"column":7}},"10":{"start":{"line":24,"column":4},"end":{"line":24,"column":51}},"11":{"start":{"line":28,"column":19},"end":{"line":39,"column":1}},"12":{"start":{"line":29,"column":2},"end":{"line":38,"column":3}},"13":{"start":{"line":30,"column":14},"end":{"line":33,"column":5}},"14":{"start":{"line":34,"column":4},"end":{"line":34,"column":76}},"15":{"start":{"line":34,"column":12},"end":{"line":34,"column":76}},"16":{"start":{"line":35,"column":4},"end":{"line":35,"column":16}},"17":{"start":{"line":37,"column":4},"end":{"line":37,"column":51}},"18":{"start":{"line":41,"column":22},"end":{"line":48,"column":1}},"19":{"start":{"line":42,"column":2},"end":{"line":47,"column":3}},"20":{"start":{"line":43,"column":14},"end":{"line":43,"column":44}},"21":{"start":{"line":44,"column":4},"end":{"line":44,"column":67}},"22":{"start":{"line":46,"column":4},"end":{"line":46,"column":51}},"23":{"start":{"line":50,"column":22},"end":{"line":61,"column":1}},"24":{"start":{"line":51,"column":2},"end":{"line":60,"column":3}},"25":{"start":{"line":52,"column":14},"end":{"line":55,"column":6}},"26":{"start":{"line":56,"column":4},"end":{"line":56,"column":76}},"27":{"start":{"line":56,"column":12},"end":{"line":56,"column":76}},"28":{"start":{"line":57,"column":4},"end":{"line":57,"column":61}},"29":{"start":{"line":59,"column":4},"end":{"line":59,"column":51}},"30":{"start":{"line":63,"column":21},"end":{"line":79,"column":1}},"31":{"start":{"line":64,"column":2},"end":{"line":78,"column":3}},"32":{"start":{"line":65,"column":23},"end":{"line":65,"column":31}},"33":{"start":{"line":66,"column":20},"end":{"line":66,"column":54}},"34":{"start":{"line":67,"column":4},"end":{"line":68,"column":66}},"35":{"start":{"line":68,"column":6},"end":{"line":68,"column":66}},"36":{"start":{"line":69,"column":14},"end":{"line":73,"column":5}},"37":{"start":{"line":74,"column":4},"end":{"line":74,"column":76}},"38":{"start":{"line":74,"column":12},"end":{"line":74,"column":76}},"39":{"start":{"line":75,"column":4},"end":{"line":75,"column":59}},"40":{"start":{"line":77,"column":4},"end":{"line":77,"column":51}},"41":{"start":{"line":81,"column":22},"end":{"line":89,"column":1}},"42":{"start":{"line":82,"column":2},"end":{"line":88,"column":3}},"43":{"start":{"line":83,"column":14},"end":{"line":83,"column":60}},"44":{"start":{"line":84,"column":4},"end":{"line":84,"column":76}},"45":{"start":{"line":84,"column":12},"end":{"line":84,"column":76}},"46":{"start":{"line":85,"column":4},"end":{"line":85,"column":47}},"47":{"start":{"line":87,"column":4},"end":{"line":87,"column":51}},"48":{"start":{"line":91,"column":17},"end":{"line":111,"column":1}},"49":{"start":{"line":92,"column":2},"end":{"line":110,"column":3}},"50":{"start":{"line":93,"column":58},"end":{"line":102,"column":6}},"51":{"start":{"line":103,"column":4},"end":{"line":107,"column":7}},"52":{"start":{"line":109,"column":4},"end":{"line":109,"column":51}},"53":{"start":{"line":113,"column":0},"end":{"line":121,"column":2}}},"fnMap":{"0":{"name":"(anonymous_0)","decl":{"start":{"line":3,"column":20},"end":{"line":3,"column":21}},"loc":{"start":{"line":3,"column":40},"end":{"line":26,"column":1}},"line":3},"1":{"name":"(anonymous_1)","decl":{"start":{"line":28,"column":19},"end":{"line":28,"column":20}},"loc":{"start":{"line":28,"column":39},"end":{"line":39,"column":1}},"line":28},"2":{"name":"(anonymous_2)","decl":{"start":{"line":41,"column":22},"end":{"line":41,"column":23}},"loc":{"start":{"line":41,"column":42},"end":{"line":48,"column":1}},"line":41},"3":{"name":"(anonymous_3)","decl":{"start":{"line":50,"column":22},"end":{"line":50,"column":23}},"loc":{"start":{"line":50,"column":42},"end":{"line":61,"column":1}},"line":50},"4":{"name":"(anonymous_4)","decl":{"start":{"line":63,"column":21},"end":{"line":63,"column":22}},"loc":{"start":{"line":63,"column":41},"end":{"line":79,"column":1}},"line":63},"5":{"name":"(anonymous_5)","decl":{"start":{"line":81,"column":22},"end":{"line":81,"column":23}},"loc":{"start":{"line":81,"column":42},"end":{"line":89,"column":1}},"line":81},"6":{"name":"(anonymous_6)","decl":{"start":{"line":91,"column":17},"end":{"line":91,"column":18}},"loc":{"start":{"line":91,"column":37},"end":{"line":111,"column":1}},"line":91}},"branchMap":{"0":{"loc":{"start":{"line":5,"column":20},"end":{"line":5,"column":30}},"type":"default-arg","locations":[{"start":{"line":5,"column":28},"end":{"line":5,"column":30}}],"line":5},"1":{"loc":{"start":{"line":5,"column":32},"end":{"line":5,"column":40}},"type":"default-arg","locations":[{"start":{"line":5,"column":39},"end":{"line":5,"column":40}}],"line":5},"2":{"loc":{"start":{"line":7,"column":4},"end":{"line":7,"column":39}},"type":"if","locations":[{"start":{"line":7,"column":4},"end":{"line":7,"column":39}},{"start":{},"end":{}}],"line":7},"3":{"loc":{"start":{"line":34,"column":4},"end":{"line":34,"column":76}},"type":"if","locations":[{"start":{"line":34,"column":4},"end":{"line":34,"column":76}},{"start":{},"end":{}}],"line":34},"4":{"loc":{"start":{"line":56,"column":4},"end":{"line":56,"column":76}},"type":"if","locations":[{"start":{"line":56,"column":4},"end":{"line":56,"column":76}},{"start":{},"end":{}}],"line":56},"5":{"loc":{"start":{"line":67,"column":4},"end":{"line":68,"column":66}},"type":"if","locations":[{"start":{"line":67,"column":4},"end":{"line":68,"column":66}},{"start":{},"end":{}}],"line":67},"6":{"loc":{"start":{"line":74,"column":4},"end":{"line":74,"column":76}},"type":"if","locations":[{"start":{"line":74,"column":4},"end":{"line":74,"column":76}},{"start":{},"end":{}}],"line":74},"7":{"loc":{"start":{"line":84,"column":4},"end":{"line":84,"column":76}},"type":"if","locations":[{"start":{"line":84,"column":4},"end":{"line":84,"column":76}},{"start":{},"end":{}}],"line":84},"8":{"loc":{"start":{"line":106,"column":23},"end":{"line":106,"column":45}},"type":"binary-expr","locations":[{"start":{"line":106,"column":23},"end":{"line":106,"column":40}},{"start":{"line":106,"column":44},"end":{"line":106,"column":45}}],"line":106}},"s":{"0":2,"1":2,"2":0,"3":0,"4":0,"5":0,"6":0,"7":0,"8":0,"9":0,"10":0,"11":2,"12":0,"13":0,"14":0,"15":0,"16":0,"17":0,"18":2,"19":0,"20":0,"21":0,"22":0,"23":2,"24":0,"25":0,"26":0,"27":0,"28":0,"29":0,"30":2,"31":0,"32":0,"33":0,"34":0,"35":0,"36":0,"37":0,"38":0,"39":0,"40":0,"41":2,"42":0,"43":0,"44":0,"45":0,"46":0,"47":0,"48":2,"49":0,"50":0,"51":0,"52":0,"53":2},"f":{"0":0,"1":0,"2":0,"3":0,"4":0,"5":0,"6":0},"b":{"0":[0],"1":[0],"2":[0,0],"3":[0,0],"4":[0,0],"5":[0,0],"6":[0,0],"7":[0,0],"8":[0,0]},"_coverageSchema":"1a1c01bbd47fc00a2c39e90264f33305004495a9","hash":"d02f938d7905543631940b2de44dd4e02f939f51"}
,"C:\\Users\\MSI\\OneDrive\\Bureau\\PFE\\blancbleu\\server\\controllers\\interventionController.js": {"path":"C:\\Users\\MSI\\OneDrive\\Bureau\\PFE\\blancbleu\\server\\controllers\\interventionController.js","statementMap":{"0":{"start":{"line":1,"column":21},"end":{"line":1,"column":54}},"1":{"start":{"line":2,"column":13},"end":{"line":2,"column":38}},"2":{"start":{"line":3,"column":16},"end":{"line":3,"column":44}},"3":{"start":{"line":4,"column":25},"end":{"line":4,"column":63}},"4":{"start":{"line":5,"column":22},"end":{"line":5,"column":58}},"5":{"start":{"line":6,"column":18},"end":{"line":6,"column":53}},"6":{"start":{"line":7,"column":46},"end":{"line":7,"column":74}},"7":{"start":{"line":14,"column":25},"end":{"line":43,"column":1}},"8":{"start":{"line":15,"column":2},"end":{"line":42,"column":3}},"9":{"start":{"line":16,"column":55},"end":{"line":16,"column":64}},"10":{"start":{"line":17,"column":19},"end":{"line":17,"column":21}},"11":{"start":{"line":19,"column":4},"end":{"line":19,"column":39}},"12":{"start":{"line":19,"column":16},"end":{"line":19,"column":39}},"13":{"start":{"line":20,"column":4},"end":{"line":20,"column":45}},"14":{"start":{"line":20,"column":18},"end":{"line":20,"column":45}},"15":{"start":{"line":22,"column":17},"end":{"line":22,"column":55}},"16":{"start":{"line":24,"column":35},"end":{"line":32,"column":6}},"17":{"start":{"line":34,"column":4},"end":{"line":39,"column":7}},"18":{"start":{"line":41,"column":4},"end":{"line":41,"column":51}},"19":{"start":{"line":50,"column":24},"end":{"line":64,"column":1}},"20":{"start":{"line":51,"column":2},"end":{"line":63,"column":3}},"21":{"start":{"line":52,"column":25},"end":{"line":54,"column":49}},"22":{"start":{"line":56,"column":4},"end":{"line":58,"column":5}},"23":{"start":{"line":57,"column":6},"end":{"line":57,"column":75}},"24":{"start":{"line":60,"column":4},"end":{"line":60,"column":27}},"25":{"start":{"line":62,"column":4},"end":{"line":62,"column":51}},"26":{"start":{"line":71,"column":27},"end":{"line":178,"column":1}},"27":{"start":{"line":72,"column":2},"end":{"line":177,"column":3}},"28":{"start":{"line":73,"column":17},"end":{"line":73,"column":58}},"29":{"start":{"line":76,"column":25},"end":{"line":76,"column":29}},"30":{"start":{"line":77,"column":4},"end":{"line":93,"column":5}},"31":{"start":{"line":78,"column":6},"end":{"line":92,"column":7}},"32":{"start":{"line":79,"column":8},"end":{"line":84,"column":11}},"33":{"start":{"line":85,"column":8},"end":{"line":89,"column":9}},"34":{"start":{"line":86,"column":10},"end":{"line":86,"column":55}},"35":{"start":{"line":87,"column":10},"end":{"line":87,"column":35}},"36":{"start":{"line":88,"column":10},"end":{"line":88,"column":40}},"37":{"start":{"line":91,"column":8},"end":{"line":91,"column":57}},"38":{"start":{"line":95,"column":25},"end":{"line":95,"column":56}},"39":{"start":{"line":98,"column":4},"end":{"line":108,"column":5}},"40":{"start":{"line":99,"column":6},"end":{"line":102,"column":9}},"41":{"start":{"line":103,"column":6},"end":{"line":107,"column":8}},"42":{"start":{"line":111,"column":4},"end":{"line":125,"column":5}},"43":{"start":{"line":112,"column":23},"end":{"line":112,"column":52}},"44":{"start":{"line":113,"column":6},"end":{"line":122,"column":9}},"45":{"start":{"line":124,"column":6},"end":{"line":124,"column":57}},"46":{"start":{"line":128,"column":4},"end":{"line":128,"column":56}},"47":{"start":{"line":130,"column":4},"end":{"line":145,"column":5}},"48":{"start":{"line":131,"column":6},"end":{"line":137,"column":9}},"49":{"start":{"line":138,"column":6},"end":{"line":144,"column":9}},"50":{"start":{"line":148,"column":4},"end":{"line":148,"column":36}},"51":{"start":{"line":151,"column":4},"end":{"line":151,"column":58}},"52":{"start":{"line":152,"column":4},"end":{"line":159,"column":5}},"53":{"start":{"line":153,"column":6},"end":{"line":158,"column":8}},"54":{"start":{"line":161,"column":4},"end":{"line":174,"column":7}},"55":{"start":{"line":176,"column":4},"end":{"line":176,"column":51}},"56":{"start":{"line":185,"column":27},"end":{"line":204,"column":1}},"57":{"start":{"line":186,"column":2},"end":{"line":203,"column":3}},"58":{"start":{"line":187,"column":25},"end":{"line":191,"column":5}},"59":{"start":{"line":193,"column":4},"end":{"line":195,"column":5}},"60":{"start":{"line":194,"column":6},"end":{"line":194,"column":75}},"61":{"start":{"line":197,"column":15},"end":{"line":197,"column":32}},"62":{"start":{"line":198,"column":4},"end":{"line":198,"column":51}},"63":{"start":{"line":200,"column":4},"end":{"line":200,"column":68}},"64":{"start":{"line":202,"column":4},"end":{"line":202,"column":51}},"65":{"start":{"line":213,"column":21},"end":{"line":265,"column":1}},"66":{"start":{"line":214,"column":2},"end":{"line":264,"column":3}},"67":{"start":{"line":215,"column":23},"end":{"line":215,"column":31}},"68":{"start":{"line":216,"column":27},"end":{"line":216,"column":76}},"69":{"start":{"line":218,"column":4},"end":{"line":224,"column":5}},"70":{"start":{"line":219,"column":6},"end":{"line":223,"column":11}},"71":{"start":{"line":227,"column":19},"end":{"line":227,"column":29}},"72":{"start":{"line":228,"column":4},"end":{"line":228,"column":63}},"73":{"start":{"line":228,"column":31},"end":{"line":228,"column":63}},"74":{"start":{"line":229,"column":4},"end":{"line":229,"column":66}},"75":{"start":{"line":229,"column":32},"end":{"line":229,"column":66}},"76":{"start":{"line":231,"column":25},"end":{"line":235,"column":57}},"77":{"start":{"line":237,"column":4},"end":{"line":239,"column":5}},"78":{"start":{"line":238,"column":6},"end":{"line":238,"column":75}},"79":{"start":{"line":242,"column":4},"end":{"line":256,"column":5}},"80":{"start":{"line":246,"column":6},"end":{"line":249,"column":9}},"81":{"start":{"line":251,"column":17},"end":{"line":251,"column":34}},"82":{"start":{"line":252,"column":6},"end":{"line":255,"column":9}},"83":{"start":{"line":258,"column":15},"end":{"line":258,"column":32}},"84":{"start":{"line":259,"column":4},"end":{"line":259,"column":53}},"85":{"start":{"line":261,"column":4},"end":{"line":261,"column":61}},"86":{"start":{"line":263,"column":4},"end":{"line":263,"column":51}},"87":{"start":{"line":273,"column":19},"end":{"line":321,"column":1}},"88":{"start":{"line":274,"column":2},"end":{"line":320,"column":3}},"89":{"start":{"line":275,"column":23},"end":{"line":275,"column":31}},"90":{"start":{"line":277,"column":4},"end":{"line":279,"column":5}},"91":{"start":{"line":278,"column":6},"end":{"line":278,"column":73}},"92":{"start":{"line":282,"column":17},"end":{"line":282,"column":44}},"93":{"start":{"line":283,"column":4},"end":{"line":285,"column":5}},"94":{"start":{"line":284,"column":6},"end":{"line":284,"column":68}},"95":{"start":{"line":286,"column":4},"end":{"line":290,"column":5}},"96":{"start":{"line":287,"column":6},"end":{"line":289,"column":9}},"97":{"start":{"line":293,"column":25},"end":{"line":301,"column":60}},"98":{"start":{"line":303,"column":4},"end":{"line":305,"column":5}},"99":{"start":{"line":304,"column":6},"end":{"line":304,"column":75}},"100":{"start":{"line":308,"column":4},"end":{"line":311,"column":7}},"101":{"start":{"line":313,"column":15},"end":{"line":313,"column":32}},"102":{"start":{"line":314,"column":4},"end":{"line":314,"column":51}},"103":{"start":{"line":315,"column":4},"end":{"line":315,"column":65}},"104":{"start":{"line":317,"column":4},"end":{"line":317,"column":70}},"105":{"start":{"line":319,"column":4},"end":{"line":319,"column":51}},"106":{"start":{"line":328,"column":21},"end":{"line":362,"column":1}},"107":{"start":{"line":329,"column":2},"end":{"line":361,"column":3}},"108":{"start":{"line":330,"column":25},"end":{"line":330,"column":67}},"109":{"start":{"line":331,"column":4},"end":{"line":333,"column":5}},"110":{"start":{"line":332,"column":6},"end":{"line":332,"column":75}},"111":{"start":{"line":335,"column":19},"end":{"line":335,"column":44}},"112":{"start":{"line":338,"column":20},"end":{"line":342,"column":5}},"113":{"start":{"line":345,"column":4},"end":{"line":353,"column":5}},"114":{"start":{"line":346,"column":6},"end":{"line":349,"column":9}},"115":{"start":{"line":351,"column":17},"end":{"line":351,"column":34}},"116":{"start":{"line":352,"column":6},"end":{"line":352,"column":67}},"117":{"start":{"line":355,"column":15},"end":{"line":355,"column":32}},"118":{"start":{"line":356,"column":4},"end":{"line":356,"column":46}},"119":{"start":{"line":358,"column":4},"end":{"line":358,"column":70}},"120":{"start":{"line":360,"column":4},"end":{"line":360,"column":51}},"121":{"start":{"line":369,"column":27},"end":{"line":392,"column":1}},"122":{"start":{"line":370,"column":2},"end":{"line":391,"column":3}},"123":{"start":{"line":371,"column":25},"end":{"line":371,"column":76}},"124":{"start":{"line":373,"column":4},"end":{"line":375,"column":5}},"125":{"start":{"line":374,"column":6},"end":{"line":374,"column":75}},"126":{"start":{"line":378,"column":4},"end":{"line":383,"column":5}},"127":{"start":{"line":379,"column":6},"end":{"line":382,"column":9}},"128":{"start":{"line":385,"column":15},"end":{"line":385,"column":32}},"129":{"start":{"line":386,"column":4},"end":{"line":386,"column":61}},"130":{"start":{"line":388,"column":4},"end":{"line":388,"column":52}},"131":{"start":{"line":390,"column":4},"end":{"line":390,"column":51}},"132":{"start":{"line":399,"column":17},"end":{"line":432,"column":1}},"133":{"start":{"line":400,"column":2},"end":{"line":431,"column":3}},"134":{"start":{"line":401,"column":61},"end":{"line":407,"column":6}},"135":{"start":{"line":409,"column":27},"end":{"line":411,"column":6}},"136":{"start":{"line":412,"column":24},"end":{"line":412,"column":47}},"137":{"start":{"line":413,"column":4},"end":{"line":415,"column":7}},"138":{"start":{"line":414,"column":6},"end":{"line":414,"column":46}},"139":{"start":{"line":414,"column":17},"end":{"line":414,"column":46}},"140":{"start":{"line":417,"column":23},"end":{"line":421,"column":6}},"141":{"start":{"line":423,"column":4},"end":{"line":428,"column":7}},"142":{"start":{"line":430,"column":4},"end":{"line":430,"column":51}},"143":{"start":{"line":434,"column":0},"end":{"line":444,"column":2}}},"fnMap":{"0":{"name":"(anonymous_0)","decl":{"start":{"line":14,"column":25},"end":{"line":14,"column":26}},"loc":{"start":{"line":14,"column":45},"end":{"line":43,"column":1}},"line":14},"1":{"name":"(anonymous_1)","decl":{"start":{"line":50,"column":24},"end":{"line":50,"column":25}},"loc":{"start":{
[...]
"line":120,"column":6}},"40":{"start":{"line":121,"column":4},"end":{"line":121,"column":57}},"41":{"start":{"line":124,"column":2},"end":{"line":124,"column":39}},"42":{"start":{"line":125,"column":2},"end":{"line":125,"column":20}},"43":{"start":{"line":127,"column":2},"end":{"line":130,"column":5}},"44":{"start":{"line":132,"column":2},"end":{"line":137,"column":5}},"45":{"start":{"line":138,"column":2},"end":{"line":138,"column":46}},"46":{"start":{"line":140,"column":2},"end":{"line":140,"column":35}},"47":{"start":{"line":151,"column":31},"end":{"line":154,"column":4}},"48":{"start":{"line":156,"column":2},"end":{"line":157,"column":57}},"49":{"start":{"line":157,"column":4},"end":{"line":157,"column":57}},"50":{"start":{"line":159,"column":26},"end":{"line":159,"column":27}},"51":{"start":{"line":160,"column":20},"end":{"line":163,"column":3}},"52":{"start":{"line":164,"column":18},"end":{"line":164,"column":62}},"53":{"start":{"line":166,"column":2},"end":{"line":173,"column":3}},"54":{"start":{"line":167,"column":4},"end":{"line":172,"column":6}},"55":{"start":{"line":175,"column":18},"end":{"line":175,"column":73}},"56":{"start":{"line":176,"column":28},"end":{"line":176,"column":55}},"57":{"start":{"line":177,"column":18},"end":{"line":177,"column":69}},"58":{"start":{"line":179,"column":2},"end":{"line":180,"column":65}},"59":{"start":{"line":181,"column":2},"end":{"line":184,"column":4}},"60":{"start":{"line":186,"column":2},"end":{"line":188,"column":3}},"61":{"start":{"line":187,"column":4},"end":{"line":187,"column":67}},"62":{"start":{"line":190,"column":2},"end":{"line":190,"column":39}},"63":{"start":{"line":191,"column":2},"end":{"line":191,"column":20}},"64":{"start":{"line":193,"column":2},"end":{"line":196,"column":5}},"65":{"start":{"line":198,"column":2},"end":{"line":211,"column":3}},"66":{"start":{"line":199,"column":4},"end":{"line":210,"column":7}},"67":{"start":{"line":213,"column":2},"end":{"line":218,"column":5}},"68":{"start":{"line":219,"column":2},"end":{"line":219,"column":57}},"69":{"start":{"line":221,"column":2},"end":{"line":221,"column":46}},"70":{"start":{"line":232,"column":31},"end":{"line":235,"column":4}},"71":{"start":{"line":237,"column":2},"end":{"line":238,"column":57}},"72":{"start":{"line":238,"column":4},"end":{"line":238,"column":57}},"73":{"start":{"line":240,"column":2},"end":{"line":240,"column":39}},"74":{"start":{"line":241,"column":2},"end":{"line":241,"column":20}},"75":{"start":{"line":243,"column":2},"end":{"line":247,"column":5}},"76":{"start":{"line":249,"column":2},"end":{"line":254,"column":5}},"77":{"start":{"line":255,"column":2},"end":{"line":255,"column":49}},"78":{"start":{"line":257,"column":2},"end":{"line":257,"column":38}},"79":{"start":{"line":264,"column":31},"end":{"line":267,"column":4}},"80":{"start":{"line":269,"column":2},"end":{"line":270,"column":57}},"81":{"start":{"line":270,"column":4},"end":{"line":270,"column":57}},"82":{"start":{"line":272,"column":15},"end":{"line":275,"column":3}},"83":{"start":{"line":276,"column":19},"end":{"line":276,"column":79}},"84":{"start":{"line":277,"column":18},"end":{"line":277,"column":65}},"85":{"start":{"line":279,"column":20},"end":{"line":279,"column":68}},"86":{"start":{"line":280,"column":25},"end":{"line":285,"column":3}},"87":{"start":{"line":287,"column":22},"end":{"line":287,"column":70}},"88":{"start":{"line":288,"column":18},"end":{"line":288,"column":57}},"89":{"start":{"line":290,"column":17},"end":{"line":306,"column":3}},"90":{"start":{"line":308,"column":2},"end":{"line":308,"column":29}},"91":{"start":{"line":309,"column":2},"end":{"line":309,"column":34}},"92":{"start":{"line":310,"column":2},"end":{"line":310,"column":31}},"93":{"start":{"line":311,"column":2},"end":{"line":311,"column":29}},"94":{"start":{"line":312,"column":2},"end":{"line":312,"column":31}},"95":{"start":{"line":313,"column":2},"end":{"line":313,"column":39}},"96":{"start":{"line":314,"column":2},"end":{"line":314,"column":79}},"97":{"start":{"line":315,"column":2},"end":{"line":315,"column":43}},"98":{"start":{"line":316,"column":2},"end":{"line":321,"column":4}},"99":{"start":{"line":322,"column":2},"end":{"line":322,"column":20}},"100":{"start":{"line":324,"column":2},"end":{"line":328,"column":5}},"101":{"start":{"line":330,"column":2},"end":{"line":335,"column":5}},"102":{"start":{"line":336,"column":2},"end":{"line":340,"column":5}},"103":{"start":{"line":341,"column":2},"end":{"line":341,"column":36}},"104":{"start":{"line":343,"column":2},"end":{"line":354,"column":5}},"105":{"start":{"line":356,"column":2},"end":{"line":356,"column":26}},"106":{"start":{"line":366,"column":15},"end":{"line":366,"column":42}},"107":{"start":{"line":367,"column":2},"end":{"line":367,"column":50}},"108":{"start":{"line":367,"column":13},"end":{"line":367,"column":50}},"109":{"start":{"line":369,"column":20},"end":{"line":369,"column":38}},"110":{"start":{"line":370,"column":20},"end":{"line":370,"column":38}},"111":{"start":{"line":372,"column":2},"end":{"line":382,"column":3}},"112":{"start":{"line":373,"column":20},"end":{"line":373,"column":61}},"113":{"start":{"line":374,"column":4},"end":{"line":381,"column":5}},"114":{"start":{"line":375,"column":23},"end":{"line":375,"column":64}},"115":{"start":{"line":376,"column":6},"end":{"line":376,"column":78}},"116":{"start":{"line":377,"column":6},"end":{"line":380,"column":8}},"117":{"start":{"line":384,"column":2},"end":{"line":391,"column":4}},"118":{"start":{"line":392,"column":2},"end":{"line":392,"column":20}},"119":{"start":{"line":394,"column":2},"end":{"line":403,"column":5}},"120":{"start":{"line":405,"column":2},"end":{"line":405,"column":14}},"121":{"start":{"line":410,"column":2},"end":{"line":410,"column":49}},"122":{"start":{"line":410,"column":42},"end":{"line":410,"column":49}},"123":{"start":{"line":411,"column":2},"end":{"line":421,"column":5}},"124":{"start":{"line":424,"column":0},"end":{"line":431,"column":2}}},"fnMap":{"0":{"name":"assignerUnite","decl":{"start":{"line":39,"column":15},"end":{"line":39,"column":28}},"loc":{"start":{"line":39,"column":72},"end":{"line":96,"column":1}},"line":39},"1":{"name":"marquerEnRoute","decl":{"start":{"line":101,"column":15},"end":{"line":101,"column":29}},"loc":{"start":{"line":101,"column":54},"end":{"line":141,"column":1}},"line":101},"2":{"name":"marquerSurPlace","decl":{"start":{"line":146,"column":15},"end":{"line":146,"column":30}},"loc":{"start":{"line":150,"column":2},"end":{"line":222,"column":1}},"line":150},"3":{"name":"marquerTransport","decl":{"start":{"line":227,"column":15},"end":{"line":227,"column":31}},"loc":{"start":{"line":231,"column":2},"end":{"line":258,"column":1}},"line":231},"4":{"name":"terminerMissionEtRetourBase","decl":{"start":{"line":263,"column":15},"end":{"line":263,"column":42}},"loc":{"start":{"line":263,"column":67},"end":{"line":357,"column":1}},"line":263},"5":{"name":"updatePositionFromEvent","decl":{"start":{"line":362,"column":15},"end":{"line":362,"column":38}},"loc":{"start":{"line":365,"column":2},"end":{"line":406,"column":1}},"line":365},"6":{"name":"_emitUnitUpdated","decl":{"start":{"line":409,"column":9},"end":{"line":409,"column":25}},"loc":{"start":{"line":409,"column":47},"end":{"line":422,"column":1}},"line":409}},"branchMap":{"0":{"loc":{"start":{"line":39,"column":53},"end":{"line":39,"column":70}},"type":"default-arg","locations":[{"start":{"line":39,"column":68},"end":{"line":39,"column":70}}],"line":39},"1":{"loc":{"start":{"line":45,"column":2},"end":{"line":45,"column":50}},"type":"if","locations":[{"start":{"line":45,"column":2},"end":{"line":45,"column":50}},{"start":{},"end":{}}],"line":45},"2":{"loc":{"start":{"line":46,"column":2},"end":{"line":46,"column":65}},"type":"if","locations":[{"start":{"line":46,"column":2},"end":{"line":46,"column":65}},{"start":{},"end":{}}],"line":46},"3":{"loc":{"start":{"line":47,"column":2},"end":{"line":50,"column":6}},"type":"if","locations":[{"start":{"line":47,"column":2},"end":{"line":50,"column":6}},{"start":{},"end":{}}],"line":47},"4":{"loc":{"start":{"line":69,"column":2},"end":{"line":77,"column":3}},"type":"if","locations":[{"start":{"line":69,"column":2},"end":{"line":77,"column":3}},{"start":{},"end":{}}],"line":69},"5":{"loc":{"start":{"line":69,"column":6},"end":{"line":69,"column":57}},"type":"binary-expr","locations":[{"start":{"line":69,"column":6},"end":{"line":69,"column":24}},{"start":{"line":69,"column":28},"end":{"line":69,"column":57}}],"line":69},"6":{"loc":{"start":{"line":88,"column":11},"end":{"line":88,"column":37}},"type":"binary-expr","locations":[{"start":{"line":88,"column":11},"end":{"line":88,"column":29}},{"start":{"line":88,"column":33},"end":{"line":88,"column":37}}],"line":88},"7":{"loc":{"start":{"line":89,"column":12},"end":{"line":89,"column":43}},"type":"binary-expr","locations":[{"start":{"line":89,"column":12},"end":{"line":89,"column":31}},{"start":{"line":89,"column":35},"end":{"line":89,"column":43}}],"line":89},"8":{"loc":{"start":{"line":109,"column":2},"end":{"line":109,"column":50}},"type":"if","locations":[{"start":{"line":109,"column":2},"end":{"line":109,"column":50}},{"start":{},"end":{}}],"line":109},"9":{"loc":{"start":{"line":110,"column":2},"end":{"line":110,"column":65}},"type":"if","locations":[{"start":{"line":110,"column":2},"end":{"line":110,"column":65}},{"start":{},"end":{}}],"line":110},"10":{"loc":{"start":{"line":114,"column":2},"end":{"line":122,"column":3}},"type":"if","locations":[{"start":{"line":114,"column":2},"end":{"line":122,"column":3}},{"start":{},"end":{}}],"line":114},"11":{"loc":{"start":{"line":114,"column":6},"end":{"line":114,"column":57}},"type":"binary-expr","locations":[{"start":{"line":114,"column":6},"end":{"line":114,"column":24}},{"start":{"line":114,"column":28},"end":{"line":114,"column":57}}],"line":114},"12":{"loc":{"start":{"line":149,"column":2},"end":{"line":149,"column":25}},"type":"default-arg","locations":[{"start":{"line":149,"column":21},"end":{"line":149,"column":25}}],"line":149},"13":{"loc":{"start":{"line":156,"column":2},"end":{"line":157,"column":57}},"type":"if","locations":[{"start":{"line":156,"column":2},"end":{"line":157,"column":57}},{"start":{},"end":{}}],"line":156},"14":{"loc":{"start":{"line":156,"column":6},"end":{"line":156,"column":28}},"type":"binary-expr","locations":[{"start":{"line":156,"column":6},"end":{"line":156,"column":11}},{"start":{"line":156,"column":15},"end":{"line":156,"column":28}}],"line":156},"15":{"loc":{"start":{"line":161,"column":9},"end":{"line":161,"column":42}},"type":"binary-expr","locations":[{"start":{"line":161,"column":9},"end":{"line":161,"column":31}},{"start":{"line":161,"column":35},"end":{"line":161,"column":42}}],"line":161},"16":{"loc":{"start":{"line":162,"column":9},"end":{"line":162,"column":40}},"type":"binary-expr","locations":[{"start":{"line":162,"column":9},"end":{"line":162,"column":31}},{"start":{"line":162,"column":35},"end":{"line":162,"column":40}}],"line":162},"17":{"loc":{"start":{"line":164,"column":18},"end":{"line":164,"column":62}},"type":"binary-expr","locations":[{"start":{"line":164,"column":18},"end":{"line":164,"column":34}},{"start":{"line":164,"column":38},"end":{"line":164,"column":62}}],"line":164},"18":{"loc":{"start":{"line":166,"column":2},"end":{"line":173,"column":3}},"type":"if","locations":[{"start":{"line":166,"column":2},"end":{"line":173,"column":3}},{"start":{},"end":{}}],"line":166},"19":{"loc":{"start":{"line":166,"column":6},"end":{"line":166,"column":35}},"type":"binary-expr","locations":[{"start":{"line":166,"column":6},"end":{"line":166,"column":19}},{"start":{"line":166,"column":23},"end":{"line":166,"column":35}}],"line":166},"20":{"loc":{"start":{"line":175,"column":18},"end":{"line":175,"column":73}},"type":"binary-expr","locations":[{"start":{"line":175,"column":18},"end":{"line":175,"column":66}},{"start":{"line":175,"column":70},"end":{"line":175,"column":73}}],"line":175},"21":{"loc":{"start":{"line":186,"column":2},"end":{"line":188,"column":3}},"type":"if","locations":[{"start":{"line":186,"column":2},"end":{"line":188,"column":3}},{"start":{},"end":{}}],"line":186},"22":{"loc":{"start":{"line":198,"column":2},"end":{"line":211,"column":3}},"type":"if","locations":[{"start":{"line":198,"column":2},"end":{"line":211,"column":3}},{"start":{},"end":{}}],"line":198},"23":{"loc":{"start":{"line":230,"column":2},"end":{"line":230,"column":27}},"type":"default-arg","locations":[{"start":{"line":230,"column":23},"end":{"line":230,"column":27}}],"line":230},"24":{"loc":{"start":{"line":237,"column":2},"end":{"line":238,"column":57}},"type":"if","locations":[{"start":{"line":237,"column":2},"end":{"line":238,"column":57}},{"start":{},"end":{}}],"line":237},"25":{"loc":{"start":{"line":237,"column":6},"end":{"line":237,"column":28}},"type":"binary-expr","locations":[{"start":{"line":237,"column":6},"end":{"line":237,"column":11}},{"start":{"line":237,"column":15},"end":{"line":237,"column":28}}],"line":237},"26":{"loc":{"start":{"line":246,"column":8},"end":{"line":246,"column":52}},"type":"binary-expr","locations":[{"start":{"line":246,"column":8},"end":{"line":246,"column":26}},{"start":{"line":246,"column":30},"end":{"line":246,"column":52}}],"line":246},"27":{"loc":{"start":{"line":269,"column":2},"end":{"line":270,"column":57}},"type":"if","locations":[{"start":{"line":269,"column":2},"end":{"line":270,"column":57}},{"start":{},"end":{}}],"line":269},"28":{"loc":{"start":{"line":269,"column":6},"end":{"line":269,"column":28}},"type":"binary-expr","locations":[{"start":{"line":269,"column":6},"end":{"line":269,"column":11}},{"start":{"line":269,"column":15},"end":{"line":269,"column":28}}],"line":269},"29":{"loc":{"start":{"line":273,"column":9},"end":{"line":273,"column":42}},"type":"binary-expr","locations":[{"start":{"line":273,"column":9},"end":{"line":273,"column":31}},{"start":{"line":273,"column":35},"end":{"line":273,"column":42}}],"line":273},"30":{"loc":{"start":{"line":274,"column":9},"end":{"line":274,"column":40}},"type":"binary-expr","locations":[{"start":{"line":274,"column":9},"end":{"line":274,"column":31}},{"start":{"line":274,"column":35},"end":{"line":274,"column":40}}],"line":274},"31":{"loc":{"start":{"line":276,"column":19},"end":{"line":276,"column":79}},"type":"binary-expr","locations":[{"start":{"line":276,"column":19},"end":{"line":276,"column":43}},{"start":{"line":276,"column":47},"end":{"line":276,"column":79}}],"line":276},"32":{"loc":{"start":{"line":277,"column":18},"end":{"line":277,"column":65}},"type":"binary-expr","locations":[{"start":{"line":277,"column":18},"end":{"line":277,"column":57}},{"start":{"line":277,"column":61},"end":{"line":277,"column":65}}],"line":277},"33":{"loc":{"start":{"line":281,"column":4},"end":{"line":281,"column":34}},"type":"binary-expr","locations":[{"start":{"line":281,"column":4},"end":{"line":281,"column":22}},{"start":{"line":281,"column":26},"end":{"line":281,"column":34}}],"line":281},"34":{"loc":{"start":{"line":282,"column":4},"end":{"line":282,"column":34}},"type":"binary-expr","locations":[{"start":{"line":282,"column":4},"end":{"line":282,"column":22}},{"start":{"line":282,"column":26},"end":{"line":282,"column":34}}],"line":282},"35":{"loc":{"start":{"line":288,"column":18},"end":{"line":288,"column":57}},"type":"binary-expr","locations":[{"start":{"line":288,"column":18},"end":{"line":288,"column":37}},{"start":{"line":288,"column":41},"end":{"line":288,"column":57}}],"line":288},"36":{"loc":{"start":{"line":297,"column":10},"end":{"line":297,"column":38}},"type":"binary-expr","locations":[{"start":{"line":297,"column":10},"end":{"line":297,"column":31}},{"start":{"line":297,"column":35},"end":{"line":297,"column":38}}],"line":297},"37":{"loc":{"start":{"line":303,"column":18},"end":{"line":305,"column":12}},"type":"cond-expr","locations":[{"start":{"line":304,"column":8},"end":{"line":304,"column":74}},{"start":{"line":305,"column":8},"end":{"line":305,"column":12}}],"line":303},"38":{"loc":{"start":{"line":319,"column":13},"end":{"line":319,"column":50}},"type":"binary-expr","locations":[{"start":{"line":319,"column":13},"end":{"line":319,"column":29}},{"start":{"line":319,"column":33},"end":{"line":319,"column":50}}],"line":319},"39":{"loc":{"start":{"line":367,"column":2},"end":{"line":367,"column":50}},"type":"if","locations":[{"start":{"line":367,"column":2},"end":{"line":367,"column":50}},{"start":{},"end":{}}],"line":367},"40":{"loc":{"start":{"line":372,"column":2},"end":{"line":382,"column":3}},"type":"if","locations":[{"start":{"line":372,"column":2},"end":{"line":382,"column":3}},{"start":{},"end":{}}],"line":372},"41":{"loc":{"start":{"line":372,"column":6},"end":{"line":372,"column":60}},"type":"binary-expr","locations":[{"start":{"line":372,"column":6},"end":{"line":372,"column":15}},{"start":{"line":372,"column":19},"end":{"line":372,"column":28}},{"start":{"line":372,"column":32},"end":{"line":372,"column":60}}],"line":372},"42":{"loc":{"start":{"line":374,"column":4},"end":{"line":381,"column":5}},"type":"if","locations":[{"start":{"line":374,"column":4},"end":{"line":381,"column":5}},{"start":{},"end":{}}],"line":374},"43":{"loc":{"start":{"line":387,"column":13},"end":{"line":387,"column":26}},"type":"binary-expr","locations":[{"start":{"line":387,"column":13},"end":{"line":387,"column":20}},{"start":{"line":387,"column":24},"end":{"line":387,"column":26}}],"line":387},"44":{"loc":{"start":{"line":388,"column":13},"end":{"line":388,"column":25}},"type":"binary-expr","locations":[{"start":{"line":388,"column":13},"end":{"line":388,"column":20}},{"start":{"line":388,"column":24},"end":{"line":388,"column":25}}],"line":388},"45":{"loc":{"start":{"line":389,"column":9},"end":{"line":389,"column":17}},"type":"binary-expr","locations":[{"start":{"line":389,"column":9},"end":{"line":389,"column":12}},{"start":{"line":389,"column":16},"end":{"line":389,"column":17}}],"line":389},"46":{"loc":{"start":{"line":409,"column":32},"end":{"line":409,"column":45}},"type":"default-arg","locations":[{"start":{"line":409,"column":43},"end":{"line":409,"column":45}}],"line":409},"47":{"loc":{"start":{"line":410,"column":2},"end":{"line":410,"column":49}},"type":"if","locations":[{"start":{"line":410,"column":2},"end":{"line":410,"column":49}},{"start":{},"end":{}}],"line":410}},"s":{"0":2,"1":2,"2":2,"3":2,"4":2,"5":2,"6":0,"7":0,"8":0,"9":0,"10":0,"11":0,"12":0,"13":0,"14":0,"15":0,"16":0,"17":0,"18":0,"19":0,"20":0,"21":0,"22":0,"23":0,"24":0,"25":0,"26":0,"27":0,"28":0,"29":0,"30":0,"31":0,"32":0,"33":0,"34":0,"35":0,"36":0,"37":0,"38":0,"39":0,"40":0,"41":0,"42":0,"43":0,"44":0,"45":0,"46":0,"47":0,"48":0,"49":0,"50":0,"51":0,"52":0,"53":0,"54":0,"55":0,"56":0,"57":0,"58":0,"59":0,"60":0,"61":0,"62":0,"63":0,"64":0,"65":0,"66":0,"67":0,"68":0,"69":0,"70":0,"71":0,"72":0,"73":0,"74":0,"75":0,"76":0,"77":0,"78":0,"79":0,"80":0,"81":0,"82":0,"83":0,"84":0,"85":0,"86":0,"87":0,"88":0,"89":0,"90":0,"91":0,"92":0,"93":0,"94":0,"95":0,"96":0,"97":0,"98":0,"99":0,"100":0,"101":0,"102":0,"103":0,"104":0,"105":0,"106":0,"107":0,"108":0,"109":0,"110":0,"111":0,"112":0,"113":0,"114":0,"115":0,"116":0,"117":0,"118":0,"119":0,"120":0,"121":0,"122":0,"123":0,"124":2},"f":{"0":0,"1":0,"2":0,"3":0,"4":0,"5":0,"6":0},"b":{"0":[0],"1":[0,0],"2":[0,0],"3":[0,0],"4":[0,0],"5":[0,0],"6":[0,0],"7":[0,0],"8":[0,0],"9":[0,0],"10":[0,0],"11":[0,0],"12":[0],"13":[0,0],"14":[0,0],"15":[0,0],"16":[0,0],"17":[0,0],"18":[0,0],"19":[0,0],"20":[0,0],"21":[0,0],"22":[0,0],"23":[0],"24":[0,0],"25":[0,0],"26":[0,0],"27":[0,0],"28":[0,0],"29":[0,0],"30":[0,0],"31":[0,0],"32":[0,0],"33":[0,0],"34":[0,0],"35":[0,0],"36":[0,0],"37":[0,0],"38":[0,0],"39":[0,0],"40":[0,0],"41":[0,0,0],"42":[0,0],"43":[0,0],"44":[0,0],"45":[0,0],"46":[0],"47":[0,0]},"_coverageSchema":"1a1c01bbd47fc00a2c39e90264f33305004495a9","hash":"0c25bc04136c4509f62d3d9a204b19e9d10c59d1"}
}
