TN:
SF:controllers\AuthController.js
FN:19,(anonymous_0)
FN:22,(anonymous_1)
FN:24,(anonymous_2)
FN:33,(anonymous_3)
FN:53,(anonymous_4)
FN:103,(anonymous_5)
FN:154,(anonymous_6)
FN:204,(anonymous_7)
FN:228,(anonymous_8)
FN:243,(anonymous_9)
FN:256,(anonymous_10)
FN:306,(anonymous_11)
FN:329,(anonymous_12)
FN:343,(anonymous_13)
FNF:14
FNH:7
FNDA:6,(anonymous_0)
FNDA:6,(anonymous_1)
FNDA:8,(anonymous_2)
FNDA:6,(anonymous_3)
FNDA:2,(anonymous_4)
FNDA:10,(anonymous_5)
FNDA:0,(anonymous_6)
FNDA:0,(anonymous_7)
FNDA:0,(anonymous_8)
FNDA:1,(anonymous_9)
FNDA:0,(anonymous_10)
FNDA:0,(anonymous_11)
FNDA:0,(anonymous_12)
FNDA:0,(anonymous_13)
DA:1,2
DA:2,2
DA:3,2
DA:4,2
DA:5,2
DA:8,2
DA:9,2
DA:10,2
DA:19,2
DA:20,6
DA:22,6
DA:24,8
DA:33,2
DA:34,6
DA:35,6
DA:37,6
DA:44,6
DA:45,6
DA:53,2
DA:54,2
DA:55,2
DA:57,2
DA:58,0
DA:63,2
DA:64,0
DA:69,2
DA:70,2
DA:71,1
DA:75,1
DA:76,1
DA:78,1
DA:79,1
DA:81,1
DA:89,1
DA:94,0
DA:103,2
DA:104,10
DA:105,10
DA:107,10
DA:108,1
DA:111,9
DA:114,9
DA:116,1
DA:120,1
DA:125,8
DA:126,1
DA:129,7
DA:130,7
DA:131,1
DA:136,6
DA:137,6
DA:139,6
DA:145,0
DA:154,2
DA:155,0
DA:156,0
DA:158,0
DA:159,0
DA:164,0
DA:166,0
DA:168,0
DA:169,0
DA:174,0
DA:176,0
DA:177,0
DA:181,0
DA:186,0
DA:188,0
DA:190,0
DA:195,0
DA:204,2
DA:205,0
DA:206,0
DA:208,0
DA:209,0
DA:210,0
DA:216,0
DA:217,0
DA:219,0
DA:228,2
DA:229,0
DA:230,0
DA:231,0
DA:232,0
DA:234,0
DA:243,2
DA:244,1
DA:245,1
DA:247,0
DA:256,2
DA:257,0
DA:258,0
DA:260,0
DA:261,0
DA:266,0
DA:267,0
DA:272,0
DA:273,0
DA:275,0
DA:276,0
DA:279,0
DA:280,0
DA:281,0
DA:284,0
DA:285,0
DA:288,0
DA:289,0
DA:291,0
DA:297,0
DA:306,2
DA:307,0
DA:308,0
DA:309,0
DA:310,0
DA:311,0
DA:313,0
DA:318,0
DA:320,0
DA:329,2
DA:330,0
DA:331,0
DA:332,0
DA:334,0
DA:343,2
DA:344,0
DA:345,0
DA:346,0
DA:347,0
DA:351,0
DA:352,0
DA:357,0
DA:358,0
DA:361,0
DA:362,0
DA:365,0
DA:370,0
DA:374,2
LF:137
LH:60
BRDA:40,0,0,6
BRDA:40,0,1,6
BRDA:57,1,0,0
BRDA:57,1,1,2
BRDA:57,2,0,2
BRDA:57,2,1,2
BRDA:57,2,2,2
BRDA:57,2,3,2
BRDA:63,3,0,0
BRDA:63,3,1,2
BRDA:70,4,0,1
BRDA:70,4,1,1
BRDA:76,5,0,1
BRDA:76,5,1,0
BRDA:107,6,0,1
BRDA:107,6,1,9
BRDA:107,7,0,10
BRDA:107,7,1,10
BRDA:114,8,0,1
BRDA:114,8,1,8
BRDA:125,9,0,1
BRDA:125,9,1,7
BRDA:130,10,0,1
BRDA:130,10,1,6
BRDA:158,11,0,0
BRDA:158,11,1,0
BRDA:166,12,0,0
BRDA:166,12,1,0
BRDA:166,13,0,0
BRDA:166,13,1,0
BRDA:176,14,0,0
BRDA:176,14,1,0
BRDA:208,15,0,0
BRDA:208,15,1,0
BRDA:260,16,0,0
BRDA:260,16,1,0
BRDA:260,17,0,0
BRDA:260,17,1,0
BRDA:266,18,0,0
BRDA:266,18,1,0
BRDA:275,19,0,0
BRDA:275,19,1,0
BRDA:310,20,0,0
BRDA:310,20,1,0
BRDA:311,21,0,0
BRDA:311,21,1,0
BRDA:346,22,0,0
BRDA:346,22,1,0
BRDA:351,23,0,0
BRDA:351,23,1,0
BRDA:361,24,0,0
BRDA:361,24,1,0
BRDA:366,25,0,0
BRDA:366,25,1,0
BRF:54
BRH:21
end_of_record
TN:
SF:controllers\UnitController.js
FN:10,(anonymous_0)
FN:31,(anonymous_1)
FN:57,(anonymous_2)
FN:70,(anonymous_3)
FN:85,(anonymous_4)
FN:113,(anonymous_5)
FN:123,(anonymous_6)
FN:141,(anonymous_7)
FN:157,(anonymous_8)
FN:174,(anonymous_9)
FN:191,(anonymous_10)
FN:207,(anonymous_11)
FN:235,(anonymous_12)
FNF:13
FNH:0
FNDA:0,(anonymous_0)
FNDA:0,(anonymous_1)
FNDA:0,(anonymous_2)
FNDA:0,(anonymous_3)
FNDA:0,(anonymous_4)
FNDA:0,(anonymous_5)
FNDA:0,(anonymous_6)
FNDA:0,(anonymous_7)
FNDA:0,(anonymous_8)
FNDA:0,(anonymous_9)
FNDA:0,(anonymous_10)
FNDA:0,(anonymous_11)
FNDA:0,(anonymous_12)
DA:4,2
DA:5,2
DA:6,2
DA:7,2
DA:10,2
DA:11,0
DA:12,0
DA:13,0
DA:14,0
DA:15,0
DA:16,0
DA:18,0
DA:24,0
DA:26,0
DA:31,2
DA:32,0
DA:33,0
DA:39,0
DA:50,0
DA:52,0
DA:57,2
DA:58,0
DA:59,0
DA:62,0
DA:63,0
DA:65,0
DA:70,2
DA:71,0
DA:72,0
DA:73,0
DA:78,0
DA:80,0
DA:85,2
DA:86,0
DA:87,0
DA:88,0
DA:89,0
DA:93,0
DA:94,0
DA:99,0
DA:106,0
DA:108,0
DA:113,2
DA:114,0
DA:115,0
DA:116,0
DA:118,0
DA:123,2
DA:124,0
DA:125,0
DA:126,0
DA:127,0
DA:128,0
DA:133,0
DA:135,0
DA:136,0
DA:141,2
DA:142,0
DA:143,0
DA:144,0
DA:145,0
DA:146,0
DA:150,0
DA:152,0
DA:157,2
DA:158,0
DA:159,0
DA:160,0
DA:161,0
DA:162,0
DA:167,0
DA:169,0
DA:174,2
DA:175,0
DA:176,0
DA:177,0
DA:178,0
DA:179,0
DA:184,0
DA:186,0
DA:191,2
DA:192,0
DA:193,0
DA:194,0
DA:195,0
DA:196,0
DA:200,0
DA:202,0
DA:207,2
DA:208,0
DA:209,0
DA:210,0
DA:211,0
DA:212,0
DA:213,0
DA:214,0
DA:215,0
DA:216,0
DA:223,0
DA:230,0
DA:235,2
DA:236,0
DA:237,0
DA:238,0
DA:246,0
DA:247,0
DA:250,0
DA:251,0
DA:252,0
DA:253,0
DA:254,0
DA:255,0
DA:256,0
DA:261,0
DA:262,0
DA:264,0
DA:268,2
LF:117
LH:18
BRDA:14,0,0,0
BRDA:14,0,1,0
BRDA:15,1,0,0
BRDA:15,1,1,0
BRDA:16,2,0,0
BRDA:16,2,1,0
BRDA:62,3,0,0
BRDA:62,3,1,0
BRDA:88,4,0,0
BRDA:88,4,1,0
BRDA:93,5,0,0
BRDA:93,5,1,0
BRDA:126,6,0,0
BRDA:126,6,1,0
BRDA:135,7,0,0
BRDA:135,7,1,0
BRDA:144,8,0,0
BRDA:144,8,1,0
BRDA:160,9,0,0
BRDA:160,9,1,0
BRDA:177,10,0,0
BRDA:177,10,1,0
BRDA:194,11,0,0
BRDA:194,11,1,0
BRDA:210,12,0,0
BRDA:210,12,1,0
BRDA:210,13,0,0
BRDA:210,13,1,0
BRDA:212,14,0,0
BRDA:212,14,1,0
BRDA:212,15,0,0
BRDA:212,15,1,0
BRDA:214,16,0,0
BRDA:214,16,1,0
BRDA:214,17,0,0
BRDA:214,17,1,0
BRDA:246,18,0,0
BRDA:246,18,1,0
BRDA:251,19,0,0
BRDA:251,19,1,0
BRF:40
BRH:0
end_of_record
TN:
SF:controllers\aiController.js
FN:7,scoringLocal
FN:43,(anonymous_1)
FN:132,(anonymous_2)
FN:139,(anonymous_3)
FN:185,(anonymous_4)
FN:236,(anonymous_5)
FNF:6
FNH:0
FNDA:0,scoringLocal
FNDA:0,(anonymous_1)
FNDA:0,(anonymous_2)
FNDA:0,(anonymous_3)
FNDA:0,(anonymous_4)
FNDA:0,(anonymous_5)
DA:1,2
DA:2,2
DA:4,2
DA:13,0
DA:14,0
DA:28,0
DA:35,0
DA:36,0
DA:37,0
DA:38,0
DA:39,0
DA:43,2
DA:44,0
DA:58,0
DA:60,0
DA:61,0
DA:66,0
DA:67,0
DA:86,0
DA:97,0
DA:101,0
DA:107,0
DA:126,0
DA:129,0
DA:130,0
DA:134,0
DA:139,2
DA:140,0
DA:141,0
DA:149,0
DA:152,0
DA:153,0
DA:164,0
DA:165,0
DA:167,0
DA:168,0
DA:169,0
DA:172,0
DA:173,0
DA:178,0
DA:180,0
DA:185,2
DA:186,0
DA:187,0
DA:188,0
DA:191,0
DA:193,0
DA:231,0
DA:236,2
DA:237,0
DA:238,0
DA:239,0
DA:241,0
DA:249,2
LF:54
LH:8
BRDA:4,0,0,2
BRDA:4,0,1,0
BRDA:10,1,0,0
BRDA:11,2,0,0
BRDA:35,3,0,0
BRDA:35,3,1,0
BRDA:36,4,0,0
BRDA:36,4,1,0
BRDA:37,5,0,0
BRDA:37,5,1,0
BRDA:38,6,0,0
BRDA:38,6,1,0
BRDA:38,7,0,0
BRDA:38,7,1,0
BRDA:60,8,0,0
BRDA:60,8,1,0
BRDA:60,9,0,0
BRDA:60,9,1,0
BRDA:72,10,0,0
BRDA:72,10,1,0
BRDA:73,11,0,0
BRDA:73,11,1,0
BRDA:74,12,0,0
BRDA:74,12,1,0
BRDA:75,13,0,0
BRDA:75,13,1,0
BRDA:76,14,0,0
BRDA:76,14,1,0
BRDA:77,15,0,0
BRDA:77,15,1,0
BRDA:78,16,0,0
BRDA:78,16,1,0
BRDA:79,17,0,0
BRDA:79,17,1,0
BRDA:80,18,0,0
BRDA:80,18,1,0
BRDA:81,19,0,0
BRDA:81,19,1,0
BRDA:113,20,0,0
BRDA:113,20,1,0
BRDA:115,21,0,0
BRDA:115,21,1,0
BRDA:131,22,0,0
BRDA:131,22,1,0
BRDA:158,23,0,0
BRDA:158,23,1,0
BRDA:159,24,0,0
BRDA:159,24,1,0
BRDA:160,25,0,0
BRDA:160,25,1,0
BRDA:172,26,0,0
BRDA:172,26,1,0
BRF:52
BRH:1
end_of_record
TN:
SF:controllers\equipementController.js
FN:8,(anonymous_0)
FN:15,(anonymous_1)
FN:55,(anonymous_2)
FN:65,(anonymous_3)
FN:79,(anonymous_4)
FN:95,(anonymous_5)
FN:110,(anonymous_6)
FN:127,(anonymous_7)
FN:137,(anonymous_8)
FN:152,(anonymous_9)
FN:164,(anonymous_10)
FN:174,(anonymous_11)
FNF:12
FNH:0
FNDA:0,(anonymous_0)
FNDA:0,(anonymous_1)
FNDA:0,(anonymous_2)
FNDA:0,(anonymous_3)
FNDA:0,(anonymous_4)
FNDA:0,(anonymous_5)
FNDA:0,(anonymous_6)
FNDA:0,(anonymous_7)
FNDA:0,(anonymous_8)
FNDA:0,(anonymous_9)
FNDA:0,(anonymous_10)
FNDA:0,(anonymous_11)
DA:4,2
DA:5,2
DA:8,2
DA:9,0
DA:10,0
DA:11,0
DA:15,2
DA:16,0
DA:25,0
DA:27,0
DA:28,0
DA:29,0
DA:30,0
DA:31,0
DA:32,0
DA:34,0
DA:43,0
DA:50,0
DA:55,2
DA:56,0
DA:57,0
DA:58,0
DA:60,0
DA:65,2
DA:66,0
DA:67,0
DA:68,0
DA:74,0
DA:79,2
DA:80,0
DA:82,0
DA:83,0
DA:90,0
DA:95,2
DA:96,0
DA:97,0
DA:101,0
DA:102,0
DA:103,0
DA:105,0
DA:110,2
DA:111,0
DA:113,0
DA:114,0
DA:115,0
DA:116,0
DA:117,0
DA:119,0
DA:120,0
DA:122,0
DA:127,2
DA:128,0
DA:129,0
DA:130,0
DA:132,0
DA:137,2
DA:138,0
DA:139,0
DA:140,0
DA:142,0
DA:143,0
DA:144,0
DA:145,0
DA:147,0
DA:152,2
DA:153,0
DA:154,0
DA:155,0
DA:156,0
DA:157,0
DA:159,0
DA:164,2
DA:165,0
DA:166,0
DA:167,0
DA:169,0
DA:174,2
DA:175,0
DA:176,0
DA:177,0
DA:178,0
DA:179,0
DA:181,0
DA:185,2
LF:84
LH:15
BRDA:9,0,0,0
BRDA:9,0,1,0
BRDA:11,1,0,0
BRDA:11,1,1,0
BRDA:21,2,0,0
BRDA:22,3,0,0
BRDA:23,4,0,0
BRDA:28,5,0,0
BRDA:28,5,1,0
BRDA:29,6,0,0
BRDA:29,6,1,0
BRDA:30,7,0,0
BRDA:30,7,1,0
BRDA:31,8,0,0
BRDA:31,8,1,0
BRDA:32,9,0,0
BRDA:32,9,1,0
BRDA:101,10,0,0
BRDA:101,10,1,0
BRDA:114,11,0,0
BRDA:114,11,1,0
BRDA:116,12,0,0
BRDA:116,12,1,0
BRDA:140,13,0,0
BRDA:140,13,1,0
BRDA:155,14,0,0
BRDA:155,14,1,0
BRDA:177,15,0,0
BRDA:177,15,1,0
BRF:29
BRH:0
end_of_record
TN:
SF:controllers\factureController.js
FN:3,(anonymous_0)
FN:28,(anonymous_1)
FN:41,(anonymous_2)
FN:50,(anonymous_3)
FN:63,(anonymous_4)
FN:81,(anonymous_5)
FN:91,(anonymous_6)
FNF:7
FNH:0
FNDA:0,(anonymous_0)
FNDA:0,(anonymous_1)
FNDA:0,(anonymous_2)
FNDA:0,(anonymous_3)
FNDA:0,(anonymous_4)
FNDA:0,(anonymous_5)
FNDA:0,(anonymous_6)
DA:1,2
DA:3,2
DA:4,0
DA:5,0
DA:6,0
DA:7,0
DA:8,0
DA:9,0
DA:17,0
DA:24,0
DA:28,2
DA:29,0
DA:30,0
DA:34,0
DA:35,0
DA:37,0
DA:41,2
DA:42,0
DA:43,0
DA:44,0
DA:46,0
DA:50,2
DA:51,0
DA:52,0
DA:56,0
DA:57,0
DA:59,0
DA:63,2
DA:64,0
DA:65,0
DA:66,0
DA:67,0
DA:68,0
DA:69,0
DA:74,0
DA:75,0
DA:77,0
DA:81,2
DA:82,0
DA:83,0
DA:84,0
DA:85,0
DA:87,0
DA:91,2
DA:92,0
DA:93,0
DA:103,0
DA:109,0
DA:113,2
LF:49
LH:9
BRDA:5,0,0,0
BRDA:5,1,0,0
BRDA:7,2,0,0
BRDA:7,2,1,0
BRDA:34,3,0,0
BRDA:34,3,1,0
BRDA:56,4,0,0
BRDA:56,4,1,0
BRDA:67,5,0,0
BRDA:67,5,1,0
BRDA:74,6,0,0
BRDA:74,6,1,0
BRDA:84,7,0,0
BRDA:84,7,1,0
BRDA:106,8,0,0
BRDA:106,8,1,0
BRF:16
BRH:0
end_of_record
TN:
SF:controllers\interventionController.js
FN:14,(anonymous_0)
FN:50,(anonymous_1)
FN:71,(anonymous_2)
FN:185,(anonymous_3)
FN:213,(anonymous_4)
FN:273,(anonymous_5)
FN:328,(anonymous_6)
FN:369,(anonymous_7)
FN:399,(anonymous_8)
FN:413,(anonymous_9)
FNF:10
FNH:0
FNDA:0,(anonymous_0)
FNDA:0,(anonymous_1)
FNDA:0,(anonymous_2)
FNDA:0,(anonymous_3)
FNDA:0,(anonymous_4)
FNDA:0,(anonymous_5)
FNDA:0,(anonymous_6)
FNDA:0,(anonymous_7)
FNDA:0,(anonymous_8)
FNDA:0,(anonymous_9)
DA:1,2
DA:2,2
DA:3,2
DA:4,2
DA:5,2
DA:6,2
DA:7,2
DA:14,2
DA:15,0
DA:16,0
DA:17,0
DA:19,0
DA:20,0
DA:22,0
DA:24,0
DA:34,0
DA:41,0
DA:50,2
DA:51,0
DA:52,0
DA:56,0
DA:57,0
DA:60,0
DA:62,0
DA:71,2
DA:72,0
DA:73,0
DA:76,0
DA:77,0
DA:78,0
DA:79,0
DA:85,0
DA:86,0
DA:87,0
DA:88,0
DA:91,0
DA:95,0
DA:98,0
DA:99,0
DA:103,0
DA:111,0
DA:112,0
DA:113,0
DA:124,0
DA:128,0
DA:130,0
DA:131,0
DA:138,0
DA:148,0
DA:151,0
DA:152,0
DA:153,0
DA:161,0
DA:176,0
DA:185,2
DA:186,0
DA:187,0
DA:193,0
DA:194,0
DA:197,0
DA:198,0
DA:200,0
DA:202,0
DA:213,2
DA:214,0
DA:215,0
DA:216,0
DA:218,0
DA:219,0
DA:227,0
DA:228,0
DA:229,0
DA:231,0
DA:237,0
DA:238,0
DA:242,0
DA:246,0
DA:251,0
DA:252,0
DA:258,0
DA:259,0
DA:261,0
DA:263,0
DA:273,2
DA:274,0
DA:275,0
DA:277,0
DA:278,0
DA:282,0
DA:283,0
DA:284,0
DA:286,0
DA:287,0
DA:293,0
DA:303,0
DA:304,0
DA:308,0
DA:313,0
DA:314,0
DA:315,0
DA:317,0
DA:319,0
DA:328,2
DA:329,0
DA:330,0
DA:331,0
DA:332,0
DA:335,0
DA:338,0
DA:345,0
DA:346,0
DA:351,0
DA:352,0
DA:355,0
DA:356,0
DA:358,0
DA:360,0
DA:369,2
DA:370,0
DA:371,0
DA:373,0
DA:374,0
DA:378,0
DA:379,0
DA:385,0
DA:386,0
DA:388,0
DA:390,0
DA:399,2
DA:400,0
DA:401,0
DA:409,0
DA:412,0
DA:413,0
DA:414,0
DA:417,0
DA:423,0
DA:430,0
DA:434,2
LF:139
LH:17
BRDA:16,0,0,0
BRDA:16,1,0,0
BRDA:19,2,0,0
BRDA:19,2,1,0
BRDA:20,3,0,0
BRDA:20,3,1,0
BRDA:56,4,0,0
BRDA:56,4,1,0
BRDA:77,5,0,0
BRDA:77,5,1,0
BRDA:77,6,0,0
BRDA:77,6,1,0
BRDA:77,6,2,0
BRDA:80,7,0,0
BRDA:80,7,1,0
BRDA:81,8,0,0
BRDA:81,8,1,0
BRDA:85,9,0,0
BRDA:85,9,1,0
BRDA:98,10,0,0
BRDA:98,10,1,0
BRDA:106,11,0,0
BRDA:106,11,1,0
BRDA:117,12,0,0
BRDA:117,12,1,0
BRDA:119,13,0,0
BRDA:119,13,1,0
BRDA:130,14,0,0
BRDA:130,14,1,0
BRDA:152,15,0,0
BRDA:152,15,1,0
BRDA:164,16,0,0
BRDA:164,16,1,0
BRDA:193,17,0,0
BRDA:193,17,1,0
BRDA:218,18,0,0
BRDA:218,18,1,0
BRDA:228,19,0,0
BRDA:228,19,1,0
BRDA:229,20,0,0
BRDA:229,20,1,0
BRDA:237,21,0,0
BRDA:237,21,1,0
BRDA:242,22,0,0
BRDA:242,22,1,0
BRDA:243,23,0,0
BRDA:243,23,1,0
BRDA:243,23,2,0
BRDA:277,24,0,0
BRDA:277,24,1,0
BRDA:283,25,0,0
BRDA:283,25,1,0
BRDA:286,26,0,0
BRDA:286,26,1,0
BRDA:303,27,0,0
BRDA:303,27,1,0
BRDA:331,28,0,0
BRDA:331,28,1,0
BRDA:345,29,0,0
BRDA:345,29,1,0
BRDA:373,30,0,0
BRDA:373,30,1,0
BRDA:378,31,0,0
BRDA:378,31,1,0
BRDA:414,32,0,0
BRDA:414,32,1,0
BRF:66
BRH:0
end_of_record
TN:
SF:controllers\maintenanceController.js
FN:8,(anonymous_0)
FN:30,(anonymous_1)
FN:46,(anonymous_2)
FN:73,(anonymous_3)
FN:91,(anonymous_4)
FN:130,(anonymous_5)
FN:150,(anonymous_6)
FNF:7
FNH:0
FNDA:0,(anonymous_0)
FNDA:0,(anonymous_1)
FNDA:0,(anonymous_2)
FNDA:0,(anonymous_3)
FNDA:0,(anonymous_4)
FNDA:0,(anonymous_5)
FNDA:0,(anonymous_6)
DA:1,2
DA:2,2
DA:8,2
DA:9,0
DA:10,0
DA:11,0
DA:12,0
DA:13,0
DA:15,0
DA:20,0
DA:22,0
DA:30,2
DA:31,0
DA:32,0
DA:35,0
DA:36,0
DA:38,0
DA:46,2
DA:47,0
DA:48,0
DA:49,0
DA:52,0
DA:53,0
DA:56,0
DA:61,0
DA:65,0
DA:73,2
DA:74,0
DA:75,0
DA:79,0
DA:80,0
DA:82,0
DA:91,2
DA:92,0
DA:93,0
DA:94,0
DA:95,0
DA:96,0
DA:101,0
DA:102,0
DA:104,0
DA:108,0
DA:111,0
DA:112,0
DA:116,0
DA:117,0
DA:120,0
DA:122,0
DA:130,2
DA:131,0
DA:132,0
DA:133,0
DA:136,0
DA:137,0
DA:140,0
DA:142,0
DA:150,2
DA:151,0
DA:153,0
DA:169,0
DA:176,0
DA:180,2
LF:62
LH:10
BRDA:12,0,0,0
BRDA:12,0,1,0
BRDA:13,1,0,0
BRDA:13,1,1,0
BRDA:35,2,0,0
BRDA:35,2,1,0
BRDA:52,3,0,0
BRDA:52,3,1,0
BRDA:79,4,0,0
BRDA:79,4,1,0
BRDA:95,5,0,0
BRDA:95,5,1,0
BRDA:102,6,0,0
BRDA:102,6,1,0
BRDA:108,7,0,0
BRDA:108,7,1,0
BRDA:111,8,0,0
BRDA:111,8,1,0
BRDA:111,9,0,0
BRDA:111,9,1,0
BRDA:111,9,2,0
BRDA:116,10,0,0
BRDA:116,10,1,0
BRDA:116,11,0,0
BRDA:116,11,1,0
BRDA:133,12,0,0
BRDA:133,12,1,0
BRDA:136,13,0,0
BRDA:136,13,1,0
BRDA:136,14,0,0
BRDA:136,14,1,0
BRDA:172,15,0,0
BRDA:172,15,1,0
BRF:33
BRH:0
end_of_record
TN:
SF:controllers\passwordController.js
FN:12,(anonymous_0)
FN:60,(anonymous_1)
FN:85,(anonymous_2)
FNF:3
FNH:0
FNDA:0,(anonymous_0)
FNDA:0,(anonymous_1)
FNDA:0,(anonymous_2)
DA:1,2
DA:2,2
DA:3,2
DA:4,2
DA:5,2
DA:12,2
DA:13,0
DA:14,0
DA:16,0
DA:17,0
DA:20,0
DA:23,0
DA:24,0
DA:31,0
DA:34,0
DA:37,0
DA:40,0
DA:41,0
DA:44,0
DA:46,0
DA:50,0
DA:51,0
DA:60,2
DA:61,0
DA:62,0
DA:64,0
DA:70,0
DA:71,0
DA:74,0
DA:76,0
DA:85,2
DA:86,0
DA:87,0
DA:89,0
DA:90,0
DA:95,0
DA:96,0
DA:104,0
DA:110,0
DA:111,0
DA:115,0
DA:116,0
DA:119,0
DA:122,0
DA:124,0
DA:126,0
DA:130,2
LF:47
LH:9
BRDA:16,0,0,0
BRDA:16,0,1,0
BRDA:23,1,0,0
BRDA:23,1,1,0
BRDA:40,2,0,0
BRDA:40,2,1,0
BRDA:70,3,0,0
BRDA:70,3,1,0
BRDA:89,4,0,0
BRDA:89,4,1,0
BRDA:89,5,0,0
BRDA:89,5,1,0
BRDA:95,6,0,0
BRDA:95,6,1,0
BRDA:110,7,0,0
BRDA:110,7,1,0
BRF:16
BRH:0
end_of_record
TN:
SF:controllers\personnelController.js
FN:8,(anonymous_0)
FN:29,(anonymous_1)
FN:47,(anonymous_2)
FN:60,(anonymous_3)
FN:78,(anonymous_4)
FN:105,(anonymous_5)
FN:131,(anonymous_6)
FN:149,(anonymous_7)
FNF:8
FNH:0
FNDA:0,(anonymous_0)
FNDA:0,(anonymous_1)
FNDA:0,(anonymous_2)
FNDA:0,(anonymous_3)
FNDA:0,(anonymous_4)
FNDA:0,(anonymous_5)
FNDA:0,(anonymous_6)
FNDA:0,(anonymous_7)
DA:1,2
DA:2,2
DA:8,2
DA:9,0
DA:10,0
DA:11,0
DA:12,0
DA:13,0
DA:15,0
DA:19,0
DA:21,0
DA:29,2
DA:30,0
DA:31,0
DA:36,0
DA:37,0
DA:39,0
DA:47,2
DA:48,0
DA:49,0
DA:50,0
DA:52,0
DA:60,2
DA:61,0
DA:62,0
DA:67,0
DA:68,0
DA:70,0
DA:78,2
DA:79,0
DA:80,0
DA:81,0
DA:83,0
DA:84,0
DA:89,0
DA:94,0
DA:95,0
DA:97,0
DA:105,2
DA:106,0
DA:107,0
DA:109,0
DA:110,0
DA:111,0
DA:114,0
DA:120,0
DA:121,0
DA:123,0
DA:131,2
DA:132,0
DA:133,0
DA:138,0
DA:139,0
DA:141,0
DA:149,2
DA:150,0
DA:152,0
DA:165,0
DA:171,0
DA:175,2
LF:60
LH:11
BRDA:12,0,0,0
BRDA:12,0,1,0
BRDA:13,1,0,0
BRDA:13,1,1,0
BRDA:36,2,0,0
BRDA:36,2,1,0
BRDA:67,3,0,0
BRDA:67,3,1,0
BRDA:83,4,0,0
BRDA:83,4,1,0
BRDA:94,5,0,0
BRDA:94,5,1,0
BRDA:109,6,0,0
BRDA:109,6,1,0
BRDA:111,7,0,0
BRDA:111,7,1,0
BRDA:116,8,0,0
BRDA:116,8,1,0
BRDA:120,9,0,0
BRDA:120,9,1,0
BRDA:138,10,0,0
BRDA:138,10,1,0
BRF:22
BRH:0
end_of_record
TN:
SF:middleware\Auth.js
FN:5,(anonymous_0)
FN:34,(anonymous_1)
FN:35,(anonymous_2)
FNF:3
FNH:3
FNDA:19,(anonymous_0)
FNDA:18,(anonymous_1)
FNDA:3,(anonymous_2)
DA:1,2
DA:2,2
DA:5,2
DA:8,19
DA:12,16
DA:15,19
DA:16,3
DA:19,16
DA:20,16
DA:21,15
DA:23,15
DA:24,0
DA:27,15
DA:29,1
DA:34,2
DA:35,18
DA:36,3
DA:37,1
DA:41,2
DA:45,2
LF:20
LH:19
BRDA:8,0,0,16
BRDA:8,0,1,3
BRDA:9,1,0,19
BRDA:9,1,1,16
BRDA:15,2,0,3
BRDA:15,2,1,16
BRDA:23,3,0,0
BRDA:23,3,1,15
BRDA:23,4,0,15
BRDA:23,4,1,15
BRDA:36,5,0,1
BRDA:36,5,1,2
BRF:12
BRH:11
end_of_record
TN:
SF:middleware\auditMiddleware.js
FN:29,trouverAction
FN:31,(anonymous_1)
FN:38,auditMiddleware
FN:47,(anonymous_3)
FN:52,(anonymous_4)
FN:89,detecterOrigine
FN:96,detecterTypeRessource
FNF:7
FNH:7
FNDA:30,trouverAction
FNDA:220,(anonymous_1)
FNDA:30,auditMiddleware
FNDA:18,(anonymous_3)
FNDA:18,(anonymous_4)
FNDA:18,detecterOrigine
FNDA:18,detecterTypeRessource
DA:5,2
DA:8,2
DA:30,30
DA:31,220
DA:32,30
DA:39,30
DA:40,30
DA:42,18
DA:43,18
DA:46,18
DA:47,18
DA:48,18
DA:49,18
DA:52,18
DA:53,18
DA:83,18
DA:86,18
DA:90,18
DA:91,18
DA:92,18
DA:93,18
DA:97,18
DA:98,18
DA:99,18
DA:100,18
DA:101,18
DA:102,18
DA:103,18
DA:106,2
LF:29
LH:29
BRDA:32,0,0,30
BRDA:32,0,1,12
BRDA:40,1,0,12
BRDA:40,1,1,18
BRDA:58,2,0,18
BRDA:58,2,1,10
BRDA:59,3,0,18
BRDA:59,3,1,10
BRDA:60,4,0,18
BRDA:60,4,1,0
BRDA:60,4,2,0
BRDA:64,5,0,18
BRDA:64,5,1,10
BRDA:64,5,2,10
BRDA:64,5,3,10
BRDA:65,6,0,18
BRDA:65,6,1,18
BRDA:65,6,2,18
BRDA:68,7,0,8
BRDA:68,7,1,10
BRDA:69,8,0,10
BRDA:69,8,1,8
BRDA:69,9,0,10
BRDA:69,9,1,6
BRDA:71,10,0,10
BRDA:71,10,1,8
BRDA:73,11,0,8
BRDA:73,11,1,0
BRDA:76,12,0,10
BRDA:76,12,1,8
BRDA:76,13,0,8
BRDA:76,13,1,0
BRDA:90,14,0,0
BRDA:90,14,1,18
BRDA:91,15,0,0
BRDA:91,15,1,18
BRDA:92,16,0,0
BRDA:92,16,1,18
BRDA:97,17,0,0
BRDA:97,17,1,18
BRDA:98,18,0,0
BRDA:98,18,1,18
BRDA:99,19,0,0
BRDA:99,19,1,18
BRDA:100,20,0,0
BRDA:100,20,1,18
BRDA:101,21,0,0
BRDA:101,21,1,18
BRDA:102,22,0,0
BRDA:102,22,1,18
BRF:50
BRH:37
end_of_record
TN:
SF:middleware\paginate.js
FN:23,paginate
FN:26,(anonymous_1)
FN:38,(anonymous_2)
FNF:3
FNH:0
FNDA:0,paginate
FNDA:0,(anonymous_1)
FNDA:0,(anonymous_2)
DA:20,0
DA:21,0
DA:24,0
DA:26,0
DA:27,0
DA:28,0
DA:32,0
DA:35,0
DA:38,0
DA:39,0
DA:40,0
DA:53,0
DA:57,0
LF:13
LH:0
BRDA:23,0,0,0
BRDA:24,1,0,0
BRDA:24,1,1,0
BRDA:27,2,0,0
BRDA:27,2,1,0
BRDA:30,3,0,0
BRDA:30,3,1,0
BRF:7
BRH:0
end_of_record
TN:
SF:middleware\rateLimiter.js
FN:4,(anonymous_0)
FN:50,(anonymous_1)
FNF:2
FNH:1
FNDA:0,(anonymous_0)
FNDA:30,(anonymous_1)
DA:1,2
DA:4,2
DA:5,0
DA:13,2
DA:24,2
DA:34,2
DA:44,2
DA:50,30
DA:53,2
LF:9
LH:8
BRF:0
BRH:0
end_of_record
TN:
SF:middleware\sanitize.js
FN:7,(anonymous_0)
FN:17,(anonymous_1)
FN:24,sanitizeObject
FNF:3
FNH:2
FNDA:0,(anonymous_0)
FNDA:30,(anonymous_1)
FNDA:77,sanitizeObject
DA:1,2
DA:2,2
DA:5,2
DA:8,0
DA:17,2
DA:18,30
DA:19,30
DA:21,30
DA:25,77
DA:26,30
DA:27,30
DA:28,30
DA:29,30
DA:30,47
DA:32,30
DA:34,0
DA:37,2
LF:17
LH:15
BRDA:18,0,0,30
BRDA:18,0,1,0
BRDA:18,1,0,30
BRDA:18,1,1,30
BRDA:25,2,0,47
BRDA:25,2,1,30
BRDA:26,3,0,0
BRDA:26,3,1,30
BRDA:27,4,0,30
BRDA:27,4,1,0
BRDA:27,5,0,30
BRDA:27,5,1,30
BRF:12
BRH:9
end_of_record
TN:
SF:middleware\swagger.js
FN:138,setupSwagger
FN:160,(anonymous_1)
FNF:2
FNH:1
FNDA:2,setupSwagger
FNDA:0,(anonymous_1)
DA:1,2
DA:2,2
DA:4,2
DA:132,2
DA:139,2
DA:142,0
DA:145,2
DA:160,2
DA:161,0
DA:162,0
DA:166,2
LF:11
LH:8
BRDA:21,0,0,0
BRDA:21,0,1,2
BRDA:22,1,0,0
BRDA:22,1,1,0
BRDA:25,2,0,0
BRDA:25,2,1,2
BRDA:139,3,0,0
BRDA:139,3,1,2
BRF:8
BRH:3
end_of_record
TN:
SF:middleware\validate.js
FN:10,(anonymous_0)
FN:11,(anonymous_1)
FN:19,(anonymous_2)
FNF:3
FNH:0
FNDA:0,(anonymous_0)
FNDA:0,(anonymous_1)
FNDA:0,(anonymous_2)
DA:1,0
DA:10,0
DA:11,0
DA:12,0
DA:18,0
DA:19,0
DA:20,0
DA:27,0
DA:28,0
DA:32,0
LF:10
LH:0
BRDA:10,0,0,0
BRDA:18,1,0,0
BRDA:18,1,1,0
BRF:3
BRH:0
end_of_record
TN:
SF:services\auditService.js
FN:11,log
FN:60,(anonymous_1)
FN:80,(anonymous_2)
FN:97,(anonymous_3)
FN:114,(anonymous_4)
FN:130,(anonymous_5)
FN:148,(anonymous_6)
FN:165,(anonymous_7)
FN:182,(anonymous_8)
FN:197,(anonymous_9)
FN:211,(anonymous_10)
FNF:11
FNH:1
FNDA:18,log
FNDA:0,(anonymous_1)
FNDA:0,(anonymous_2)
FNDA:0,(anonymous_3)
FNDA:0,(anonymous_4)
FNDA:0,(anonymous_5)
FNDA:0,(anonymous_6)
FNDA:0,(anonymous_7)
FNDA:0,(anonymous_8)
FNDA:0,(anonymous_9)
FNDA:0,(anonymous_10)
DA:5,2
DA:23,18
DA:24,18
DA:52,0
DA:58,2
DA:61,0
DA:81,0
DA:98,0
DA:115,0
DA:131,0
DA:149,0
DA:166,0
DA:183,0
DA:198,0
DA:212,0
DA:228,2
LF:16
LH:5
BRDA:13,0,0,0
BRDA:14,1,0,0
BRDA:15,2,0,0
BRDA:16,3,0,0
BRDA:17,4,0,0
BRDA:18,5,0,0
BRDA:19,6,0,0
BRDA:20,7,0,0
BRDA:21,8,0,0
BRDA:33,9,0,18
BRDA:33,9,1,10
BRDA:33,9,2,10
BRDA:34,10,0,18
BRDA:34,10,1,0
BRDA:35,11,0,18
BRDA:35,11,1,0
BRDA:36,12,0,18
BRDA:36,12,1,0
BRDA:39,13,0,18
BRDA:39,13,1,0
BRDA:40,14,0,18
BRDA:40,14,1,10
BRDA:41,15,0,18
BRDA:41,15,1,18
BRDA:44,16,0,18
BRDA:44,16,1,10
BRDA:45,17,0,18
BRDA:45,17,1,8
BRDA:46,18,0,18
BRDA:46,18,1,0
BRDA:47,19,0,18
BRDA:47,19,1,0
BRDA:60,20,0,0
BRDA:97,21,0,0
BRDA:182,22,0,0
BRDA:184,23,0,0
BRDA:184,23,1,0
BRDA:193,24,0,0
BRDA:193,24,1,0
BRF:39
BRH:17
end_of_record
TN:
SF:services\dispatchService.js
FN:29,scoreDistance
FN:40,scoreType
FN:49,scoreCarburant
FN:55,scoreSpecialite
FN:57,(anonymous_4)
FN:59,(anonymous_5)
FN:64,scoreCharge
FN:81,scoreAnciennete
FN:90,autoDispatch
FN:103,(anonymous_9)
FN:131,(anonymous_10)
FN:140,(anonymous_11)
FNF:12
FNH:0
FNDA:0,scoreDistance
FNDA:0,scoreType
FNDA:0,scoreCarburant
FNDA:0,scoreSpecialite
FNDA:0,(anonymous_4)
FNDA:0,(anonymous_5)
FNDA:0,scoreCharge
FNDA:0,scoreAnciennete
FNDA:0,autoDispatch
FNDA:0,(anonymous_9)
FNDA:0,(anonymous_10)
FNDA:0,(anonymous_11)
DA:5,2
DA:6,2
DA:7,2
DA:9,2
DA:15,2
DA:30,0
DA:31,0
DA:32,0
DA:33,0
DA:34,0
DA:41,0
DA:42,0
DA:43,0
DA:44,0
DA:45,0
DA:46,0
DA:50,0
DA:51,0
DA:52,0
DA:56,0
DA:57,0
DA:58,0
DA:59,0
DA:60,0
DA:61,0
DA:65,0
DA:66,0
DA:67,0
DA:71,0
DA:72,0
DA:77,0
DA:82,0
DA:83,0
DA:84,0
DA:91,0
DA:92,0
DA:93,0
DA:102,0
DA:104,0
DA:105,0
DA:106,0
DA:107,0
DA:108,0
DA:109,0
DA:111,0
DA:112,0
DA:113,0
DA:131,0
DA:132,0
DA:134,0
DA:140,0
DA:157,2
LF:52
LH:6
BRDA:30,0,0,0
BRDA:30,0,1,0
BRDA:30,1,0,0
BRDA:30,1,1,0
BRDA:41,2,0,0
BRDA:41,2,1,0
BRDA:42,3,0,0
BRDA:42,3,1,0
BRDA:44,4,0,0
BRDA:44,4,1,0
BRDA:50,5,0,0
BRDA:50,5,1,0
BRDA:51,6,0,0
BRDA:51,6,1,0
BRDA:51,7,0,0
BRDA:51,7,1,0
BRDA:51,8,0,0
BRDA:51,8,1,0
BRDA:56,9,0,0
BRDA:56,9,1,0
BRDA:57,10,0,0
BRDA:57,10,1,0
BRDA:58,11,0,0
BRDA:58,11,1,0
BRDA:82,12,0,0
BRDA:82,12,1,0
BRDA:86,13,0,0
BRDA:86,13,1,0
BRDA:92,14,0,0
BRDA:92,14,1,0
BRDA:112,15,0,0
BRDA:112,15,1,0
BRF:32
BRH:0
end_of_record
TN:
SF:services\emailService.js
FN:15,(anonymous_0)
FNF:1
FNH:0
FNDA:0,(anonymous_0)
DA:1,2
DA:4,2
DA:15,2
DA:16,0
DA:77,0
DA:85,2
LF:6
LH:4
BRDA:5,0,0,2
BRDA:5,0,1,0
BRDA:6,1,0,2
BRDA:6,1,1,0
BRDA:78,2,0,0
BRDA:78,2,1,0
BRF:6
BRH:2
end_of_record
TN:
SF:services\equipementService.js
FN:17,creerEquipement
FN:44,mettreAJour
FN:65,affecter
FN:104,desaffecter
FN:118,changerEtat
FN:160,detecterAlertes
FN:208,getStats
FNF:7
FNH:0
FNDA:0,creerEquipement
FNDA:0,mettreAJour
FNDA:0,affecter
FNDA:0,desaffecter
FNDA:0,changerEtat
FNDA:0,detecterAlertes
FNDA:0,getStats
DA:5,2
DA:6,2
DA:9,2
DA:19,0
DA:20,0
DA:23,0
DA:24,0
DA:31,0
DA:32,0
DA:33,0
DA:34,0
DA:37,0
DA:38,0
DA:45,0
DA:46,0
DA:49,0
DA:50,0
DA:54,0
DA:57,0
DA:58,0
DA:59,0
DA:66,0
DA:71,0
DA:72,0
DA:75,0
DA:76,0
DA:81,0
DA:82,0
DA:87,0
DA:88,0
DA:94,0
DA:95,0
DA:96,0
DA:98,0
DA:105,0
DA:106,0
DA:108,0
DA:109,0
DA:110,0
DA:112,0
DA:119,0
DA:126,0
DA:127,0
DA:132,0
DA:133,0
DA:135,0
DA:136,0
DA:139,0
DA:140,0
DA:145,0
DA:146,0
DA:147,0
DA:148,0
DA:151,0
DA:152,0
DA:154,0
DA:161,0
DA:162,0
DA:165,0
DA:170,0
DA:202,0
DA:209,0
DA:210,0
DA:221,0
DA:254,0
DA:256,0
DA:270,2
LF:67
LH:4
BRDA:19,0,0,0
BRDA:19,0,1,0
BRDA:23,1,0,0
BRDA:23,1,1,0
BRDA:31,2,0,0
BRDA:31,2,1,0
BRDA:33,3,0,0
BRDA:33,3,1,0
BRDA:46,4,0,0
BRDA:46,4,1,0
BRDA:49,5,0,0
BRDA:49,5,1,0
BRDA:49,6,0,0
BRDA:49,6,1,0
BRDA:54,7,0,0
BRDA:54,7,1,0
BRDA:71,8,0,0
BRDA:71,8,1,0
BRDA:72,9,0,0
BRDA:72,9,1,0
BRDA:75,10,0,0
BRDA:75,10,1,0
BRDA:81,11,0,0
BRDA:81,11,1,0
BRDA:87,12,0,0
BRDA:87,12,1,0
BRDA:106,13,0,0
BRDA:106,13,1,0
BRDA:118,14,0,0
BRDA:126,15,0,0
BRDA:126,15,1,0
BRDA:133,16,0,0
BRDA:133,16,1,0
BRDA:139,17,0,0
BRDA:139,17,1,0
BRDA:139,18,0,0
BRDA:139,18,1,0
BRDA:145,19,0,0
BRDA:145,19,1,0
BRDA:151,20,0,0
BRDA:151,20,1,0
BRDA:254,21,0,0
BRDA:254,21,1,0
BRF:43
BRH:0
end_of_record
TN:
SF:services\escaladeService.js
FN:24,verifierDisponibiliteUnites
FN:54,verifierETA
FN:65,(anonymous_2)
FN:66,(anonymous_3)
FN:71,(anonymous_4)
FN:72,(anonymous_5)
FN:86,(anonymous_6)
FN:98,verifierPrioriteCritique
FN:123,verifierSansReponse
FN:147,verifierNOVI
FN:161,analyserEscalade
FN:181,(anonymous_11)
FN:194,(anonymous_12)
FN:203,surveillerInterventionsActives
FN:225,demarrerSurveillance
FNF:15
FNH:4
FNDA:4,verifierDisponibiliteUnites
FNDA:0,verifierETA
FNDA:0,(anonymous_2)
FNDA:0,(anonymous_3)
FNDA:0,(anonymous_4)
FNDA:0,(anonymous_5)
FNDA:0,(anonymous_6)
FNDA:4,verifierPrioriteCritique
FNDA:5,verifierSansReponse
FNDA:4,verifierNOVI
FNDA:0,analyserEscalade
FNDA:0,(anonymous_11)
FNDA:0,(anonymous_12)
FNDA:0,surveillerInterventionsActives
FNDA:0,demarrerSurveillance
DA:5,3
DA:6,3
DA:7,3
DA:8,3
DA:10,3
DA:16,3
DA:25,4
DA:26,4
DA:27,1
DA:35,3
DA:36,2
DA:40,2
DA:41,1
DA:50,2
DA:55,0
DA:56,0
DA:57,0
DA:58,0
DA:59,0
DA:60,0
DA:64,0
DA:65,0
DA:67,0
DA:68,0
DA:69,0
DA:71,0
DA:72,0
DA:74,0
DA:86,0
DA:94,0
DA:99,4
DA:100,2
DA:104,2
DA:109,1
DA:110,2
DA:111,0
DA:112,2
DA:124,5
DA:125,4
DA:126,1
DA:127,3
DA:132,3
DA:133,3
DA:134,2
DA:143,1
DA:148,4
DA:149,4
DA:150,2
DA:162,0
DA:163,0
DA:164,0
DA:165,0
DA:166,0
DA:172,0
DA:174,0
DA:175,0
DA:176,0
DA:177,0
DA:178,0
DA:179,0
DA:181,0
DA:183,0
DA:184,0
DA:191,0
DA:194,0
DA:204,0
DA:205,0
DA:211,0
DA:212,0
DA:213,0
DA:214,0
DA:215,0
DA:216,0
DA:219,0
DA:221,0
DA:226,0
DA:229,0
DA:230,0
DA:233,3
LF:79
LH:32
BRDA:26,0,0,1
BRDA:26,0,1,3
BRDA:35,1,0,2
BRDA:35,1,1,1
BRDA:40,2,0,1
BRDA:40,2,1,1
BRDA:55,3,0,0
BRDA:55,3,1,0
BRDA:55,4,0,0
BRDA:55,4,1,0
BRDA:58,5,0,0
BRDA:58,5,1,0
BRDA:59,6,0,0
BRDA:59,6,1,0
BRDA:76,7,0,0
BRDA:76,7,1,0
BRDA:80,8,0,0
BRDA:80,8,1,0
BRDA:99,9,0,2
BRDA:99,9,1,2
BRDA:104,10,0,1
BRDA:104,10,1,1
BRDA:110,11,0,0
BRDA:110,11,1,2
BRDA:110,12,0,2
BRDA:110,12,1,0
BRDA:124,13,0,1
BRDA:124,13,1,4
BRDA:125,14,0,1
BRDA:125,14,1,3
BRDA:129,15,0,3
BRDA:129,15,1,0
BRDA:132,16,0,3
BRDA:132,16,1,0
BRDA:133,17,0,2
BRDA:133,17,1,1
BRDA:137,18,0,1
BRDA:137,18,1,1
BRDA:148,19,0,4
BRDA:148,19,1,1
BRDA:149,20,0,2
BRDA:149,20,1,2
BRDA:161,21,0,0
BRDA:164,22,0,0
BRDA:164,22,1,0
BRDA:165,23,0,0
BRDA:165,23,1,0
BRDA:165,24,0,0
BRDA:165,24,1,0
BRDA:172,25,0,0
BRDA:172,25,1,0
BRDA:175,26,0,0
BRDA:175,26,1,0
BRDA:177,27,0,0
BRDA:177,27,1,0
BRDA:179,28,0,0
BRDA:179,28,1,0
BRDA:183,29,0,0
BRDA:183,29,1,0
BRDA:193,30,0,0
BRDA:193,30,1,0
BRDA:196,31,0,0
BRDA:196,31,1,0
BRDA:214,32,0,0
BRDA:214,32,1,0
BRDA:225,33,0,0
BRF:66
BRH:26
end_of_record
TN:
SF:services\missionCompletion.js
FN:43,detecterSignaux
FN:152,calculerNiveau
FN:153,(anonymous_2)
FN:154,(anonymous_3)
FN:200,evaluateMissionCompletion
FN:225,(anonymous_5)
FN:232,suggestMissionCompletion
FN:271,confirmMissionCompletion
FN:283,autoCompleteMissionIfEligible
FN:303,markDestinationReached
FN:333,_cloturerMission
FN:455,scannerMissionsActives
FN:502,demarrerScan
FNF:13
FNH:0
FNDA:0,detecterSignaux
FNDA:0,calculerNiveau
FNDA:0,(anonymous_2)
FNDA:0,(anonymous_3)
FNDA:0,evaluateMissionCompletion
FNDA:0,(anonymous_5)
FNDA:0,suggestMissionCompletion
FNDA:0,confirmMissionCompletion
FNDA:0,autoCompleteMissionIfEligible
FNDA:0,markDestinationReached
FNDA:0,_cloturerMission
FNDA:0,scannerMissionsActives
FNDA:0,demarrerScan
DA:26,2
DA:27,2
DA:28,2
DA:29,2
DA:30,2
DA:33,2
DA:44,0
DA:45,0
DA:48,0
DA:49,0
DA:53,0
DA:54,0
DA:55,0
DA:57,0
DA:58,0
DA:59,0
DA:64,0
DA:65,0
DA:70,0
DA:71,0
DA:81,0
DA:82,0
DA:90,0
DA:91,0
DA:99,0
DA:101,0
DA:108,0
DA:109,0
DA:114,0
DA:115,0
DA:120,0
DA:121,0
DA:131,0
DA:134,0
DA:135,0
DA:138,0
DA:139,0
DA:140,0
DA:148,0
DA:153,0
DA:154,0
DA:157,0
DA:164,0
DA:172,0
DA:178,0
DA:186,0
DA:187,0
DA:194,0
DA:202,0
DA:204,0
DA:206,0
DA:207,0
DA:208,0
DA:214,0
DA:215,0
DA:216,0
DA:218,0
DA:225,0
DA:233,0
DA:235,0
DA:236,0
DA:240,0
DA:247,0
DA:254,0
DA:265,0
DA:273,0
DA:275,0
DA:277,0
DA:284,0
DA:286,0
DA:287,0
DA:294,0
DA:296,0
DA:297,0
DA:304,0
DA:305,0
DA:307,0
DA:318,0
DA:320,0
DA:321,0
DA:323,0
DA:324,0
DA:327,0
DA:334,0
DA:335,0
DA:339,0
DA:342,0
DA:347,0
DA:348,0
DA:349,0
DA:350,0
DA:359,0
DA:370,0
DA:372,0
DA:373,0
DA:375,0
DA:396,0
DA:407,0
DA:416,0
DA:417,0
DA:424,0
DA:427,0
DA:443,0
DA:456,0
DA:457,0
DA:465,0
DA:466,0
DA:468,0
DA:469,0
DA:470,0
DA:472,0
DA:476,0
DA:477,0
DA:478,0
DA:482,0
DA:483,0
DA:486,0
DA:490,0
DA:491,0
DA:496,0
DA:498,0
DA:503,0
DA:506,0
DA:507,0
DA:510,2
LF:125
LH:7
BRDA:48,0,0,0
BRDA:48,0,1,0
BRDA:49,1,0,0
BRDA:49,1,1,0
BRDA:53,2,0,0
BRDA:53,2,1,0
BRDA:54,3,0,0
BRDA:54,3,1,0
BRDA:55,4,0,0
BRDA:55,4,1,0
BRDA:57,5,0,0
BRDA:57,5,1,0
BRDA:58,6,0,0
BRDA:58,6,1,0
BRDA:64,7,0,0
BRDA:64,7,1,0
BRDA:70,8,0,0
BRDA:70,8,1,0
BRDA:81,9,0,0
BRDA:81,9,1,0
BRDA:90,10,0,0
BRDA:90,10,1,0
BRDA:99,11,0,0
BRDA:99,11,1,0
BRDA:99,12,0,0
BRDA:99,12,1,0
BRDA:108,13,0,0
BRDA:108,13,1,0
BRDA:114,14,0,0
BRDA:114,14,1,0
BRDA:120,15,0,0
BRDA:120,15,1,0
BRDA:131,16,0,0
BRDA:131,16,1,0
BRDA:131,16,2,0
BRDA:134,17,0,0
BRDA:134,17,1,0
BRDA:138,18,0,0
BRDA:138,18,1,0
BRDA:139,19,0,0
BRDA:139,19,1,0
BRDA:157,20,0,0
BRDA:157,20,1,0
BRDA:158,21,0,0
BRDA:158,21,1,0
BRDA:158,21,2,0
BRDA:158,21,3,0
BRDA:158,21,4,0
BRDA:172,22,0,0
BRDA:172,22,1,0
BRDA:173,23,0,0
BRDA:173,23,1,0
BRDA:173,23,2,0
BRDA:173,23,3,0
BRDA:186,24,0,0
BRDA:186,24,1,0
BRDA:204,25,0,0
BRDA:204,25,1,0
BRDA:207,26,0,0
BRDA:207,26,1,0
BRDA:235,27,0,0
BRDA:235,27,1,0
BRDA:235,28,0,0
BRDA:235,28,1,0
BRDA:275,29,0,0
BRDA:275,29,1,0
BRDA:277,30,0,0
BRDA:277,30,1,0
BRDA:286,31,0,0
BRDA:286,31,1,0
BRDA:305,32,0,0
BRDA:305,32,1,0
BRDA:309,33,0,0
BRDA:309,33,1,0
BRDA:320,34,0,0
BRDA:320,34,1,0
BRDA:323,35,0,0
BRDA:323,35,1,0
BRDA:339,36,0,0
BRDA:339,36,1,0
BRDA:339,36,2,0
BRDA:342,37,0,0
BRDA:342,37,1,0
BRDA:348,38,0,0
BRDA:348,38,1,0
BRDA:348,39,0,0
BRDA:348,39,1,0
BRDA:370,40,0,0
BRDA:370,40,1,0
BRDA:383,41,0,0
BRDA:383,41,1,0
BRDA:384,42,0,0
BRDA:384,42,1,0
BRDA:385,43,0,0
BRDA:385,43,1,0
BRDA:416,44,0,0
BRDA:416,44,1,0
BRDA:429,45,0,0
BRDA:429,45,1,0
BRDA:472,46,0,0
BRDA:472,46,1,0
BRDA:473,47,0,0
BRDA:473,47,1,0
BRDA:478,48,0,0
BRDA:478,48,1,0
BRDA:479,49,0,0
BRDA:479,49,1,0
BRDA:490,50,0,0
BRDA:490,50,1,0
BRDA:502,51,0,0
BRF:110
BRH:0
end_of_record
TN:
SF:services\socketService.js
FN:31,init
FN:34,(anonymous_1)
FN:38,(anonymous_2)
FN:55,(anonymous_3)
FN:62,(anonymous_4)
FN:68,(anonymous_5)
FN:83,emitInterventionCreated
FN:121,emitUnitAssigned
FN:155,emitStatusUpdated
FN:184,emitEscalationTriggered
FN:191,(anonymous_10)
FN:216,emitDispatchCompleted
FN:249,emitUnitStatusChanged
FN:271,emitStatsUpdate
FN:281,(anonymous_14)
FN:288,(anonymous_15)
FN:294,(anonymous_16)
FN:301,(anonymous_17)
FN:303,(anonymous_18)
FN:312,_calculerProgression
FN:326,_getStatsRapides
FN:383,emitLocationUpdated
FN:391,emitMissionEvent
FNF:23
FNH:5
FNDA:2,init
FNDA:0,(anonymous_1)
FNDA:0,(anonymous_2)
FNDA:0,(anonymous_3)
FNDA:0,(anonymous_4)
FNDA:0,(anonymous_5)
FNDA:0,emitInterventionCreated
FNDA:0,emitUnitAssigned
FNDA:4,emitStatusUpdated
FNDA:0,emitEscalationTriggered
FNDA:0,(anonymous_10)
FNDA:0,emitDispatchCompleted
FNDA:0,emitUnitStatusChanged
FNDA:4,emitStatsUpdate
FNDA:0,(anonymous_14)
FNDA:0,(anonymous_15)
FNDA:0,(anonymous_16)
FNDA:0,(anonymous_17)
FNDA:0,(anonymous_18)
FNDA:4,_calculerProgression
FNDA:4,_getStatsRapides
FNDA:0,emitLocationUpdated
FNDA:0,emitMissionEvent
DA:20,2
DA:23,2
DA:32,2
DA:34,2
DA:35,0
DA:38,0
DA:39,0
DA:40,0
DA:41,0
DA:42,0
DA:43,0
DA:46,0
DA:55,0
DA:56,0
DA:57,0
DA:58,0
DA:62,0
DA:63,0
DA:68,2
DA:69,0
DA:70,0
DA:84,0
DA:85,0
DA:100,0
DA:103,0
DA:104,0
DA:112,0
DA:128,0
DA:129,0
DA:145,0
DA:146,0
DA:161,4
DA:162,4
DA:174,4
DA:175,4
DA:185,0
DA:186,0
DA:191,0
DA:203,0
DA:204,0
DA:205,0
DA:207,0
DA:223,0
DA:224,0
DA:239,0
DA:240,0
DA:250,0
DA:251,0
DA:261,0
DA:262,0
DA:272,4
DA:273,4
DA:274,4
DA:275,4
DA:280,2
DA:281,2
DA:282,0
DA:288,2
DA:289,0
DA:294,2
DA:295,0
DA:301,2
DA:302,0
DA:303,2
DA:304,0
DA:309,2
DA:313,4
DA:322,4
DA:323,4
DA:327,4
DA:328,4
DA:329,4
DA:330,4
DA:349,4
DA:357,0
DA:361,2
DA:384,0
DA:385,0
DA:388,2
DA:392,0
DA:393,0
DA:394,0
DA:396,2
LF:83
LH:31
BRDA:69,0,0,0
BRDA:69,0,1,0
BRDA:84,1,0,0
BRDA:84,1,1,0
BRDA:95,2,0,0
BRDA:95,2,1,0
BRDA:103,3,0,0
BRDA:103,3,1,0
BRDA:126,4,0,0
BRDA:128,5,0,0
BRDA:128,5,1,0
BRDA:161,6,0,0
BRDA:161,6,1,4
BRDA:169,7,0,4
BRDA:169,7,1,0
BRDA:185,8,0,0
BRDA:185,8,1,0
BRDA:188,9,0,0
BRDA:188,9,1,0
BRDA:189,10,0,0
BRDA:189,10,1,0
BRDA:190,11,0,0
BRDA:190,11,1,0
BRDA:194,12,0,0
BRDA:194,12,1,0
BRDA:195,13,0,0
BRDA:195,13,1,0
BRDA:198,14,0,0
BRDA:198,14,1,0
BRDA:223,15,0,0
BRDA:223,15,1,0
BRDA:235,16,0,0
BRDA:235,16,1,0
BRDA:250,17,0,0
BRDA:250,17,1,0
BRDA:272,18,0,0
BRDA:272,18,1,4
BRDA:306,19,0,0
BRDA:306,19,1,0
BRDA:323,20,0,1
BRDA:323,20,1,3
BRDA:384,21,0,0
BRDA:384,21,1,0
BRDA:392,22,0,0
BRDA:392,22,1,0
BRF:45
BRH:5
end_of_record
TN:
SF:services\stateMachine.js
FN:82,(anonymous_0)
FN:91,(anonymous_1)
FN:98,(anonymous_2)
FN:105,(anonymous_3)
FN:113,(anonymous_4)
FN:123,(anonymous_5)
FN:132,(anonymous_6)
FN:143,(anonymous_7)
FN:201,(anonymous_8)
FN:202,(anonymous_9)
FN:213,(anonymous_10)
FNF:11
FNH:11
FNDA:7,(anonymous_0)
FNDA:5,(anonymous_1)
FNDA:1,(anonymous_2)
FNDA:2,(anonymous_3)
FNDA:4,(anonymous_4)
FNDA:36,(anonymous_5)
FNDA:20,(anonymous_6)
FNDA:14,(anonymous_7)
FNDA:9,(anonymous_8)
FNDA:12,(anonymous_9)
FNDA:13,(anonymous_10)
DA:22,4
DA:37,4
DA:51,4
DA:65,4
DA:80,4
DA:83,7
DA:84,7
DA:85,7
DA:86,7
DA:87,7
DA:92,5
DA:93,5
DA:94,5
DA:99,1
DA:100,1
DA:101,1
DA:106,2
DA:107,2
DA:108,1
DA:109,2
DA:113,4
DA:124,36
DA:125,36
DA:133,20
DA:134,20
DA:135,20
DA:136,19
DA:144,14
DA:147,14
DA:148,3
DA:155,11
DA:156,11
DA:157,2
DA:161,9
DA:162,9
DA:168,9
DA:170,0
DA:171,0
DA:173,1
DA:175,1
DA:176,1
DA:180,1
DA:182,3
DA:183,3
DA:187,9
DA:195,9
DA:202,12
DA:214,13
DA:223,13
DA:224,13
DA:225,11
DA:229,4
LF:52
LH:50
BRDA:84,0,0,1
BRDA:84,0,1,6
BRDA:85,1,0,1
BRDA:85,1,1,6
BRDA:86,2,0,0
BRDA:86,2,1,7
BRDA:93,3,0,3
BRDA:93,3,1,2
BRDA:100,4,0,1
BRDA:100,4,1,0
BRDA:107,5,0,1
BRDA:107,5,1,1
BRDA:124,6,0,36
BRDA:124,6,1,1
BRDA:134,7,0,20
BRDA:134,7,1,5
BRDA:135,8,0,1
BRDA:135,8,1,19
BRDA:143,9,0,5
BRDA:147,10,0,3
BRDA:147,10,1,11
BRDA:150,11,0,3
BRDA:150,11,1,0
BRDA:156,12,0,2
BRDA:156,12,1,9
BRDA:168,13,0,0
BRDA:168,13,1,1
BRDA:168,13,2,3
BRDA:175,14,0,1
BRDA:175,14,1,0
BRDA:182,15,0,3
BRDA:182,15,1,1
BRDA:191,16,0,9
BRDA:191,16,1,4
BRDA:192,17,0,9
BRDA:192,17,1,7
BRDA:202,18,0,9
BRDA:202,18,1,0
BRDA:224,19,0,2
BRDA:224,19,1,11
BRDA:224,20,0,13
BRDA:224,20,1,11
BRF:42
BRH:36
end_of_record
TN:
SF:services\unitLifecycle.js
FN:39,assignerUnite
FN:101,marquerEnRoute
FN:146,marquerSurPlace
FN:227,marquerTransport
FN:263,terminerMissionEtRetourBase
FN:362,updatePositionFromEvent
FN:409,_emitUnitUpdated
FNF:7
FNH:0
FNDA:0,assignerUnite
FNDA:0,marquerEnRoute
FNDA:0,marquerSurPlace
FNDA:0,marquerTransport
FNDA:0,terminerMissionEtRetourBase
FNDA:0,updatePositionFromEvent
FNDA:0,_emitUnitUpdated
DA:14,2
DA:15,2
DA:16,2
DA:17,2
DA:23,2
DA:28,2
DA:40,0
DA:45,0
DA:46,0
DA:47,0
DA:48,0
DA:52,0
DA:54,0
DA:55,0
DA:56,0
DA:57,0
DA:58,0
DA:59,0
DA:60,0
DA:62,0
DA:68,0
DA:69,0
DA:70,0
DA:76,0
DA:79,0
DA:84,0
DA:91,0
DA:93,0
DA:95,0
DA:102,0
DA:109,0
DA:110,0
DA:112,0
DA:113,0
DA:114,0
DA:115,0
DA:121,0
DA:124,0
DA:125,0
DA:127,0
DA:132,0
DA:138,0
DA:140,0
DA:151,0
DA:156,0
DA:157,0
DA:159,0
DA:160,0
DA:164,0
DA:166,0
DA:167,0
DA:175,0
DA:176,0
DA:177,0
DA:179,0
DA:181,0
DA:186,0
DA:187,0
DA:190,0
DA:191,0
DA:193,0
DA:198,0
DA:199,0
DA:213,0
DA:219,0
DA:221,0
DA:232,0
DA:237,0
DA:238,0
DA:240,0
DA:241,0
DA:243,0
DA:249,0
DA:255,0
DA:257,0
DA:264,0
DA:269,0
DA:270,0
DA:272,0
DA:276,0
DA:277,0
DA:279,0
DA:280,0
DA:287,0
DA:288,0
DA:290,0
DA:308,0
DA:309,0
DA:310,0
DA:311,0
DA:312,0
DA:313,0
DA:314,0
DA:315,0
DA:316,0
DA:322,0
DA:324,0
DA:330,0
DA:336,0
DA:341,0
DA:343,0
DA:356,0
DA:366,0
DA:367,0
DA:369,0
DA:370,0
DA:372,0
DA:373,0
DA:374,0
DA:375,0
DA:376,0
DA:377,0
DA:384,0
DA:392,0
DA:394,0
DA:405,0
DA:410,0
DA:411,0
DA:424,2
LF:119
LH:7
BRDA:39,0,0,0
BRDA:45,1,0,0
BRDA:45,1,1,0
BRDA:46,2,0,0
BRDA:46,2,1,0
BRDA:47,3,0,0
BRDA:47,3,1,0
BRDA:69,4,0,0
BRDA:69,4,1,0
BRDA:69,5,0,0
BRDA:69,5,1,0
BRDA:88,6,0,0
BRDA:88,6,1,0
BRDA:89,7,0,0
BRDA:89,7,1,0
BRDA:109,8,0,0
BRDA:109,8,1,0
BRDA:110,9,0,0
BRDA:110,9,1,0
BRDA:114,10,0,0
BRDA:114,10,1,0
BRDA:114,11,0,0
BRDA:114,11,1,0
BRDA:149,12,0,0
BRDA:156,13,0,0
BRDA:156,13,1,0
BRDA:156,14,0,0
BRDA:156,14,1,0
BRDA:161,15,0,0
BRDA:161,15,1,0
BRDA:162,16,0,0
BRDA:162,16,1,0
BRDA:164,17,0,0
BRDA:164,17,1,0
BRDA:166,18,0,0
BRDA:166,18,1,0
BRDA:166,19,0,0
BRDA:166,19,1,0
BRDA:175,20,0,0
BRDA:175,20,1,0
BRDA:186,21,0,0
BRDA:186,21,1,0
BRDA:198,22,0,0
BRDA:198,22,1,0
BRDA:230,23,0,0
BRDA:237,24,0,0
BRDA:237,24,1,0
BRDA:237,25,0,0
BRDA:237,25,1,0
BRDA:246,26,0,0
BRDA:246,26,1,0
BRDA:269,27,0,0
BRDA:269,27,1,0
BRDA:269,28,0,0
BRDA:269,28,1,0
BRDA:273,29,0,0
BRDA:273,29,1,0
BRDA:274,30,0,0
BRDA:274,30,1,0
BRDA:276,31,0,0
BRDA:276,31,1,0
BRDA:277,32,0,0
BRDA:277,32,1,0
BRDA:281,33,0,0
BRDA:281,33,1,0
BRDA:282,34,0,0
BRDA:282,34,1,0
BRDA:288,35,0,0
BRDA:288,35,1,0
BRDA:297,36,0,0
BRDA:297,36,1,0
BRDA:303,37,0,0
BRDA:303,37,1,0
BRDA:319,38,0,0
BRDA:319,38,1,0
BRDA:367,39,0,0
BRDA:367,39,1,0
BRDA:372,40,0,0
BRDA:372,40,1,0
BRDA:372,41,0,0
BRDA:372,41,1,0
BRDA:372,41,2,0
BRDA:374,42,0,0
BRDA:374,42,1,0
BRDA:387,43,0,0
BRDA:387,43,1,0
BRDA:388,44,0,0
BRDA:388,44,1,0
BRDA:389,45,0,0
BRDA:389,45,1,0
BRDA:409,46,0,0
BRDA:410,47,0,0
BRDA:410,47,1,0
BRF:93
BRH:0
end_of_record
