TN:
SF:controllers\gdprController.js
FN:9,(anonymous_0)
FN:17,(anonymous_1)
FN:96,(anonymous_2)
FNF:3
FNH:2
FNDA:0,(anonymous_0)
FNDA:3,(anonymous_1)
FNDA:4,(anonymous_2)
DA:1,5
DA:2,5
DA:3,5
DA:4,5
DA:5,5
DA:6,5
DA:7,5
DA:9,5
DA:10,0
DA:17,5
DA:18,3
DA:19,3
DA:21,3
DA:41,3
DA:42,2
DA:44,2
DA:45,1
DA:60,1
DA:72,1
DA:73,1
DA:74,1
DA:78,3
DA:79,3
DA:83,3
DA:85,0
DA:96,5
DA:97,4
DA:98,4
DA:100,4
DA:101,1
DA:104,3
DA:105,3
DA:106,3
DA:107,1
DA:110,2
DA:112,2
DA:113,1
DA:115,1
DA:117,1
DA:130,1
DA:142,1
DA:152,1
DA:157,2
DA:168,2
DA:171,2
DA:174,2
DA:175,2
DA:177,2
DA:181,0
DA:185,5
LF:50
LH:47
BRDA:10,0,0,0
BRDA:10,0,1,0
BRDA:41,1,0,2
BRDA:41,1,1,1
BRDA:44,2,0,1
BRDA:44,2,1,1
BRDA:100,3,0,1
BRDA:100,3,1,3
BRDA:106,4,0,1
BRDA:106,4,1,2
BRDA:112,5,0,1
BRDA:112,5,1,1
BRDA:115,6,0,1
BRDA:115,6,1,0
BRF:14
BRH:11
end_of_record
TN:
SF:middleware\auditMiddleware.js
FN:29,trouverAction
FN:31,(anonymous_1)
FN:38,auditMiddleware
FN:47,(anonymous_3)
FN:52,(anonymous_4)
FN:89,detecterOrigine
FN:96,detecterTypeRessource
FNF:7
FNH:7
FNDA:55,trouverAction
FNDA:486,(anonymous_1)
FNDA:55,auditMiddleware
FNDA:9,(anonymous_3)
FNDA:9,(anonymous_4)
FNDA:9,detecterOrigine
FNDA:9,detecterTypeRessource
DA:5,5
DA:8,5
DA:30,55
DA:31,486
DA:32,55
DA:39,55
DA:40,55
DA:42,9
DA:43,9
DA:46,9
DA:47,9
DA:48,9
DA:49,9
DA:52,9
DA:53,9
DA:83,9
DA:86,9
DA:90,9
DA:91,9
DA:92,9
DA:93,9
DA:97,9
DA:98,9
DA:99,9
DA:100,9
DA:101,9
DA:102,9
DA:103,9
DA:106,5
LF:29
LH:29
BRDA:32,0,0,55
BRDA:32,0,1,46
BRDA:40,1,0,46
BRDA:40,1,1,9
BRDA:58,2,0,9
BRDA:58,2,1,9
BRDA:59,3,0,9
BRDA:59,3,1,9
BRDA:60,4,0,9
BRDA:60,4,1,0
BRDA:60,4,2,0
BRDA:64,5,0,9
BRDA:64,5,1,9
BRDA:64,5,2,9
BRDA:64,5,3,9
BRDA:65,6,0,9
BRDA:65,6,1,9
BRDA:65,6,2,9
BRDA:68,7,0,0
BRDA:68,7,1,9
BRDA:69,8,0,5
BRDA:69,8,1,4
BRDA:69,9,0,5
BRDA:69,9,1,5
BRDA:71,10,0,5
BRDA:71,10,1,4
BRDA:73,11,0,4
BRDA:73,11,1,0
BRDA:76,12,0,5
BRDA:76,12,1,4
BRDA:76,13,0,4
BRDA:76,13,1,0
BRDA:90,14,0,0
BRDA:90,14,1,9
BRDA:91,15,0,0
BRDA:91,15,1,9
BRDA:92,16,0,0
BRDA:92,16,1,9
BRDA:97,17,0,0
BRDA:97,17,1,9
BRDA:98,18,0,0
BRDA:98,18,1,9
BRDA:99,19,0,0
BRDA:99,19,1,9
BRDA:100,20,0,0
BRDA:100,20,1,9
BRDA:101,21,0,0
BRDA:101,21,1,9
BRDA:102,22,0,0
BRDA:102,22,1,9
BRF:50
BRH:36
end_of_record
TN:
SF:middleware\auth.js
FN:5,(anonymous_0)
FN:33,(anonymous_1)
FN:34,(anonymous_2)
FNF:3
FNH:3
FNDA:45,(anonymous_0)
FNDA:145,(anonymous_1)
FNDA:11,(anonymous_2)
DA:1,5
DA:2,5
DA:5,5
DA:8,45
DA:9,37
DA:10,8
DA:11,0
DA:14,45
DA:15,8
DA:18,37
DA:19,37
DA:20,36
DA:22,36
DA:23,0
DA:26,36
DA:28,1
DA:33,5
DA:34,145
DA:35,11
DA:36,4
DA:40,7
DA:44,5
LF:22
LH:20
BRDA:8,0,0,37
BRDA:8,0,1,8
BRDA:10,1,0,0
BRDA:10,1,1,8
BRDA:14,2,0,8
BRDA:14,2,1,37
BRDA:22,3,0,0
BRDA:22,3,1,36
BRDA:22,4,0,36
BRDA:22,4,1,36
BRDA:35,5,0,4
BRDA:35,5,1,7
BRF:12
BRH:10
end_of_record
TN:
SF:middleware\httpLogger.js
FN:12,httpLogger
FN:13,(anonymous_1)
FN:18,(anonymous_2)
FNF:3
FNH:3
FNDA:55,httpLogger
FNDA:109,(anonymous_1)
FNDA:54,(anonymous_2)
DA:7,5
DA:10,5
DA:13,109
DA:15,54
DA:18,54
DA:19,54
DA:20,54
DA:23,54
DA:26,5
LF:9
LH:9
BRDA:13,0,0,1
BRDA:13,0,1,54
BRF:2
BRH:2
end_of_record
TN:
SF:middleware\rateLimiter.js
FN:4,(anonymous_0)
FN:50,(anonymous_1)
FNF:2
FNH:1
FNDA:0,(anonymous_0)
FNDA:55,(anonymous_1)
DA:1,5
DA:4,5
DA:5,0
DA:13,5
DA:24,5
DA:34,5
DA:44,5
DA:50,55
DA:53,5
LF:9
LH:8
BRF:0
BRH:0
end_of_record
TN:
SF:middleware\sanitize.js
FN:7,(anonymous_0)
FN:17,(anonymous_1)
FN:24,sanitizeObject
FNF:3
FNH:2
FNDA:0,(anonymous_0)
FNDA:55,(anonymous_1)
FNDA:163,sanitizeObject
DA:1,5
DA:2,5
DA:5,5
DA:8,0
DA:17,5
DA:18,55
DA:19,55
DA:21,55
DA:25,163
DA:26,73
DA:27,73
DA:28,65
DA:29,65
DA:30,108
DA:32,65
DA:34,8
DA:37,5
LF:17
LH:16
BRDA:18,0,0,55
BRDA:18,0,1,0
BRDA:18,1,0,55
BRDA:18,1,1,55
BRDA:25,2,0,90
BRDA:25,2,1,73
BRDA:26,3,0,0
BRDA:26,3,1,73
BRDA:27,4,0,65
BRDA:27,4,1,8
BRDA:27,5,0,73
BRDA:27,5,1,73
BRF:12
BRH:10
end_of_record
TN:
SF:middleware\validate.js
FN:10,(anonymous_0)
FN:11,(anonymous_1)
FN:19,(anonymous_2)
FNF:3
FNH:3
FNDA:20,(anonymous_0)
FNDA:5,(anonymous_1)
FNDA:8,(anonymous_2)
DA:1,5
DA:10,5
DA:11,20
DA:12,5
DA:18,5
DA:19,8
DA:20,3
DA:27,2
DA:28,2
DA:32,5
LF:10
LH:10
BRDA:10,0,0,20
BRDA:18,1,0,3
BRDA:18,1,1,2
BRF:3
BRH:3
end_of_record
TN:
SF:services\predictionService.js
FN:31,tensionLabel
FN:37,jsJourVersISO
FN:46,predireBesoinsFlotte
FNF:3
FNH:3
FNDA:7,tensionLabel
FNDA:7,jsJourVersISO
FNDA:1,predireBesoinsFlotte
DA:13,5
DA:14,5
DA:16,5
DA:17,5
DA:18,5
DA:20,5
DA:32,7
DA:33,7
DA:34,7
DA:38,7
DA:47,1
DA:48,1
DA:53,1
DA:85,1
DA:86,1
DA:87,7
DA:88,21
DA:91,1
DA:92,0
DA:93,0
DA:94,0
DA:100,1
DA:105,1
DA:106,1
DA:107,0
DA:111,1
DA:112,1
DA:113,1
DA:115,1
DA:116,7
DA:117,7
DA:119,7
DA:120,7
DA:122,7
DA:123,7
DA:125,7
DA:126,21
DA:127,21
DA:129,21
DA:134,21
DA:135,21
DA:138,7
DA:148,1
DA:155,5
LF:44
LH:40
BRDA:32,0,0,0
BRDA:32,0,1,7
BRDA:33,1,0,0
BRDA:33,1,1,7
BRDA:38,2,0,1
BRDA:38,2,1,6
BRDA:46,3,0,0
BRDA:93,4,0,0
BRDA:93,4,1,0
BRDA:93,5,0,0
BRDA:93,5,1,0
BRDA:107,6,0,0
BRDA:107,6,1,0
BRDA:129,7,0,0
BRDA:129,7,1,21
BRDA:131,8,0,0
BRDA:131,8,1,21
BRF:17
BRH:6
end_of_record
TN:
SF:services\tarifService.js
FN:78,arrondir
FN:88,estNuit
FN:98,estDimancheOuFerie
FN:112,parseDateHeure
FN:151,calculerTarif
FN:270,calculerTarifSync
FNF:6
FNH:5
FNDA:132,arrondir
FNDA:8,estNuit
FNDA:7,estDimancheOuFerie
FNDA:3,parseDateHeure
FNDA:0,calculerTarif
FNDA:23,calculerTarifSync
DA:18,6
DA:22,6
DA:41,6
DA:44,6
DA:79,132
DA:89,8
DA:90,8
DA:99,7
DA:101,6
DA:102,6
DA:113,3
DA:114,3
DA:115,2
DA:116,2
DA:118,3
DA:160,0
DA:162,0
DA:163,0
DA:164,0
DA:170,0
DA:171,0
DA:172,0
DA:173,0
DA:175,0
DA:181,0
DA:187,0
DA:188,0
DA:192,0
DA:197,0
DA:198,0
DA:205,0
DA:206,0
DA:207,0
DA:209,0
DA:210,0
DA:211,0
DA:215,0
DA:216,0
DA:217,0
DA:224,0
DA:225,0
DA:226,0
DA:227,0
DA:229,0
DA:231,0
DA:276,23
DA:278,23
DA:279,23
DA:280,3
DA:285,20
DA:286,20
DA:290,20
DA:291,20
DA:292,8
DA:293,8
DA:294,8
DA:297,20
DA:298,20
DA:299,20
DA:300,20
DA:302,20
DA:314,6
LF:62
LH:32
BRDA:90,0,0,8
BRDA:90,0,1,6
BRDA:99,1,0,1
BRDA:99,1,1,6
BRDA:114,2,0,2
BRDA:114,2,1,1
BRDA:114,3,0,3
BRDA:114,3,1,2
BRDA:156,4,0,0
BRDA:159,5,0,0
BRDA:163,6,0,0
BRDA:163,6,1,0
BRDA:175,7,0,0
BRDA:175,7,1,0
BRDA:176,8,0,0
BRDA:176,8,1,0
BRDA:176,8,2,0
BRDA:176,8,3,0
BRDA:192,9,0,0
BRDA:192,9,1,0
BRDA:200,10,0,0
BRDA:200,10,1,0
BRDA:206,11,0,0
BRDA:206,11,1,0
BRDA:206,12,0,0
BRDA:206,12,1,0
BRDA:209,13,0,0
BRDA:209,13,1,0
BRDA:215,14,0,0
BRDA:215,14,1,0
BRDA:270,15,0,10
BRDA:272,16,0,19
BRDA:273,17,0,21
BRDA:274,18,0,15
BRDA:275,19,0,17
BRDA:279,20,0,3
BRDA:279,20,1,20
BRDA:285,21,0,4
BRDA:285,21,1,16
BRDA:291,22,0,8
BRDA:291,22,1,12
BRDA:292,23,0,6
BRDA:292,23,1,2
BRDA:293,24,0,4
BRDA:293,24,1,4
BRF:45
BRH:23
end_of_record
TN:
SF:services\transportStateMachine.js
FN:137,(anonymous_0)
FN:150,(anonymous_1)
FN:165,(anonymous_2)
FN:172,(anonymous_3)
FN:181,(anonymous_4)
FN:184,(anonymous_5)
FN:193,(anonymous_6)
FN:196,(anonymous_7)
FN:203,(anonymous_8)
FN:208,(anonymous_9)
FN:215,(anonymous_10)
FN:300,(anonymous_11)
FN:301,(anonymous_12)
FN:309,(anonymous_13)
FN:332,(anonymous_14)
FNF:15
FNH:14
FNDA:9,(anonymous_0)
FNDA:5,(anonymous_1)
FNDA:5,(anonymous_2)
FNDA:3,(anonymous_3)
FNDA:5,(anonymous_4)
FNDA:0,(anonymous_5)
FNDA:4,(anonymous_6)
FNDA:3,(anonymous_7)
FNDA:62,(anonymous_8)
FNDA:41,(anonymous_9)
FNDA:22,(anonymous_10)
FNDA:6,(anonymous_11)
FNDA:9,(anonymous_12)
FNDA:23,(anonymous_13)
FNDA:21,(anonymous_14)
DA:27,6
DA:50,6
DA:74,6
DA:115,6
DA:135,6
DA:138,9
DA:139,9
DA:140,9
DA:141,9
DA:142,1
DA:143,9
DA:144,1
DA:145,9
DA:151,5
DA:152,5
DA:154,5
DA:158,5
DA:159,2
DA:161,5
DA:166,5
DA:167,5
DA:168,5
DA:173,3
DA:174,3
DA:175,1
DA:176,3
DA:181,5
DA:185,0
DA:186,0
DA:187,0
DA:189,0
DA:193,4
DA:196,3
DA:204,62
DA:205,62
DA:209,41
DA:210,41
DA:211,41
DA:212,34
DA:225,22
DA:228,22
DA:229,2
DA:236,20
DA:237,20
DA:240,20
DA:241,20
DA:242,1
DA:246,19
DA:247,19
DA:253,19
DA:256,3
DA:257,1
DA:259,3
DA:262,1
DA:263,1
DA:267,1
DA:271,2
DA:272,2
DA:275,3
DA:277,3
DA:279,2
DA:281,2
DA:283,0
DA:284,0
DA:285,0
DA:289,19
DA:297,19
DA:301,9
DA:313,23
DA:327,23
DA:328,23
DA:329,19
DA:335,21
DA:339,6
LF:74
LH:67
BRDA:139,0,0,1
BRDA:139,0,1,8
BRDA:140,1,0,1
BRDA:140,1,1,8
BRDA:141,2,0,1
BRDA:141,2,1,8
BRDA:141,3,0,9
BRDA:141,3,1,1
BRDA:143,4,0,1
BRDA:143,4,1,8
BRDA:143,5,0,9
BRDA:143,5,1,1
BRDA:154,6,0,5
BRDA:154,6,1,4
BRDA:154,6,2,4
BRDA:158,7,0,2
BRDA:158,7,1,3
BRDA:158,8,0,5
BRDA:158,8,1,3
BRDA:167,9,0,2
BRDA:167,9,1,3
BRDA:174,10,0,1
BRDA:174,10,1,2
BRDA:186,11,0,0
BRDA:186,11,1,0
BRDA:186,12,0,0
BRDA:186,12,1,0
BRDA:204,13,0,62
BRDA:204,13,1,1
BRDA:210,14,0,41
BRDA:210,14,1,14
BRDA:211,15,0,7
BRDA:211,15,1,34
BRDA:215,16,0,11
BRDA:228,17,0,2
BRDA:228,17,1,20
BRDA:231,18,0,2
BRDA:231,18,1,0
BRDA:236,19,0,0
BRDA:236,19,1,20
BRDA:237,20,0,1
BRDA:237,20,1,19
BRDA:241,21,0,1
BRDA:241,21,1,19
BRDA:249,22,0,19
BRDA:249,22,1,0
BRDA:253,23,0,3
BRDA:253,23,1,1
BRDA:253,23,2,2
BRDA:253,23,3,3
BRDA:253,23,4,2
BRDA:253,23,5,0
BRDA:256,24,0,1
BRDA:256,24,1,2
BRDA:262,25,0,1
BRDA:262,25,1,0
BRDA:271,26,0,1
BRDA:271,26,1,1
BRDA:276,27,0,3
BRDA:276,27,1,1
BRDA:276,27,2,1
BRDA:280,28,0,2
BRDA:280,28,1,1
BRDA:280,28,2,0
BRDA:283,29,0,0
BRDA:283,29,1,0
BRDA:283,29,2,0
BRDA:284,30,0,0
BRDA:284,30,1,0
BRDA:293,31,0,19
BRDA:293,31,1,13
BRDA:294,32,0,19
BRDA:294,32,1,16
BRDA:301,33,0,6
BRDA:301,33,1,0
BRDA:328,34,0,4
BRDA:328,34,1,19
BRF:77
BRH:61
end_of_record
TN:
SF:utils\geoUtils.js
FN:30,_cacheKey
FN:34,_cacheGet
FN:44,_cacheSet
FN:55,haversine
FN:75,calculerRouteOSRM
FN:119,calculerETA
FN:157,calculerETARoutier
FN:188,formatETA
FN:197,calculerConsommation
FN:213,distanceTrajet
FN:237,trierParProximite
FN:239,(anonymous_11)
FN:240,(anonymous_12)
FN:253,(anonymous_13)
FN:259,estDansZone
FNF:15
FNH:14
FNDA:10,_cacheKey
FNDA:10,_cacheGet
FNDA:5,_cacheSet
FNDA:37,haversine
FNDA:10,calculerRouteOSRM
FNDA:18,calculerETA
FNDA:4,calculerETARoutier
FNDA:0,formatETA
FNDA:5,calculerConsommation
FNDA:6,distanceTrajet
FNDA:4,trierParProximite
FNDA:12,(anonymous_11)
FNDA:9,(anonymous_12)
FNDA:12,(anonymous_13)
FNDA:6,estDansZone
DA:19,8
DA:20,8
DA:23,8
DA:24,8
DA:27,8
DA:28,8
DA:31,10
DA:35,10
DA:36,10
DA:37,1
DA:38,0
DA:39,0
DA:41,1
DA:45,5
DA:46,5
DA:47,0
DA:48,0
DA:56,37
DA:57,37
DA:58,37
DA:60,37
DA:64,37
DA:76,10
DA:77,10
DA:78,10
DA:80,9
DA:81,9
DA:82,9
DA:84,6
DA:85,1
DA:88,5
DA:89,5
DA:94,5
DA:95,5
DA:97,4
DA:98,4
DA:100,4
DA:120,18
DA:123,18
DA:124,18
DA:125,18
DA:126,18
DA:127,0
DA:128,0
DA:132,18
DA:134,18
DA:138,18
DA:158,4
DA:162,4
DA:164,3
DA:165,3
DA:168,1
DA:169,1
DA:172,4
DA:189,0
DA:190,0
DA:191,0
DA:198,5
DA:199,5
DA:200,5
DA:201,5
DA:214,6
DA:215,6
DA:218,6
DA:222,6
DA:238,4
DA:239,12
DA:241,9
DA:242,9
DA:243,9
DA:253,12
DA:260,6
DA:263,8
LF:73
LH:64
BRDA:23,0,0,8
BRDA:23,0,1,8
BRDA:36,1,0,9
BRDA:36,1,1,1
BRDA:37,2,0,0
BRDA:37,2,1,1
BRDA:46,3,0,0
BRDA:46,3,1,5
BRDA:78,4,0,1
BRDA:78,4,1,9
BRDA:84,5,0,1
BRDA:84,5,1,5
BRDA:84,6,0,6
BRDA:84,6,1,5
BRDA:125,7,0,18
BRDA:125,7,1,0
BRDA:125,8,0,18
BRDA:125,8,1,18
BRDA:125,8,2,18
BRDA:125,8,3,18
BRDA:127,9,0,0
BRDA:127,9,1,0
BRDA:127,10,0,0
BRDA:127,10,1,0
BRDA:141,11,0,17
BRDA:141,11,1,1
BRDA:162,12,0,3
BRDA:162,12,1,1
BRDA:175,13,0,4
BRDA:175,13,1,0
BRDA:189,14,0,0
BRDA:189,14,1,0
BRDA:190,15,0,0
BRDA:190,15,1,0
BRDA:197,16,0,1
BRDA:198,17,0,5
BRDA:198,17,1,1
BRDA:199,18,0,5
BRDA:199,18,1,1
BRDA:215,19,0,5
BRDA:215,19,1,1
BRDA:218,20,0,5
BRDA:218,20,1,1
BRDA:239,21,0,12
BRDA:239,21,1,9
BRDA:244,22,0,9
BRDA:244,22,1,0
BRDA:260,23,0,6
BRDA:260,23,1,6
BRDA:260,23,2,4
BRDA:260,23,3,4
BRF:51
BRH:38
end_of_record
TN:
SF:utils\healthCheck.js
FN:17,checkMongo
FN:47,checkIA
FN:71,checkMemoire
FN:84,healthHandler
FNF:4
FNH:4
FNDA:1,checkMongo
FNDA:1,checkIA
FNDA:1,checkMemoire
FNDA:1,healthHandler
DA:7,5
DA:8,5
DA:9,5
DA:11,5
DA:12,5
DA:18,1
DA:19,1
DA:26,1
DA:27,0
DA:30,1
DA:32,1
DA:33,1
DA:34,1
DA:40,0
DA:48,1
DA:49,1
DA:50,1
DA:53,0
DA:60,1
DA:72,1
DA:73,1
DA:85,1
DA:87,1
DA:88,1
DA:89,1
DA:92,1
DA:99,1
DA:101,1
DA:119,0
DA:120,0
DA:128,5
LF:31
LH:26
BRDA:11,0,0,5
BRDA:11,0,1,0
BRDA:26,1,0,0
BRDA:26,1,1,1
BRDA:27,2,0,0
BRDA:27,2,1,0
BRDA:54,3,0,0
BRDA:54,3,1,0
BRDA:63,4,0,1
BRDA:63,4,1,0
BRDA:92,5,0,0
BRDA:92,5,1,1
BRDA:92,6,0,1
BRDA:92,6,1,1
BRDA:94,7,0,0
BRDA:94,7,1,1
BRDA:99,8,0,0
BRDA:99,8,1,1
BRDA:99,9,0,1
BRDA:99,9,1,0
BRDA:105,10,0,1
BRDA:105,10,1,0
BRDA:106,11,0,1
BRDA:106,11,1,0
BRF:24
BRH:11
end_of_record
